#
# A fatal error has been detected by the Java Runtime Environment:
#
#  SIGSEGV (0xb) at pc=0x00007f56aed12139, pid=196032, tid=196058
#
# JRE version: OpenJDK Runtime Environment Temurin-17.0.1+12 (17.0.1+12) (build 17.0.1+12)
# Java VM: OpenJDK 64-Bit Server VM Temurin-17.0.1+12 (17.0.1+12, mixed mode, emulated-client, tiered, compressed oops, compressed class ptrs, g1 gc, linux-amd64)
# Problematic frame:
# V  [libjvm.so+0xe9c139]  Symbol::as_C_string() const+0x9
#
# Core dump will be written. Default location: Core dumps may be processed with "/lib/systemd/systemd-coredump %P %u %g %s %t 9223372036854775808 %h" (or dumping to /home/juanb/Documents/workspace-spring-tool-suite-4-4.13.0.RELEASE/projeto-psr-backend/core.196032)
#
# If you would like to submit a bug report, please visit:
#   https://github.com/adoptium/adoptium-support/issues
#

---------------  S U M M A R Y ------------

Command Line: -XX:+ShowCodeDetailsInExceptionMessages -agentlib:jdwp=transport=dt_socket,suspend=y,address=localhost:34805 -Dcom.sun.management.jmxremote -Dcom.sun.management.jmxremote.port=43609 -Dcom.sun.management.jmxremote.authenticate=false -Dcom.sun.management.jmxremote.ssl=false -Djava.rmi.server.hostname=localhost -Dspring.jmx.enabled=true -Dspring.application.admin.enabled=true -Djava.security.egd=file:/dev/./urandom -XX:TieredStopAtLevel=1 -Dspring.boot.project.name=projeto-psr-backend -javaagent:/home/juanb/Downloads/sts-4.13.0.RELEASE/configuration/org.eclipse.osgi/703/0/.cp/lib/javaagent-shaded.jar -Dfile.encoding=UTF-8 br.ufs.dcomp.projetopsr.AIproject.ScheduleCSPDemo --spring.output.ansi.enabled=always

Host: Intel(R) Core(TM) i5-8250U CPU @ 1.60GHz, 8 cores, 15G, Linux Mint 20.3 Una
Time: Wed Jul 20 10:30:30 2022 -03 elapsed time: 84.611802 seconds (0d 0h 1m 24s)

---------------  T H R E A D  ---------------

Current thread (0x00007f56a830a5e0):  JavaThread "JDWP Transport Listener: dt_socket" daemon [_thread_in_vm, id=196058, stack(0x00007f568847c000,0x00007f568857d000)]

Stack: [0x00007f568847c000,0x00007f568857d000],  sp=0x00007f568857b9a0,  free space=1022k
Native frames: (J=compiled Java code, j=interpreted, Vv=VM code, C=native code)
V  [libjvm.so+0xe9c139]  Symbol::as_C_string() const+0x9
V  [libjvm.so+0xa1c9a4]  JvmtiEnv::GetClassSignature(oopDesc*, char**, char**)+0x114
V  [libjvm.so+0x9d2189]  jvmti_GetClassSignature+0x1d9
C  [libjdwp.so+0x2c2df]  classSignature+0x3f
C  [libjdwp.so+0x7938]  signatureWithGeneric+0x68
C  [libjdwp.so+0x12ec5]  debugLoop_run+0x1f5
C  [libjdwp.so+0x26123]  attachThread+0x33
V  [libjvm.so+0xa38ec5]  JvmtiAgentThread::start_function_wrapper(JavaThread*, JavaThread*)+0x85
V  [libjvm.so+0xefe6f0]  JavaThread::thread_main_inner()+0x180
V  [libjvm.so+0xf01b62]  Thread::call_run()+0xe2
V  [libjvm.so+0xc3ccd1]  thread_native_entry(Thread*)+0xe1


siginfo: si_signo: 11 (SIGSEGV), si_code: 1 (SEGV_MAPERR), si_addr: 0x0000000001c10023

Register to memory mapping:

RAX=0x00000000000001c0 is an unknown value
RBX=0x00007f5654002540 points into unknown readable memory: 0x0000000000000000 | 00 00 00 00 00 00 00 00
RCX=0x00007f564b976c08 is pointing into metadata
RDX=0x0000000000000013 is an unknown value
RSP=0x00007f568857b9a0 is pointing into the stack for thread: 0x00007f56a830a5e0
RBP=0x00007f568857b9b0 is pointing into the stack for thread: 0x00007f56a830a5e0
RSI=0x0 is NULL
RDI=0x0000000001c1001f is an unknown value
R8 =0x00007f56440040a0 points into unknown readable memory: 0x2f7366752f72624c | 4c 62 72 2f 75 66 73 2f
R9 =0x0000000000000033 is an unknown value
R10=0x0000000000000031 is an unknown value
R11=0x00007f5654002550 points into unknown readable memory: 0x642f7366752f7262 | 62 72 2f 75 66 73 2f 64
R12=0x0000000800110f58 is a pointer to class: 
br.ufs.dcomp.projetopsr.AIproject.csp.ScheduleCSP {0x0000000800110f58}
 - instance size:     5
 - klass size:        78
 - access:            public synchronized 
 - state:             being_initialized
 - name:              'br/ufs/dcomp/projetopsr/AIproject/csp/ScheduleCSP'
 - super:             'aima/core/search/csp/CSP'
 - sub:               
 - arrays:            NULL
 - methods:           Array<T>(0x00007f564b96fd00)
 - method ordering:   Array<T>(0x00007f564b974750)
 - default_methods:   Array<T>(0x0000000000000000)
 - local interfaces:  Array<T>(0x00007f5689800058)
 - trans. interfaces: Array<T>(0x00007f564b93e718)
 - constants:         constant pool [482]/operands[21] {0x00007f564b976c08} for 'br/ufs/dcomp/projetopsr/AIproject/csp/ScheduleCSP' cache=0x00007f564b978000
 - class loader data:  loader data: 0x00007f56a82c8c70 for instance a 'jdk/internal/loader/ClassLoaders$AppClassLoader'{0x0000000715835558}
 - source file:       'ScheduleCSP.java'
 - source debug extension:       SMAP
ScheduleCSP.java
Java
*S jdt
*F
1 ScheduleCSP.java
2 file:/home/juanb/Documents/workspace-spring-tool-suite-4-4.13.0.RELEASE/projeto-psr-backend/target/classes/
*L
*E

 - class annotations:       Array<T>(0x0000000000000000)
 - class type annotations:  Array<T>(0x0000000000000000)
 - field annotations:       Array<T>(0x0000000000000000)
 - field type annotations:  Array<T>(0x0000000000000000)
 - previous version:  constant pool [479]/operands[21] {0x00007f564b940000} for 'br/ufs/dcomp/projetopsr/AIproject/csp/ScheduleCSP' (extra) cache=0x00007f564b95c320
 - generic signature: '
[error occurred during error reporting (printing register info), id 0xb, SIGSEGV (0xb) at pc=0x00007f56aed13888]

Registers:
RAX=0x00000000000001c0, RBX=0x00007f5654002540, RCX=0x00007f564b976c08, RDX=0x0000000000000013
RSP=0x00007f568857b9a0, RBP=0x00007f568857b9b0, RSI=0x0000000000000000, RDI=0x0000000001c1001f
R8 =0x00007f56440040a0, R9 =0x0000000000000033, R10=0x0000000000000031, R11=0x00007f5654002550
R12=0x0000000800110f58, R13=0x00007f568857bae8, R14=0x0000000800110f58, R15=0x00007f56a830a420
RIP=0x00007f56aed12139, EFLAGS=0x0000000000010246, CSGSFS=0x002b000000000033, ERR=0x0000000000000004
  TRAPNO=0x000000000000000e

Top of Stack: (sp=0x00007f568857b9a0)
0x00007f568857b9a0:   00007f5654002540 0000000800110f58
0x00007f568857b9b0:   00007f568857ba20 00007f56ae8929a4
0x00007f568857b9c0:   00007f5654002590 00000000000003d8
0x00007f568857b9d0:   00007f56a801a0a0 00007f5654002928 

Instructions: (pc=0x00007f56aed12139)
0x00007f56aed12039:   41 0f 11 04 09 48 83 c1 10 41 39 fb 77 e9 89 d9
0x00007f56aed12049:   83 e1 f0 01 ca 39 cb 48 63 d2 74 13 0f 1f 00 41
0x00007f56aed12059:   0f b6 0c 10 88 0c 10 48 83 c2 01 39 d6 7f f0 48
0x00007f56aed12069:   63 f6 5b c6 04 30 00 5d c3 66 0f 1f 44 00 00 ba
0x00007f56aed12079:   02 00 00 00 eb 91 90 ba 05 00 00 00 eb 89 ba 0d
0x00007f56aed12089:   00 00 00 eb 82 66 90 31 d2 48 63 d2 0f 1f 00 41
0x00007f56aed12099:   0f b6 0c 10 88 0c 10 48 83 c2 01 39 d6 7f f0 e9
0x00007f56aed120a9:   44 ff ff ff 0f 1f 00 ba 03 00 00 00 e9 56 ff ff
0x00007f56aed120b9:   ff 66 0f 1f 44 00 00 ba 04 00 00 00 e9 46 ff ff
0x00007f56aed120c9:   ff 66 0f 1f 44 00 00 ba 06 00 00 00 e9 36 ff ff
0x00007f56aed120d9:   ff 31 d2 e9 2f ff ff ff ba 07 00 00 00 e9 25 ff
0x00007f56aed120e9:   ff ff ba 08 00 00 00 e9 1b ff ff ff ba 09 00 00
0x00007f56aed120f9:   00 e9 11 ff ff ff ba 0a 00 00 00 e9 07 ff ff ff
0x00007f56aed12109:   ba 0b 00 00 00 e9 fd fe ff ff ba 0c 00 00 00 e9
0x00007f56aed12119:   f3 fe ff ff ba 0e 00 00 00 e9 e9 fe ff ff 90 0f
0x00007f56aed12129:   1f 84 00 00 00 00 00 55 31 f6 48 89 e5 41 54 53
0x00007f56aed12139:   44 0f b7 67 04 48 89 fb 41 8d 7c 24 01 48 63 ff
0x00007f56aed12149:   e8 a2 8d e4 ff 0f b7 73 04 44 39 e6 49 0f 4f f4
0x00007f56aed12159:   85 f6 0f 84 8f 01 00 00 48 8d 50 10 4c 8d 43 06
0x00007f56aed12169:   49 39 d0 48 8d 53 16 0f 93 c1 48 39 d0 0f 93 c2
0x00007f56aed12179:   08 d1 0f 84 8f 01 00 00 83 fe 14 0f 86 86 01 00
0x00007f56aed12189:   00 4c 89 c1 8d 7e ff 48 f7 d9 83 e1 0f 8d 51 0f
0x00007f56aed12199:   39 d7 0f 82 af 01 00 00 85 c9 0f 84 eb 01 00 00
0x00007f56aed121a9:   0f b6 53 06 83 f9 01 88 10 0f 84 48 01 00 00 0f
0x00007f56aed121b9:   b6 53 07 83 f9 02 88 50 01 0f 84 78 01 00 00 0f
0x00007f56aed121c9:   b6 53 08 83 f9 03 88 50 02 0f 84 80 01 00 00 0f
0x00007f56aed121d9:   b6 53 09 83 f9 04 88 50 03 0f 84 80 01 00 00 0f
0x00007f56aed121e9:   b6 53 0a 83 f9 05 88 50 04 0f 84 88 01 00 00 0f
0x00007f56aed121f9:   b6 53 0b 83 f9 06 88 50 05 0f 84 82 01 00 00 0f
0x00007f56aed12209:   b6 53 0c 83 f9 07 88 50 06 0f 84 5a 01 00 00 0f
0x00007f56aed12219:   b6 53 0d 83 f9 08 88 50 07 0f 84 73 01 00 00 0f
0x00007f56aed12229:   b6 53 0e 83 f9 09 88 50 08 0f 84 6d 01 00 00 0f 


Stack slot to memory mapping:
stack at sp + 0 slots: 0x00007f5654002540 points into unknown readable memory: 0x0000000000000000 | 00 00 00 00 00 00 00 00
stack at sp + 1 slots: 0x0000000800110f58 is a pointer to class: 
br.ufs.dcomp.projetopsr.AIproject.csp.ScheduleCSP {0x0000000800110f58}
 - instance size:     5
 - klass size:        78
 - access:            public synchronized 
 - state:             being_initialized
 - name:              'br/ufs/dcomp/projetopsr/AIproject/csp/ScheduleCSP'
 - super:             'aima/core/search/csp/CSP'
 - sub:               
 - arrays:            NULL
 - methods:           Array<T>(0x00007f564b96fd00)
 - method ordering:   Array<T>(0x00007f564b974750)
 - default_methods:   Array<T>(0x0000000000000000)
 - local interfaces:  Array<T>(0x00007f5689800058)
 - trans. interfaces: Array<T>(0x00007f564b93e718)
 - constants:         constant pool [482]/operands[21] {0x00007f564b976c08} for 'br/ufs/dcomp/projetopsr/AIproject/csp/ScheduleCSP' cache=0x00007f564b978000
 - class loader data:  loader data: 0x00007f56a82c8c70 for instance a 'jdk/internal/loader/ClassLoaders$AppClassLoader'{0x0000000715835558}
 - source file:       'ScheduleCSP.java'
 - source debug extension:       SMAP
ScheduleCSP.java
Java
*S jdt
*F
1 ScheduleCSP.java
2 file:/home/juanb/Documents/workspace-spring-tool-suite-4-4.13.0.RELEASE/projeto-psr-backend/target/classes/
*L
*E

 - class annotations:       Array<T>(0x0000000000000000)
 - class type annotations:  Array<T>(0x0000000000000000)
 - field annotations:       Array<T>(0x0000000000000000)
 - field type annotations:  Array<T>(0x0000000000000000)
 - previous version:  constant pool [479]/operands[21] {0x00007f564b940000} for 'br/ufs/dcomp/projetopsr/AIproject/csp/ScheduleCSP' (extra) cache=0x00007f564b95c320
 - generic signature: '
[error occurred during error reporting (inspecting top of stack), id 0xb, SIGSEGV (0xb) at pc=0x00007f56aed13888]


---------------  P R O C E S S  ---------------

Threads class SMR info:
_java_thread_list=0x00007f565404f430, length=21, elements={
0x00007f56a802a060, 0x00007f56a81d66b0, 0x00007f56a81d7d00, 0x00007f56a81fdd70,
0x00007f56a81ff120, 0x00007f56a8200530, 0x00007f56a8201aa0, 0x00007f56a8202eb0,
0x00007f56a82bd090, 0x00007f56a830a5e0, 0x00007f56a831de00, 0x00007f564c000fb0,
0x00007f56a89368c0, 0x00007f56a8a020c0, 0x00007f56a8a0b310, 0x00007f56a8a17f40,
0x00007f563c001f70, 0x00007f5638002260, 0x00007f560800fa80, 0x00007f560c00f060,
0x00007f566c000d30
}

Java Threads: ( => current thread )
  0x00007f56a802a060 JavaThread "main" [_thread_blocked, id=196038, stack(0x00007f56adc1c000,0x00007f56add1d000)]
  0x00007f56a81d66b0 JavaThread "Reference Handler" daemon [_thread_blocked, id=196046, stack(0x00007f56895fd000,0x00007f56896fe000)]
  0x00007f56a81d7d00 JavaThread "Finalizer" daemon [_thread_blocked, id=196047, stack(0x00007f56894fc000,0x00007f56895fd000)]
  0x00007f56a81fdd70 JavaThread "Signal Dispatcher" daemon [_thread_blocked, id=196048, stack(0x00007f5688e8a000,0x00007f5688f8b000)]
  0x00007f56a81ff120 JavaThread "Service Thread" daemon [_thread_blocked, id=196049, stack(0x00007f5688d89000,0x00007f5688e8a000)]
  0x00007f56a8200530 JavaThread "Monitor Deflation Thread" daemon [_thread_blocked, id=196050, stack(0x00007f5688c88000,0x00007f5688d89000)]
  0x00007f56a8201aa0 JavaThread "C1 CompilerThread0" daemon [_thread_blocked, id=196051, stack(0x00007f5688b87000,0x00007f5688c88000)]
  0x00007f56a8202eb0 JavaThread "Sweeper thread" daemon [_thread_blocked, id=196052, stack(0x00007f5688a86000,0x00007f5688b87000)]
  0x00007f56a82bd090 JavaThread "Common-Cleaner" daemon [_thread_blocked, id=196053, stack(0x00007f5688985000,0x00007f5688a86000)]
=>0x00007f56a830a5e0 JavaThread "JDWP Transport Listener: dt_socket" daemon [_thread_in_vm, id=196058, stack(0x00007f568847c000,0x00007f568857d000)]
  0x00007f56a831de00 JavaThread "JDWP Event Helper Thread" daemon [_thread_blocked, id=196061, stack(0x00007f568837b000,0x00007f568847c000)]
  0x00007f564c000fb0 JavaThread "JDWP Command Reader" daemon [_thread_in_native, id=196062, stack(0x00007f568827a000,0x00007f568837b000)]
  0x00007f56a89368c0 JavaThread "Notification Thread" daemon [_thread_blocked, id=196065, stack(0x00007f564bce9000,0x00007f564bdea000)]
  0x00007f56a8a020c0 JavaThread "RMI TCP Accept-0" daemon [_thread_in_native, id=196067, stack(0x00007f564acf0000,0x00007f564adf1000)]
  0x00007f56a8a0b310 JavaThread "RMI TCP Accept-43609" daemon [_thread_in_native, id=196068, stack(0x00007f564abef000,0x00007f564acf0000)]
  0x00007f56a8a17f40 JavaThread "RMI TCP Accept-0" daemon [_thread_in_native, id=196070, stack(0x00007f564aaee000,0x00007f564abef000)]
  0x00007f563c001f70 JavaThread "RMI TCP Connection(idle)" daemon [_thread_blocked, id=196083, stack(0x00007f5649ecc000,0x00007f5649fcd000)]
  0x00007f5638002260 JavaThread "RMI TCP Connection(2)-127.0.0.1" daemon [_thread_in_native, id=196086, stack(0x00007f5649dcb000,0x00007f5649ecc000)]
  0x00007f560800fa80 JavaThread "RMI Scheduler(0)" daemon [_thread_blocked, id=196087, stack(0x00007f5649cca000,0x00007f5649dcb000)]
  0x00007f560c00f060 JavaThread "JMX server connection timeout 24" daemon [_thread_blocked, id=196088, stack(0x00007f5649bc9000,0x00007f5649cca000)]
  0x00007f566c000d30 JavaThread "Attach Listener" daemon [_thread_blocked, id=196116, stack(0x00007f5688783000,0x00007f5688884000)]

Other Threads:
  0x00007f56a81871a0 VMThread "VM Thread" [stack: 0x00007f5689700000,0x00007f5689800000] [id=196045]
  0x00007f56a89b10a0 WatcherThread [stack: 0x00007f564a9ee000,0x00007f564aaee000] [id=196071]
  0x00007f56a8078bd0 GCTaskThread "GC Thread#0" [stack: 0x00007f56ac1de000,0x00007f56ac2de000] [id=196040]
  0x00007f5680005f50 GCTaskThread "GC Thread#1" [stack: 0x00007f564a6dd000,0x00007f564a7dd000] [id=196073]
  0x00007f5680006980 GCTaskThread "GC Thread#2" [stack: 0x00007f564a5db000,0x00007f564a6db000] [id=196074]
  0x00007f56800073b0 GCTaskThread "GC Thread#3" [stack: 0x00007f564a4d9000,0x00007f564a5d9000] [id=196075]
  0x00007f5680007de0 GCTaskThread "GC Thread#4" [stack: 0x00007f564a3d7000,0x00007f564a4d7000] [id=196076]
  0x00007f5680008c00 GCTaskThread "GC Thread#5" [stack: 0x00007f564a2d5000,0x00007f564a3d5000] [id=196077]
  0x00007f568000f1f0 GCTaskThread "GC Thread#6" [stack: 0x00007f564a1d3000,0x00007f564a2d3000] [id=196078]
  0x00007f5680010010 GCTaskThread "GC Thread#7" [stack: 0x00007f564a0d1000,0x00007f564a1d1000] [id=196079]
  0x00007f56a8089a60 ConcurrentGCThread "G1 Main Marker" [stack: 0x00007f56ac0dc000,0x00007f56ac1dc000] [id=196041]
  0x00007f56a808a9c0 ConcurrentGCThread "G1 Conc#0" [stack: 0x00007f5698cdf000,0x00007f5698ddf000] [id=196042]
  0x00007f56a813f5f0 ConcurrentGCThread "G1 Refine#0" [stack: 0x00007f56983d5000,0x00007f56984d5000] [id=196043]
  0x00007f5684000d30 ConcurrentGCThread "G1 Refine#1" [stack: 0x00007f5649fcf000,0x00007f564a0cf000] [id=196080]
  0x00007f56a81404e0 ConcurrentGCThread "G1 Service" [stack: 0x00007f56982d3000,0x00007f56983d3000] [id=196044]

Threads with active compile tasks:

VM state: not at safepoint (normal execution)

VM Mutex/Monitor currently owned by a thread: None

Heap address: 0x0000000707600000, size: 3978 MB, Compressed Oops mode: Zero based, Oop shift amount: 3

CDS archive(s) not mapped
Compressed class space mapped at: 0x0000000800000000-0x0000000840000000, reserved size: 1073741824
Narrow klass base: 0x0000000800000000, Narrow klass shift: 0, Narrow klass range: 0x40000000

GC Precious Log:
 CPUs: 8 total, 8 available
 Memory: 15905M
 Large Page Support: Disabled
 NUMA Support: Disabled
 Compressed Oops: Enabled (Zero based)
 Heap Region Size: 2M
 Heap Min Capacity: 8M
 Heap Initial Capacity: 250M
 Heap Max Capacity: 3978M
 Pre-touch: Disabled
 Parallel Workers: 8
 Concurrent Workers: 2
 Concurrent Refinement Workers: 8
 Periodic GC: Disabled

Heap:
 garbage-first heap   total 256000K, used 13500K [0x0000000707600000, 0x0000000800000000)
  region size 2048K, 6 young (12288K), 2 survivors (4096K)
 Metaspace       used 15774K, committed 16000K, reserved 1064960K
  class space    used 1630K, committed 1728K, reserved 1048576K

Heap Regions: E=young(eden), S=young(survivor), O=old, HS=humongous(starts), HC=humongous(continues), CS=collection set, F=free, OA=open archive, CA=closed archive, TAMS=top-at-mark-start (previous, next)
|   0|0x0000000707600000, 0x0000000707800000, 0x0000000707800000|100%| O|  |TAMS 0x0000000707600000, 0x0000000707600000| Untracked 
|   1|0x0000000707800000, 0x000000070792f200, 0x0000000707a00000| 59%| O|  |TAMS 0x0000000707800000, 0x0000000707800000| Untracked 
|   2|0x0000000707a00000, 0x0000000707a00000, 0x0000000707c00000|  0%| F|  |TAMS 0x0000000707a00000, 0x0000000707a00000| Untracked 
|   3|0x0000000707c00000, 0x0000000707c00000, 0x0000000707e00000|  0%| F|  |TAMS 0x0000000707c00000, 0x0000000707c00000| Untracked 
|   4|0x0000000707e00000, 0x0000000707e00000, 0x0000000708000000|  0%| F|  |TAMS 0x0000000707e00000, 0x0000000707e00000| Untracked 
|   5|0x0000000708000000, 0x0000000708000000, 0x0000000708200000|  0%| F|  |TAMS 0x0000000708000000, 0x0000000708000000| Untracked 
|   6|0x0000000708200000, 0x0000000708200000, 0x0000000708400000|  0%| F|  |TAMS 0x0000000708200000, 0x0000000708200000| Untracked 
|   7|0x0000000708400000, 0x0000000708400000, 0x0000000708600000|  0%| F|  |TAMS 0x0000000708400000, 0x0000000708400000| Untracked 
|   8|0x0000000708600000, 0x0000000708600000, 0x0000000708800000|  0%| F|  |TAMS 0x0000000708600000, 0x0000000708600000| Untracked 
|   9|0x0000000708800000, 0x0000000708800000, 0x0000000708a00000|  0%| F|  |TAMS 0x0000000708800000, 0x0000000708800000| Untracked 
|  10|0x0000000708a00000, 0x0000000708a00000, 0x0000000708c00000|  0%| F|  |TAMS 0x0000000708a00000, 0x0000000708a00000| Untracked 
|  11|0x0000000708c00000, 0x0000000708c00000, 0x0000000708e00000|  0%| F|  |TAMS 0x0000000708c00000, 0x0000000708c00000| Untracked 
|  12|0x0000000708e00000, 0x0000000708e00000, 0x0000000709000000|  0%| F|  |TAMS 0x0000000708e00000, 0x0000000708e00000| Untracked 
|  13|0x0000000709000000, 0x0000000709000000, 0x0000000709200000|  0%| F|  |TAMS 0x0000000709000000, 0x0000000709000000| Untracked 
|  14|0x0000000709200000, 0x0000000709200000, 0x0000000709400000|  0%| F|  |TAMS 0x0000000709200000, 0x0000000709200000| Untracked 
|  15|0x0000000709400000, 0x0000000709400000, 0x0000000709600000|  0%| F|  |TAMS 0x0000000709400000, 0x0000000709400000| Untracked 
|  16|0x0000000709600000, 0x0000000709600000, 0x0000000709800000|  0%| F|  |TAMS 0x0000000709600000, 0x0000000709600000| Untracked 
|  17|0x0000000709800000, 0x0000000709800000, 0x0000000709a00000|  0%| F|  |TAMS 0x0000000709800000, 0x0000000709800000| Untracked 
|  18|0x0000000709a00000, 0x0000000709a00000, 0x0000000709c00000|  0%| F|  |TAMS 0x0000000709a00000, 0x0000000709a00000| Untracked 
|  19|0x0000000709c00000, 0x0000000709c00000, 0x0000000709e00000|  0%| F|  |TAMS 0x0000000709c00000, 0x0000000709c00000| Untracked 
|  20|0x0000000709e00000, 0x0000000709e00000, 0x000000070a000000|  0%| F|  |TAMS 0x0000000709e00000, 0x0000000709e00000| Untracked 
|  21|0x000000070a000000, 0x000000070a000000, 0x000000070a200000|  0%| F|  |TAMS 0x000000070a000000, 0x000000070a000000| Untracked 
|  22|0x000000070a200000, 0x000000070a200000, 0x000000070a400000|  0%| F|  |TAMS 0x000000070a200000, 0x000000070a200000| Untracked 
|  23|0x000000070a400000, 0x000000070a400000, 0x000000070a600000|  0%| F|  |TAMS 0x000000070a400000, 0x000000070a400000| Untracked 
|  24|0x000000070a600000, 0x000000070a600000, 0x000000070a800000|  0%| F|  |TAMS 0x000000070a600000, 0x000000070a600000| Untracked 
|  25|0x000000070a800000, 0x000000070a800000, 0x000000070aa00000|  0%| F|  |TAMS 0x000000070a800000, 0x000000070a800000| Untracked 
|  26|0x000000070aa00000, 0x000000070aa00000, 0x000000070ac00000|  0%| F|  |TAMS 0x000000070aa00000, 0x000000070aa00000| Untracked 
|  27|0x000000070ac00000, 0x000000070ac00000, 0x000000070ae00000|  0%| F|  |TAMS 0x000000070ac00000, 0x000000070ac00000| Untracked 
|  28|0x000000070ae00000, 0x000000070ae00000, 0x000000070b000000|  0%| F|  |TAMS 0x000000070ae00000, 0x000000070ae00000| Untracked 
|  29|0x000000070b000000, 0x000000070b000000, 0x000000070b200000|  0%| F|  |TAMS 0x000000070b000000, 0x000000070b000000| Untracked 
|  30|0x000000070b200000, 0x000000070b200000, 0x000000070b400000|  0%| F|  |TAMS 0x000000070b200000, 0x000000070b200000| Untracked 
|  31|0x000000070b400000, 0x000000070b400000, 0x000000070b600000|  0%| F|  |TAMS 0x000000070b400000, 0x000000070b400000| Untracked 
|  32|0x000000070b600000, 0x000000070b600000, 0x000000070b800000|  0%| F|  |TAMS 0x000000070b600000, 0x000000070b600000| Untracked 
|  33|0x000000070b800000, 0x000000070b800000, 0x000000070ba00000|  0%| F|  |TAMS 0x000000070b800000, 0x000000070b800000| Untracked 
|  34|0x000000070ba00000, 0x000000070ba00000, 0x000000070bc00000|  0%| F|  |TAMS 0x000000070ba00000, 0x000000070ba00000| Untracked 
|  35|0x000000070bc00000, 0x000000070bc00000, 0x000000070be00000|  0%| F|  |TAMS 0x000000070bc00000, 0x000000070bc00000| Untracked 
|  36|0x000000070be00000, 0x000000070be00000, 0x000000070c000000|  0%| F|  |TAMS 0x000000070be00000, 0x000000070be00000| Untracked 
|  37|0x000000070c000000, 0x000000070c000000, 0x000000070c200000|  0%| F|  |TAMS 0x000000070c000000, 0x000000070c000000| Untracked 
|  38|0x000000070c200000, 0x000000070c200000, 0x000000070c400000|  0%| F|  |TAMS 0x000000070c200000, 0x000000070c200000| Untracked 
|  39|0x000000070c400000, 0x000000070c400000, 0x000000070c600000|  0%| F|  |TAMS 0x000000070c400000, 0x000000070c400000| Untracked 
|  40|0x000000070c600000, 0x000000070c600000, 0x000000070c800000|  0%| F|  |TAMS 0x000000070c600000, 0x000000070c600000| Untracked 
|  41|0x000000070c800000, 0x000000070c800000, 0x000000070ca00000|  0%| F|  |TAMS 0x000000070c800000, 0x000000070c800000| Untracked 
|  42|0x000000070ca00000, 0x000000070ca00000, 0x000000070cc00000|  0%| F|  |TAMS 0x000000070ca00000, 0x000000070ca00000| Untracked 
|  43|0x000000070cc00000, 0x000000070cc00000, 0x000000070ce00000|  0%| F|  |TAMS 0x000000070cc00000, 0x000000070cc00000| Untracked 
|  44|0x000000070ce00000, 0x000000070ce00000, 0x000000070d000000|  0%| F|  |TAMS 0x000000070ce00000, 0x000000070ce00000| Untracked 
|  45|0x000000070d000000, 0x000000070d000000, 0x000000070d200000|  0%| F|  |TAMS 0x000000070d000000, 0x000000070d000000| Untracked 
|  46|0x000000070d200000, 0x000000070d200000, 0x000000070d400000|  0%| F|  |TAMS 0x000000070d200000, 0x000000070d200000| Untracked 
|  47|0x000000070d400000, 0x000000070d400000, 0x000000070d600000|  0%| F|  |TAMS 0x000000070d400000, 0x000000070d400000| Untracked 
|  48|0x000000070d600000, 0x000000070d600000, 0x000000070d800000|  0%| F|  |TAMS 0x000000070d600000, 0x000000070d600000| Untracked 
|  49|0x000000070d800000, 0x000000070d800000, 0x000000070da00000|  0%| F|  |TAMS 0x000000070d800000, 0x000000070d800000| Untracked 
|  50|0x000000070da00000, 0x000000070da00000, 0x000000070dc00000|  0%| F|  |TAMS 0x000000070da00000, 0x000000070da00000| Untracked 
|  51|0x000000070dc00000, 0x000000070dc00000, 0x000000070de00000|  0%| F|  |TAMS 0x000000070dc00000, 0x000000070dc00000| Untracked 
|  52|0x000000070de00000, 0x000000070de00000, 0x000000070e000000|  0%| F|  |TAMS 0x000000070de00000, 0x000000070de00000| Untracked 
|  53|0x000000070e000000, 0x000000070e000000, 0x000000070e200000|  0%| F|  |TAMS 0x000000070e000000, 0x000000070e000000| Untracked 
|  54|0x000000070e200000, 0x000000070e200000, 0x000000070e400000|  0%| F|  |TAMS 0x000000070e200000, 0x000000070e200000| Untracked 
|  55|0x000000070e400000, 0x000000070e400000, 0x000000070e600000|  0%| F|  |TAMS 0x000000070e400000, 0x000000070e400000| Untracked 
|  56|0x000000070e600000, 0x000000070e600000, 0x000000070e800000|  0%| F|  |TAMS 0x000000070e600000, 0x000000070e600000| Untracked 
|  57|0x000000070e800000, 0x000000070e800000, 0x000000070ea00000|  0%| F|  |TAMS 0x000000070e800000, 0x000000070e800000| Untracked 
|  58|0x000000070ea00000, 0x000000070ea00000, 0x000000070ec00000|  0%| F|  |TAMS 0x000000070ea00000, 0x000000070ea00000| Untracked 
|  59|0x000000070ec00000, 0x000000070ec00000, 0x000000070ee00000|  0%| F|  |TAMS 0x000000070ec00000, 0x000000070ec00000| Untracked 
|  60|0x000000070ee00000, 0x000000070ee00000, 0x000000070f000000|  0%| F|  |TAMS 0x000000070ee00000, 0x000000070ee00000| Untracked 
|  61|0x000000070f000000, 0x000000070f000000, 0x000000070f200000|  0%| F|  |TAMS 0x000000070f000000, 0x000000070f000000| Untracked 
|  62|0x000000070f200000, 0x000000070f200000, 0x000000070f400000|  0%| F|  |TAMS 0x000000070f200000, 0x000000070f200000| Untracked 
|  63|0x000000070f400000, 0x000000070f400000, 0x000000070f600000|  0%| F|  |TAMS 0x000000070f400000, 0x000000070f400000| Untracked 
|  64|0x000000070f600000, 0x000000070f600000, 0x000000070f800000|  0%| F|  |TAMS 0x000000070f600000, 0x000000070f600000| Untracked 
|  65|0x000000070f800000, 0x000000070f800000, 0x000000070fa00000|  0%| F|  |TAMS 0x000000070f800000, 0x000000070f800000| Untracked 
|  66|0x000000070fa00000, 0x000000070fa00000, 0x000000070fc00000|  0%| F|  |TAMS 0x000000070fa00000, 0x000000070fa00000| Untracked 
|  67|0x000000070fc00000, 0x000000070fc00000, 0x000000070fe00000|  0%| F|  |TAMS 0x000000070fc00000, 0x000000070fc00000| Untracked 
|  68|0x000000070fe00000, 0x000000070fe00000, 0x0000000710000000|  0%| F|  |TAMS 0x000000070fe00000, 0x000000070fe00000| Untracked 
|  69|0x0000000710000000, 0x0000000710000000, 0x0000000710200000|  0%| F|  |TAMS 0x0000000710000000, 0x0000000710000000| Untracked 
|  70|0x0000000710200000, 0x0000000710200000, 0x0000000710400000|  0%| F|  |TAMS 0x0000000710200000, 0x0000000710200000| Untracked 
|  71|0x0000000710400000, 0x0000000710400000, 0x0000000710600000|  0%| F|  |TAMS 0x0000000710400000, 0x0000000710400000| Untracked 
|  72|0x0000000710600000, 0x0000000710600000, 0x0000000710800000|  0%| F|  |TAMS 0x0000000710600000, 0x0000000710600000| Untracked 
|  73|0x0000000710800000, 0x0000000710800000, 0x0000000710a00000|  0%| F|  |TAMS 0x0000000710800000, 0x0000000710800000| Untracked 
|  74|0x0000000710a00000, 0x0000000710a00000, 0x0000000710c00000|  0%| F|  |TAMS 0x0000000710a00000, 0x0000000710a00000| Untracked 
|  75|0x0000000710c00000, 0x0000000710c00000, 0x0000000710e00000|  0%| F|  |TAMS 0x0000000710c00000, 0x0000000710c00000| Untracked 
|  76|0x0000000710e00000, 0x0000000710e00000, 0x0000000711000000|  0%| F|  |TAMS 0x0000000710e00000, 0x0000000710e00000| Untracked 
|  77|0x0000000711000000, 0x0000000711000000, 0x0000000711200000|  0%| F|  |TAMS 0x0000000711000000, 0x0000000711000000| Untracked 
|  78|0x0000000711200000, 0x0000000711200000, 0x0000000711400000|  0%| F|  |TAMS 0x0000000711200000, 0x0000000711200000| Untracked 
|  79|0x0000000711400000, 0x0000000711400000, 0x0000000711600000|  0%| F|  |TAMS 0x0000000711400000, 0x0000000711400000| Untracked 
|  80|0x0000000711600000, 0x0000000711600000, 0x0000000711800000|  0%| F|  |TAMS 0x0000000711600000, 0x0000000711600000| Untracked 
|  81|0x0000000711800000, 0x0000000711800000, 0x0000000711a00000|  0%| F|  |TAMS 0x0000000711800000, 0x0000000711800000| Untracked 
|  82|0x0000000711a00000, 0x0000000711a00000, 0x0000000711c00000|  0%| F|  |TAMS 0x0000000711a00000, 0x0000000711a00000| Untracked 
|  83|0x0000000711c00000, 0x0000000711c00000, 0x0000000711e00000|  0%| F|  |TAMS 0x0000000711c00000, 0x0000000711c00000| Untracked 
|  84|0x0000000711e00000, 0x0000000711e00000, 0x0000000712000000|  0%| F|  |TAMS 0x0000000711e00000, 0x0000000711e00000| Untracked 
|  85|0x0000000712000000, 0x0000000712000000, 0x0000000712200000|  0%| F|  |TAMS 0x0000000712000000, 0x0000000712000000| Untracked 
|  86|0x0000000712200000, 0x0000000712200000, 0x0000000712400000|  0%| F|  |TAMS 0x0000000712200000, 0x0000000712200000| Untracked 
|  87|0x0000000712400000, 0x0000000712400000, 0x0000000712600000|  0%| F|  |TAMS 0x0000000712400000, 0x0000000712400000| Untracked 
|  88|0x0000000712600000, 0x0000000712600000, 0x0000000712800000|  0%| F|  |TAMS 0x0000000712600000, 0x0000000712600000| Untracked 
|  89|0x0000000712800000, 0x0000000712800000, 0x0000000712a00000|  0%| F|  |TAMS 0x0000000712800000, 0x0000000712800000| Untracked 
|  90|0x0000000712a00000, 0x0000000712a00000, 0x0000000712c00000|  0%| F|  |TAMS 0x0000000712a00000, 0x0000000712a00000| Untracked 
|  91|0x0000000712c00000, 0x0000000712c00000, 0x0000000712e00000|  0%| F|  |TAMS 0x0000000712c00000, 0x0000000712c00000| Untracked 
|  92|0x0000000712e00000, 0x0000000712e00000, 0x0000000713000000|  0%| F|  |TAMS 0x0000000712e00000, 0x0000000712e00000| Untracked 
|  93|0x0000000713000000, 0x0000000713000000, 0x0000000713200000|  0%| F|  |TAMS 0x0000000713000000, 0x0000000713000000| Untracked 
|  94|0x0000000713200000, 0x0000000713200000, 0x0000000713400000|  0%| F|  |TAMS 0x0000000713200000, 0x0000000713200000| Untracked 
|  95|0x0000000713400000, 0x0000000713400000, 0x0000000713600000|  0%| F|  |TAMS 0x0000000713400000, 0x0000000713400000| Untracked 
|  96|0x0000000713600000, 0x0000000713600000, 0x0000000713800000|  0%| F|  |TAMS 0x0000000713600000, 0x0000000713600000| Untracked 
|  97|0x0000000713800000, 0x0000000713800000, 0x0000000713a00000|  0%| F|  |TAMS 0x0000000713800000, 0x0000000713800000| Untracked 
|  98|0x0000000713a00000, 0x0000000713a00000, 0x0000000713c00000|  0%| F|  |TAMS 0x0000000713a00000, 0x0000000713a00000| Untracked 
|  99|0x0000000713c00000, 0x0000000713c00000, 0x0000000713e00000|  0%| F|  |TAMS 0x0000000713c00000, 0x0000000713c00000| Untracked 
| 100|0x0000000713e00000, 0x0000000713e00000, 0x0000000714000000|  0%| F|  |TAMS 0x0000000713e00000, 0x0000000713e00000| Untracked 
| 101|0x0000000714000000, 0x0000000714000000, 0x0000000714200000|  0%| F|  |TAMS 0x0000000714000000, 0x0000000714000000| Untracked 
| 102|0x0000000714200000, 0x0000000714200000, 0x0000000714400000|  0%| F|  |TAMS 0x0000000714200000, 0x0000000714200000| Untracked 
| 103|0x0000000714400000, 0x0000000714400000, 0x0000000714600000|  0%| F|  |TAMS 0x0000000714400000, 0x0000000714400000| Untracked 
| 104|0x0000000714600000, 0x0000000714600000, 0x0000000714800000|  0%| F|  |TAMS 0x0000000714600000, 0x0000000714600000| Untracked 
| 105|0x0000000714800000, 0x0000000714800000, 0x0000000714a00000|  0%| F|  |TAMS 0x0000000714800000, 0x0000000714800000| Untracked 
| 106|0x0000000714a00000, 0x0000000714a00000, 0x0000000714c00000|  0%| F|  |TAMS 0x0000000714a00000, 0x0000000714a00000| Untracked 
| 107|0x0000000714c00000, 0x0000000714c00000, 0x0000000714e00000|  0%| F|  |TAMS 0x0000000714c00000, 0x0000000714c00000| Untracked 
| 108|0x0000000714e00000, 0x0000000714e00000, 0x0000000715000000|  0%| F|  |TAMS 0x0000000714e00000, 0x0000000714e00000| Untracked 
| 109|0x0000000715000000, 0x0000000715000000, 0x0000000715200000|  0%| F|  |TAMS 0x0000000715000000, 0x0000000715000000| Untracked 
| 110|0x0000000715200000, 0x0000000715200000, 0x0000000715400000|  0%| F|  |TAMS 0x0000000715200000, 0x0000000715200000| Untracked 
| 111|0x0000000715400000, 0x0000000715400000, 0x0000000715600000|  0%| F|  |TAMS 0x0000000715400000, 0x0000000715400000| Untracked 
| 112|0x0000000715600000, 0x0000000715800000, 0x0000000715800000|100%| S|CS|TAMS 0x0000000715600000, 0x0000000715600000| Complete 
| 113|0x0000000715800000, 0x0000000715a00000, 0x0000000715a00000|100%| S|CS|TAMS 0x0000000715800000, 0x0000000715800000| Complete 
| 114|0x0000000715a00000, 0x0000000715a00000, 0x0000000715c00000|  0%| F|  |TAMS 0x0000000715a00000, 0x0000000715a00000| Untracked 
| 115|0x0000000715c00000, 0x0000000715c00000, 0x0000000715e00000|  0%| F|  |TAMS 0x0000000715c00000, 0x0000000715c00000| Untracked 
| 116|0x0000000715e00000, 0x0000000715e00000, 0x0000000716000000|  0%| F|  |TAMS 0x0000000715e00000, 0x0000000715e00000| Untracked 
| 117|0x0000000716000000, 0x0000000716000000, 0x0000000716200000|  0%| F|  |TAMS 0x0000000716000000, 0x0000000716000000| Untracked 
| 118|0x0000000716200000, 0x0000000716200000, 0x0000000716400000|  0%| F|  |TAMS 0x0000000716200000, 0x0000000716200000| Untracked 
| 119|0x0000000716400000, 0x0000000716400000, 0x0000000716600000|  0%| F|  |TAMS 0x0000000716400000, 0x0000000716400000| Untracked 
| 120|0x0000000716600000, 0x0000000716600000, 0x0000000716800000|  0%| F|  |TAMS 0x0000000716600000, 0x0000000716600000| Untracked 
| 121|0x0000000716800000, 0x0000000716a00000, 0x0000000716a00000|100%| E|  |TAMS 0x0000000716800000, 0x0000000716800000| Complete 
| 122|0x0000000716a00000, 0x0000000716c00000, 0x0000000716c00000|100%| E|CS|TAMS 0x0000000716a00000, 0x0000000716a00000| Complete 
| 123|0x0000000716c00000, 0x0000000716e00000, 0x0000000716e00000|100%| E|CS|TAMS 0x0000000716c00000, 0x0000000716c00000| Complete 
| 124|0x0000000716e00000, 0x0000000717000000, 0x0000000717000000|100%| E|CS|TAMS 0x0000000716e00000, 0x0000000716e00000| Complete 

Card table byte_map: [0x00007f56a11f4000,0x00007f56a19b9000] _byte_map_base: 0x00007f569d9b9000

Marking Bits (Prev, Next): (CMBitMap*) 0x00007f56a8079650, (CMBitMap*) 0x00007f56a8079690
 Prev Bits: [0x00007f569cc07000, 0x00007f56a0a2f000)
 Next Bits: [0x00007f5698ddf000, 0x00007f569cc07000)

Polling page: 0x00007f56af903000

Metaspace:

Usage:
  Non-class:     13,81 MB used.
      Class:      1,59 MB used.
       Both:     15,40 MB used.

Virtual space:
  Non-class space:       16,00 MB reserved,      13,94 MB ( 87%) committed,  2 nodes.
      Class space:        1,00 GB reserved,       1,69 MB ( <1%) committed,  1 nodes.
             Both:        1,02 GB reserved,      15,62 MB (  2%) committed. 

Chunk freelists:
   Non-Class:  2,02 MB
       Class:  2,22 MB
        Both:  4,23 MB

MaxMetaspaceSize: unlimited
CompressedClassSpaceSize: 1,00 GB
Initial GC threshold: 21,00 MB
Current GC threshold: 21,00 MB
CDS: off
MetaspaceReclaimPolicy: balanced
 - commit_granule_bytes: 65536.
 - commit_granule_words: 8192.
 - virtual_space_node_default_size: 1048576.
 - enlarge_chunks_in_place: 1.
 - new_chunks_are_fully_committed: 0.
 - uncommit_free_chunks: 1.
 - use_allocation_guard: 0.
 - handle_deallocations: 1.


Internal statistics:

num_allocs_failed_limit: 0.
num_arena_births: 168.
num_arena_deaths: 0.
num_vsnodes_births: 3.
num_vsnodes_deaths: 0.
num_space_committed: 250.
num_space_uncommitted: 0.
num_chunks_returned_to_freelist: 0.
num_chunks_taken_from_freelist: 271.
num_chunk_merges: 0.
num_chunk_splits: 148.
num_chunks_enlarged: 72.
num_purges: 0.
num_inconsistent_stats: 0.

CodeCache: size=49152Kb used=2854Kb max_used=3914Kb free=46298Kb
 bounds [0x00007f56a19b9000, 0x00007f56a1d99000, 0x00007f56a49b9000]
 total_blobs=1645 nmethods=1197 adapters=377
 compilation: enabled
              stopped_count=0, restarted_count=0
 full_count=0

Compilation events (20 events):
Event: 2,736 Thread 0x00007f56a8201aa0 1188       1       sun.rmi.server.MarshalOutputStream::replaceObject (33 bytes)
Event: 2,736 Thread 0x00007f56680a6b20 1191       1       java.io.ObjectStreamClass::getPrimDataSize (5 bytes)
Event: 2,736 Thread 0x00007f56680a6b20 nmethod 1191 0x00007f56a1c00110 code [0x00007f56a1c002a0, 0x00007f56a1c00370]
Event: 2,736 Thread 0x00007f56680a6b20 1192       1       java.io.ObjectStreamClass::getNumObjFields (5 bytes)
Event: 2,736 Thread 0x00007f56680a6b20 nmethod 1192 0x00007f56a1bffe10 code [0x00007f56a1bfffa0, 0x00007f56a1c00070]
Event: 2,736 Thread 0x00007f56680a6b20 1193       1       java.io.ObjectOutputStream::writeHandle (22 bytes)
Event: 2,737 Thread 0x00007f56680a6b20 nmethod 1193 0x00007f56a1bff990 code [0x00007f56a1bffb40, 0x00007f56a1bffcb0]
Event: 2,737 Thread 0x00007f56680a6b20 1190       1       org.eclipse.jdt.launching.internal.org.objectweb.asm.SymbolTable::addConstantMemberReference (29 bytes)
Event: 2,737 Thread 0x00007f56680a6b20 nmethod 1190 0x00007f56a1bff210 code [0x00007f56a1bff3e0, 0x00007f56a1bff680]
Event: 2,737 Thread 0x00007f56a8201aa0 nmethod 1188 0x00007f56a1bfe790 code [0x00007f56a1bfe980, 0x00007f56a1bfef00]
Event: 2,737 Thread 0x00007f56a8201aa0 1189       1       org.eclipse.jdt.launching.internal.org.objectweb.asm.SymbolTable::hash (20 bytes)
Event: 2,737 Thread 0x00007f56680a6b20 1195       1       org.eclipse.jdt.launching.internal.org.objectweb.asm.SymbolTable::addConstantNameAndType (28 bytes)
Event: 2,737 Thread 0x00007f56a8201aa0 nmethod 1189 0x00007f56a1bfe310 code [0x00007f56a1bfe4c0, 0x00007f56a1bfe600]
Event: 2,737 Thread 0x00007f56a8201aa0 1196       1       org.eclipse.jdt.launching.internal.org.objectweb.asm.SymbolTable::hash (15 bytes)
Event: 2,738 Thread 0x00007f56680a6b20 nmethod 1195 0x00007f56a1bfdd10 code [0x00007f56a1bfdee0, 0x00007f56a1bfe130]
Event: 2,738 Thread 0x00007f56680a6b20 1197       1       org.eclipse.jdt.launching.internal.org.objectweb.asm.SymbolTable$Entry::<init> (18 bytes)
Event: 2,738 Thread 0x00007f56a8201aa0 nmethod 1196 0x00007f56a1bfd910 code [0x00007f56a1bfdac0, 0x00007f56a1bfdbd0]
Event: 2,738 Thread 0x00007f56680a6b20 nmethod 1197 0x00007f56a1bfd590 code [0x00007f56a1bfd740, 0x00007f56a1bfd880]
Event: 2,738 Thread 0x00007f56a8201aa0 1194       1       org.eclipse.jdt.launching.internal.org.objectweb.asm.SymbolTable::getSource (5 bytes)
Event: 2,738 Thread 0x00007f56a8201aa0 nmethod 1194 0x00007f56a1bfd290 code [0x00007f56a1bfd420, 0x00007f56a1bfd4f0]

GC Heap History (2 events):
Event: 0,676 GC heap before
{Heap before GC invocations=0 (full 0):
 garbage-first heap   total 256000K, used 20480K [0x0000000707600000, 0x0000000800000000)
  region size 2048K, 11 young (22528K), 0 survivors (0K)
 Metaspace       used 14072K, committed 14272K, reserved 1064960K
  class space    used 1426K, committed 1536K, reserved 1048576K
}
Event: 0,680 GC heap after
{Heap after GC invocations=1 (full 0):
 garbage-first heap   total 256000K, used 7356K [0x0000000707600000, 0x0000000800000000)
  region size 2048K, 2 young (4096K), 2 survivors (4096K)
 Metaspace       used 14072K, committed 14272K, reserved 1064960K
  class space    used 1426K, committed 1536K, reserved 1048576K
}

Deoptimization events (4 events):
Event: 0,524 Thread 0x00007f56a802a060 DEOPT PACKING pc=0x00007f56a1ce7e99 sp=0x00007f56add199b0
Event: 0,524 Thread 0x00007f56a802a060 DEOPT UNPACKING pc=0x00007f56a1a0b82f sp=0x00007f56add18e40 mode 3
Event: 31,101 Thread 0x00007f563c001f70 DEOPT PACKING pc=0x00007f56a1d50294 sp=0x00007f5649fcb7b0
Event: 31,101 Thread 0x00007f563c001f70 DEOPT UNPACKING pc=0x00007f56a1a0b82f sp=0x00007f5649fcac80 mode 0

Classes unloaded (0 events):
No events

Classes redefined (1 events):
Event: 84,493 Thread 0x00007f56a81871a0 redefined class name=br.ufs.dcomp.projetopsr.AIproject.csp.ScheduleCSP, count=1

Internal exceptions (20 events):
Event: 1,114 Thread 0x00007f5638002260 Exception <a 'java/lang/ClassNotFoundException'{0x0000000716c3f950}: javax/management/remote/rmi/RMIConnectionImpl_Skel> (0x0000000716c3f950) 
thrown [src/hotspot/share/classfile/systemDictionary.cpp, line 256]
Event: 1,114 Thread 0x00007f560c00f060 Exception <a 'java/lang/NoSuchMethodError'{0x0000000716c58830}: 'java.lang.Object java.lang.invoke.Invokers$Holder.linkToTargetMethod(java.lang.Object, long, java.lang.Object)'> (0x0000000716c58830) 
thrown [src/hotspot/share/interpreter/linkResolver.cpp, line 766]
Event: 1,122 Thread 0x00007f5638002260 Exception <a 'java/lang/reflect/InvocationTargetException'{0x0000000716cc49d0}> (0x0000000716cc49d0) 
thrown [src/hotspot/share/runtime/reflection.cpp, line 1121]
Event: 1,126 Thread 0x00007f5638002260 Exception <a 'java/lang/NoSuchMethodError'{0x0000000716cec4c8}: static [Ljava/lang/StackTraceElement;.<clinit>()V> (0x0000000716cec4c8) 
thrown [src/hotspot/share/prims/jni.cpp, line 1107]
Event: 1,681 Thread 0x00007f5638002260 Exception <a 'java/lang/reflect/InvocationTargetException'{0x0000000716d01d08}> (0x0000000716d01d08) 
thrown [src/hotspot/share/runtime/reflection.cpp, line 1121]
Event: 2,185 Thread 0x00007f5638002260 Exception <a 'java/lang/reflect/InvocationTargetException'{0x0000000716d05da8}> (0x0000000716d05da8) 
thrown [src/hotspot/share/runtime/reflection.cpp, line 1121]
Event: 2,735 Thread 0x00007f5638002260 Exception <a 'java/lang/reflect/InvocationTargetException'{0x0000000716d09e58}> (0x0000000716d09e58) 
thrown [src/hotspot/share/runtime/reflection.cpp, line 1121]
Event: 2,836 Thread 0x00007f56a802a060 Exception <a 'java/lang/NoSuchMethodError'{0x0000000716dd2e20}: 'java.lang.Object java.lang.invoke.DirectMethodHandle$Holder.invokeStaticInit(java.lang.Object, java.lang.Object, java.lang.Object)'> (0x0000000716dd2e20) 
thrown [src/hotspot/share/interpreter/linkResolver.cpp, line 766]
Event: 3,237 Thread 0x00007f5638002260 Exception <a 'java/lang/reflect/InvocationTargetException'{0x0000000716d0def8}> (0x0000000716d0def8) 
thrown [src/hotspot/share/runtime/reflection.cpp, line 1121]
Event: 3,745 Thread 0x00007f5638002260 Exception <a 'java/lang/reflect/InvocationTargetException'{0x0000000716d11f98}> (0x0000000716d11f98) 
thrown [src/hotspot/share/runtime/reflection.cpp, line 1121]
Event: 4,262 Thread 0x00007f5638002260 Exception <a 'java/lang/reflect/InvocationTargetException'{0x0000000716d16038}> (0x0000000716d16038) 
thrown [src/hotspot/share/runtime/reflection.cpp, line 1121]
Event: 4,823 Thread 0x00007f5638002260 Exception <a 'java/lang/reflect/InvocationTargetException'{0x0000000716b718e0}> (0x0000000716b718e0) 
thrown [src/hotspot/share/runtime/reflection.cpp, line 1121]
Event: 5,390 Thread 0x00007f5638002260 Exception <a 'java/lang/reflect/InvocationTargetException'{0x0000000716b75980}> (0x0000000716b75980) 
thrown [src/hotspot/share/runtime/reflection.cpp, line 1121]
Event: 5,950 Thread 0x00007f5638002260 Exception <a 'java/lang/reflect/InvocationTargetException'{0x0000000716b79a20}> (0x0000000716b79a20) 
thrown [src/hotspot/share/runtime/reflection.cpp, line 1121]
Event: 6,523 Thread 0x00007f5638002260 Exception <a 'java/lang/reflect/InvocationTargetException'{0x0000000716b7dac0}> (0x0000000716b7dac0) 
thrown [src/hotspot/share/runtime/reflection.cpp, line 1121]
Event: 7,042 Thread 0x00007f5638002260 Exception <a 'java/lang/reflect/InvocationTargetException'{0x0000000716b81b60}> (0x0000000716b81b60) 
thrown [src/hotspot/share/runtime/reflection.cpp, line 1121]
Event: 7,598 Thread 0x00007f5638002260 Exception <a 'java/lang/reflect/InvocationTargetException'{0x0000000716b88af8}> (0x0000000716b88af8) 
thrown [src/hotspot/share/runtime/reflection.cpp, line 1121]
Event: 8,155 Thread 0x00007f5638002260 Exception <a 'java/lang/reflect/InvocationTargetException'{0x0000000716b8cb98}> (0x0000000716b8cb98) 
thrown [src/hotspot/share/runtime/reflection.cpp, line 1121]
Event: 8,721 Thread 0x00007f5638002260 Exception <a 'java/lang/reflect/InvocationTargetException'{0x0000000716b90c38}> (0x0000000716b90c38) 
thrown [src/hotspot/share/runtime/reflection.cpp, line 1121]
Event: 9,285 Thread 0x00007f5638002260 Exception <a 'java/lang/reflect/InvocationTargetException'{0x0000000716b9abb8}> (0x0000000716b9abb8) 
thrown [src/hotspot/share/runtime/reflection.cpp, line 1121]

VM Operations (20 events):
Event: 84,484 Executing VM operation: ChangeSingleStep
Event: 84,484 Executing VM operation: ChangeSingleStep done
Event: 84,484 Executing VM operation: ChangeSingleStep
Event: 84,484 Executing VM operation: ChangeSingleStep done
Event: 84,492 Executing VM operation: RedefineClasses
Event: 84,496 Executing VM operation: RedefineClasses done
Event: 84,501 Executing VM operation: ChangeBreakpoints
Event: 84,502 Executing VM operation: ChangeBreakpoints done
Event: 84,512 Executing VM operation: ChangeBreakpoints
Event: 84,512 Executing VM operation: ChangeBreakpoints done
Event: 84,513 Executing VM operation: ChangeBreakpoints
Event: 84,513 Executing VM operation: ChangeBreakpoints done
Event: 84,513 Executing VM operation: ChangeBreakpoints
Event: 84,514 Executing VM operation: ChangeBreakpoints done
Event: 84,516 Executing VM operation: ChangeSingleStep
Event: 84,516 Executing VM operation: ChangeSingleStep done
Event: 84,516 Executing VM operation: get/set locals
Event: 84,517 Executing VM operation: get/set locals done
Event: 84,517 Executing VM operation: ChangeSingleStep
Event: 84,517 Executing VM operation: ChangeSingleStep done

Events (20 events):
Event: 2,997 loading class sun/util/resources/TimeZoneNamesBundle
Event: 2,997 loading class sun/util/resources/OpenListResourceBundle
Event: 2,997 loading class sun/util/resources/OpenListResourceBundle done
Event: 2,997 loading class sun/util/resources/TimeZoneNamesBundle done
Event: 2,997 loading class sun/util/resources/cldr/TimeZoneNames done
Event: 2,997 loading class sun/util/resources/Bundles$BundleReference
Event: 2,997 loading class sun/util/resources/Bundles$CacheKeyReference
Event: 2,997 loading class sun/util/resources/Bundles$CacheKeyReference done
Event: 2,997 loading class sun/util/resources/Bundles$BundleReference done
Event: 2,997 loading class sun/util/resources/cldr/TimeZoneNames_en
Event: 2,998 loading class sun/util/resources/cldr/TimeZoneNames_en done
Event: 2,998 loading class sun/util/resources/cldr/TimeZoneNames_en_US
Event: 2,998 loading class sun/util/resources/cldr/TimeZoneNames_en_US done
Event: 3,000 loading class sun/util/locale/provider/LocaleResources$ResourceReference
Event: 3,000 loading class sun/util/locale/provider/LocaleResources$ResourceReference done
Event: 3,000 loading class sun/util/resources/TimeZoneNames
Event: 3,001 loading class sun/util/resources/TimeZoneNames done
Event: 3,001 loading class sun/util/resources/TimeZoneNames_en
Event: 3,001 loading class sun/util/resources/TimeZoneNames_en done
Event: 7,738 Thread 0x00007f56680a6b20 Thread exited: 0x00007f56680a6b20


Dynamic libraries:
707600000-717000000 rw-p 00000000 00:00 0 
717000000-800000000 ---p 00000000 00:00 0 
800000000-800020000 rw-p 00000000 00:00 0 
800020000-800040000 rw-p 00000000 00:00 0 
800040000-800100000 rw-p 00000000 00:00 0 
800100000-800120000 rw-p 00000000 00:00 0 
800120000-800140000 rw-p 00000000 00:00 0 
800140000-800190000 rw-p 00000000 00:00 0 
800190000-8001c0000 ---p 00000000 00:00 0 
8001c0000-8001e0000 rw-p 00000000 00:00 0 
8001e0000-840000000 ---p 00000000 00:00 0 
55ad8e5b4000-55ad8e5b5000 r-xp 00000000 103:04 963003                    /home/juanb/Downloads/sts-4.13.0.RELEASE/plugins/org.eclipse.justj.openjdk.hotspot.jre.full.linux.x86_64_17.0.1.v20211116-1657/jre/bin/java
55ad8e7b5000-55ad8e7b6000 r--p 00001000 103:04 963003                    /home/juanb/Downloads/sts-4.13.0.RELEASE/plugins/org.eclipse.justj.openjdk.hotspot.jre.full.linux.x86_64_17.0.1.v20211116-1657/jre/bin/java
55ad8e7b6000-55ad8e7b7000 rw-p 00002000 103:04 963003                    /home/juanb/Downloads/sts-4.13.0.RELEASE/plugins/org.eclipse.justj.openjdk.hotspot.jre.full.linux.x86_64_17.0.1.v20211116-1657/jre/bin/java
55ad8f3d5000-55ad8f3f6000 rw-p 00000000 00:00 0                          [heap]
7f5600000000-7f5600021000 rw-p 00000000 00:00 0 
7f5600021000-7f5604000000 ---p 00000000 00:00 0 
7f5604000000-7f5604021000 rw-p 00000000 00:00 0 
7f5604021000-7f5608000000 ---p 00000000 00:00 0 
7f5608000000-7f5608021000 rw-p 00000000 00:00 0 
7f5608021000-7f560c000000 ---p 00000000 00:00 0 
7f560c000000-7f560c02c000 rw-p 00000000 00:00 0 
7f560c02c000-7f5610000000 ---p 00000000 00:00 0 
7f5610000000-7f5610021000 rw-p 00000000 00:00 0 
7f5610021000-7f5614000000 ---p 00000000 00:00 0 
7f5614000000-7f5614021000 rw-p 00000000 00:00 0 
7f5614021000-7f5618000000 ---p 00000000 00:00 0 
7f5618000000-7f5618021000 rw-p 00000000 00:00 0 
7f5618021000-7f561c000000 ---p 00000000 00:00 0 
7f561c000000-7f561c021000 rw-p 00000000 00:00 0 
7f561c021000-7f5620000000 ---p 00000000 00:00 0 
7f5620000000-7f5620021000 rw-p 00000000 00:00 0 
7f5620021000-7f5624000000 ---p 00000000 00:00 0 
7f5624000000-7f5624021000 rw-p 00000000 00:00 0 
7f5624021000-7f5628000000 ---p 00000000 00:00 0 
7f5628000000-7f5628021000 rw-p 00000000 00:00 0 
7f5628021000-7f562c000000 ---p 00000000 00:00 0 
7f562c000000-7f562c021000 rw-p 00000000 00:00 0 
7f562c021000-7f5630000000 ---p 00000000 00:00 0 
7f5630000000-7f5630021000 rw-p 00000000 00:00 0 
7f5630021000-7f5634000000 ---p 00000000 00:00 0 
7f5634000000-7f5634021000 rw-p 00000000 00:00 0 
7f5634021000-7f5638000000 ---p 00000000 00:00 0 
7f5638000000-7f5638021000 rw-p 00000000 00:00 0 
7f5638021000-7f563c000000 ---p 00000000 00:00 0 
7f563c000000-7f563c021000 rw-p 00000000 00:00 0 
7f563c021000-7f5640000000 ---p 00000000 00:00 0 
7f5640000000-7f5640021000 rw-p 00000000 00:00 0 
7f5640021000-7f5644000000 ---p 00000000 00:00 0 
7f5644000000-7f5644021000 rw-p 00000000 00:00 0 
7f5644021000-7f5648000000 ---p 00000000 00:00 0 
7f56497df000-7f5649bc9000 rw-p 00000000 00:00 0 
7f5649bc9000-7f5649bcd000 ---p 00000000 00:00 0 
7f5649bcd000-7f5649cca000 rw-p 00000000 00:00 0 
7f5649cca000-7f5649cce000 ---p 00000000 00:00 0 
7f5649cce000-7f5649dcb000 rw-p 00000000 00:00 0 
7f5649dcb000-7f5649dcf000 ---p 00000000 00:00 0 
7f5649dcf000-7f5649ecc000 rw-p 00000000 00:00 0 
7f5649ecc000-7f5649ed0000 ---p 00000000 00:00 0 
7f5649ed0000-7f5649fcd000 rw-p 00000000 00:00 0 
7f5649fcd000-7f5649fce000 ---p 00000000 00:00 0 
7f5649fce000-7f564a0cf000 rw-p 00000000 00:00 0 
7f564a0cf000-7f564a0d0000 ---p 00000000 00:00 0 
7f564a0d0000-7f564a1d1000 rw-p 00000000 00:00 0 
7f564a1d1000-7f564a1d2000 ---p 00000000 00:00 0 
7f564a1d2000-7f564a2d3000 rw-p 00000000 00:00 0 
7f564a2d3000-7f564a2d4000 ---p 00000000 00:00 0 
7f564a2d4000-7f564a3d5000 rw-p 00000000 00:00 0 
7f564a3d5000-7f564a3d6000 ---p 00000000 00:00 0 
7f564a3d6000-7f564a4d7000 rw-p 00000000 00:00 0 
7f564a4d7000-7f564a4d8000 ---p 00000000 00:00 0 
7f564a4d8000-7f564a5d9000 rw-p 00000000 00:00 0 
7f564a5d9000-7f564a5da000 ---p 00000000 00:00 0 
7f564a5da000-7f564a6db000 rw-p 00000000 00:00 0 
7f564a6db000-7f564a6dc000 ---p 00000000 00:00 0 
7f564a6dc000-7f564a7dd000 rw-p 00000000 00:00 0 
7f564a7dd000-7f564a7ea000 r-xp 00000000 103:04 963033                    /home/juanb/Downloads/sts-4.13.0.RELEASE/plugins/org.eclipse.justj.openjdk.hotspot.jre.full.linux.x86_64_17.0.1.v20211116-1657/jre/lib/libverify.so
7f564a7ea000-7f564a9e9000 ---p 0000d000 103:04 963033                    /home/juanb/Downloads/sts-4.13.0.RELEASE/plugins/org.eclipse.justj.openjdk.hotspot.jre.full.linux.x86_64_17.0.1.v20211116-1657/jre/lib/libverify.so
7f564a9e9000-7f564a9eb000 r--p 0000c000 103:04 963033                    /home/juanb/Downloads/sts-4.13.0.RELEASE/plugins/org.eclipse.justj.openjdk.hotspot.jre.full.linux.x86_64_17.0.1.v20211116-1657/jre/lib/libverify.so
7f564a9eb000-7f564a9ec000 rw-p 0000e000 103:04 963033                    /home/juanb/Downloads/sts-4.13.0.RELEASE/plugins/org.eclipse.justj.openjdk.hotspot.jre.full.linux.x86_64_17.0.1.v20211116-1657/jre/lib/libverify.so
7f564a9ec000-7f564a9ed000 ---p 00000000 00:00 0 
7f564a9ed000-7f564aaee000 rw-p 00000000 00:00 0 
7f564aaee000-7f564aaf2000 ---p 00000000 00:00 0 
7f564aaf2000-7f564abef000 rw-p 00000000 00:00 0 
7f564abef000-7f564abf3000 ---p 00000000 00:00 0 
7f564abf3000-7f564acf0000 rw-p 00000000 00:00 0 
7f564acf0000-7f564acf4000 ---p 00000000 00:00 0 
7f564acf4000-7f564adf1000 rw-p 00000000 00:00 0 
7f564adf1000-7f564adf3000 r-xp 00000000 103:04 963064                    /home/juanb/Downloads/sts-4.13.0.RELEASE/plugins/org.eclipse.justj.openjdk.hotspot.jre.full.linux.x86_64_17.0.1.v20211116-1657/jre/lib/libextnet.so
7f564adf3000-7f564aff2000 ---p 00002000 103:04 963064                    /home/juanb/Downloads/sts-4.13.0.RELEASE/plugins/org.eclipse.justj.openjdk.hotspot.jre.full.linux.x86_64_17.0.1.v20211116-1657/jre/lib/libextnet.so
7f564aff2000-7f564aff3000 r--p 00001000 103:04 963064                    /home/juanb/Downloads/sts-4.13.0.RELEASE/plugins/org.eclipse.justj.openjdk.hotspot.jre.full.linux.x86_64_17.0.1.v20211116-1657/jre/lib/libextnet.so
7f564aff3000-7f564aff4000 rw-p 00002000 103:04 963064                    /home/juanb/Downloads/sts-4.13.0.RELEASE/plugins/org.eclipse.justj.openjdk.hotspot.jre.full.linux.x86_64_17.0.1.v20211116-1657/jre/lib/libextnet.so
7f564aff4000-7f564aff9000 r-xp 00000000 103:04 963046                    /home/juanb/Downloads/sts-4.13.0.RELEASE/plugins/org.eclipse.justj.openjdk.hotspot.jre.full.linux.x86_64_17.0.1.v20211116-1657/jre/lib/libmanagement_ext.so
7f564aff9000-7f564b1f9000 ---p 00005000 103:04 963046                    /home/juanb/Downloads/sts-4.13.0.RELEASE/plugins/org.eclipse.justj.openjdk.hotspot.jre.full.linux.x86_64_17.0.1.v20211116-1657/jre/lib/libmanagement_ext.so
7f564b1f9000-7f564b1fa000 r--p 00005000 103:04 963046                    /home/juanb/Downloads/sts-4.13.0.RELEASE/plugins/org.eclipse.justj.openjdk.hotspot.jre.full.linux.x86_64_17.0.1.v20211116-1657/jre/lib/libmanagement_ext.so
7f564b1fa000-7f564b1fb000 rw-p 00006000 103:04 963046                    /home/juanb/Downloads/sts-4.13.0.RELEASE/plugins/org.eclipse.justj.openjdk.hotspot.jre.full.linux.x86_64_17.0.1.v20211116-1657/jre/lib/libmanagement_ext.so
7f564b1fb000-7f564b1ff000 r-xp 00000000 103:04 963080                    /home/juanb/Downloads/sts-4.13.0.RELEASE/plugins/org.eclipse.justj.openjdk.hotspot.jre.full.linux.x86_64_17.0.1.v20211116-1657/jre/lib/libmanagement.so
7f564b1ff000-7f564b3fe000 ---p 00004000 103:04 963080                    /home/juanb/Downloads/sts-4.13.0.RELEASE/plugins/org.eclipse.justj.openjdk.hotspot.jre.full.linux.x86_64_17.0.1.v20211116-1657/jre/lib/libmanagement.so
7f564b3fe000-7f564b3ff000 r--p 00003000 103:04 963080                    /home/juanb/Downloads/sts-4.13.0.RELEASE/plugins/org.eclipse.justj.openjdk.hotspot.jre.full.linux.x86_64_17.0.1.v20211116-1657/jre/lib/libmanagement.so
7f564b3ff000-7f564b400000 rw-p 00004000 103:04 963080                    /home/juanb/Downloads/sts-4.13.0.RELEASE/plugins/org.eclipse.justj.openjdk.hotspot.jre.full.linux.x86_64_17.0.1.v20211116-1657/jre/lib/libmanagement.so
7f564b400000-7f564b440000 rw-p 00000000 00:00 0 
7f564b440000-7f564b480000 rw-p 00000000 00:00 0 
7f564b480000-7f564b500000 rw-p 00000000 00:00 0 
7f564b500000-7f564b700000 rw-p 00000000 00:00 0 
7f564b700000-7f564b720000 rw-p 00000000 00:00 0 
7f564b720000-7f564b740000 rw-p 00000000 00:00 0 
7f564b740000-7f564b780000 rw-p 00000000 00:00 0 
7f564b780000-7f564b900000 rw-p 00000000 00:00 0 
7f564b900000-7f564b9f0000 rw-p 00000000 00:00 0 
7f564b9f0000-7f564bc00000 ---p 00000000 00:00 0 
7f564bce9000-7f564bced000 ---p 00000000 00:00 0 
7f564bced000-7f564bdea000 rw-p 00000000 00:00 0 
7f564bdea000-7f564bdff000 r-xp 00000000 103:04 963062                    /home/juanb/Downloads/sts-4.13.0.RELEASE/plugins/org.eclipse.justj.openjdk.hotspot.jre.full.linux.x86_64_17.0.1.v20211116-1657/jre/lib/libnet.so
7f564bdff000-7f564bffe000 ---p 00015000 103:04 963062                    /home/juanb/Downloads/sts-4.13.0.RELEASE/plugins/org.eclipse.justj.openjdk.hotspot.jre.full.linux.x86_64_17.0.1.v20211116-1657/jre/lib/libnet.so
7f564bffe000-7f564bfff000 r--p 00014000 103:04 963062                    /home/juanb/Downloads/sts-4.13.0.RELEASE/plugins/org.eclipse.justj.openjdk.hotspot.jre.full.linux.x86_64_17.0.1.v20211116-1657/jre/lib/libnet.so
7f564bfff000-7f564c000000 rw-p 00015000 103:04 963062                    /home/juanb/Downloads/sts-4.13.0.RELEASE/plugins/org.eclipse.justj.openjdk.hotspot.jre.full.linux.x86_64_17.0.1.v20211116-1657/jre/lib/libnet.so
7f564c000000-7f564c022000 rw-p 00000000 00:00 0 
7f564c022000-7f5650000000 ---p 00000000 00:00 0 
7f5650000000-7f5650021000 rw-p 00000000 00:00 0 
7f5650021000-7f5654000000 ---p 00000000 00:00 0 
7f5654000000-7f56540eb000 rw-p 00000000 00:00 0 
7f56540eb000-7f5658000000 ---p 00000000 00:00 0 
7f5658000000-7f56580ef000 rw-p 00000000 00:00 0 
7f56580ef000-7f565c000000 ---p 00000000 00:00 0 
7f565c000000-7f565c021000 rw-p 00000000 00:00 0 
7f565c021000-7f5660000000 ---p 00000000 00:00 0 
7f5660000000-7f5660021000 rw-p 00000000 00:00 0 
7f5660021000-7f5664000000 ---p 00000000 00:00 0 
7f5664000000-7f5664021000 rw-p 00000000 00:00 0 
7f5664021000-7f5668000000 ---p 00000000 00:00 0 
7f5668000000-7f5668150000 rw-p 00000000 00:00 0 
7f5668150000-7f566c000000 ---p 00000000 00:00 0 
7f566c000000-7f566c021000 rw-p 00000000 00:00 0 
7f566c021000-7f5670000000 ---p 00000000 00:00 0 
7f5670000000-7f5670021000 rw-p 00000000 00:00 0 
7f5670021000-7f5674000000 ---p 00000000 00:00 0 
7f5674000000-7f5674021000 rw-p 00000000 00:00 0 
7f5674021000-7f5678000000 ---p 00000000 00:00 0 
7f5678000000-7f5678021000 rw-p 00000000 00:00 0 
7f5678021000-7f567c000000 ---p 00000000 00:00 0 
7f567c000000-7f567c021000 rw-p 00000000 00:00 0 
7f567c021000-7f5680000000 ---p 00000000 00:00 0 
7f5680000000-7f5680021000 rw-p 00000000 00:00 0 
7f5680021000-7f5684000000 ---p 00000000 00:00 0 
7f5684000000-7f5684021000 rw-p 00000000 00:00 0 
7f5684021000-7f5688000000 ---p 00000000 00:00 0 
7f5688067000-7f5688079000 r-xp 00000000 103:04 963071                    /home/juanb/Downloads/sts-4.13.0.RELEASE/plugins/org.eclipse.justj.openjdk.hotspot.jre.full.linux.x86_64_17.0.1.v20211116-1657/jre/lib/libnio.so
7f5688079000-7f5688278000 ---p 00012000 103:04 963071                    /home/juanb/Downloads/sts-4.13.0.RELEASE/plugins/org.eclipse.justj.openjdk.hotspot.jre.full.linux.x86_64_17.0.1.v20211116-1657/jre/lib/libnio.so
7f5688278000-7f5688279000 r--p 00011000 103:04 963071                    /home/juanb/Downloads/sts-4.13.0.RELEASE/plugins/org.eclipse.justj.openjdk.hotspot.jre.full.linux.x86_64_17.0.1.v20211116-1657/jre/lib/libnio.so
7f5688279000-7f568827a000 rw-p 00012000 103:04 963071                    /home/juanb/Downloads/sts-4.13.0.RELEASE/plugins/org.eclipse.justj.openjdk.hotspot.jre.full.linux.x86_64_17.0.1.v20211116-1657/jre/lib/libnio.so
7f568827a000-7f568827e000 ---p 00000000 00:00 0 
7f568827e000-7f568837b000 rw-p 00000000 00:00 0 
7f568837b000-7f568837f000 ---p 00000000 00:00 0 
7f568837f000-7f568847c000 rw-p 00000000 00:00 0 
7f568847c000-7f5688480000 ---p 00000000 00:00 0 
7f5688480000-7f568857d000 rw-p 00000000 00:00 0 
7f568857d000-7f5688582000 r-xp 00000000 103:04 963047                    /home/juanb/Downloads/sts-4.13.0.RELEASE/plugins/org.eclipse.justj.openjdk.hotspot.jre.full.linux.x86_64_17.0.1.v20211116-1657/jre/lib/libdt_socket.so
7f5688582000-7f5688781000 ---p 00005000 103:04 963047                    /home/juanb/Downloads/sts-4.13.0.RELEASE/plugins/org.eclipse.justj.openjdk.hotspot.jre.full.linux.x86_64_17.0.1.v20211116-1657/jre/lib/libdt_socket.so
7f5688781000-7f5688782000 r--p 00004000 103:04 963047                    /home/juanb/Downloads/sts-4.13.0.RELEASE/plugins/org.eclipse.justj.openjdk.hotspot.jre.full.linux.x86_64_17.0.1.v20211116-1657/jre/lib/libdt_socket.so
7f5688782000-7f5688783000 rw-p 00005000 103:04 963047                    /home/juanb/Downloads/sts-4.13.0.RELEASE/plugins/org.eclipse.justj.openjdk.hotspot.jre.full.linux.x86_64_17.0.1.v20211116-1657/jre/lib/libdt_socket.so
7f5688783000-7f5688787000 ---p 00000000 00:00 0 
7f5688787000-7f5688884000 rw-p 00000000 00:00 0 
7f5688884000-7f5688888000 ---p 00000000 00:00 0 
7f5688888000-7f5688985000 rw-p 00000000 00:00 0 
7f5688985000-7f5688989000 ---p 00000000 00:00 0 
7f5688989000-7f5688a86000 rw-p 00000000 00:00 0 
7f5688a86000-7f5688a8a000 ---p 00000000 00:00 0 
7f5688a8a000-7f5688b87000 rw-p 00000000 00:00 0 
7f5688b87000-7f5688b8b000 ---p 00000000 00:00 0 
7f5688b8b000-7f5688c88000 rw-p 00000000 00:00 0 
7f5688c88000-7f5688c8c000 ---p 00000000 00:00 0 
7f5688c8c000-7f5688d89000 rw-p 00000000 00:00 0 
7f5688d89000-7f5688d8d000 ---p 00000000 00:00 0 
7f5688d8d000-7f5688e8a000 rw-p 00000000 00:00 0 
7f5688e8a000-7f5688e8e000 ---p 00000000 00:00 0 
7f5688e8e000-7f5688f8b000 rw-p 00000000 00:00 0 
7f5688f8b000-7f56894fc000 r--p 00000000 103:04 1835010                   /usr/lib/locale/locale-archive
7f56894fc000-7f5689500000 ---p 00000000 00:00 0 
7f5689500000-7f56895fd000 rw-p 00000000 00:00 0 
7f56895fd000-7f5689601000 ---p 00000000 00:00 0 
7f5689601000-7f56896fe000 rw-p 00000000 00:00 0 
7f56896fe000-7f56896ff000 ---p 00000000 00:00 0 
7f56896ff000-7f5689d00000 rw-p 00000000 00:00 0 
7f5689d00000-7f5689d20000 rw-p 00000000 00:00 0 
7f5689d20000-7f5689d40000 rw-p 00000000 00:00 0 
7f5689d40000-7f5689d80000 rw-p 00000000 00:00 0 
7f5689d80000-7f568c000000 rw-p 00000000 00:00 0 
7f568c000000-7f568c021000 rw-p 00000000 00:00 0 
7f568c021000-7f5690000000 ---p 00000000 00:00 0 
7f5690000000-7f5690021000 rw-p 00000000 00:00 0 
7f5690021000-7f5694000000 ---p 00000000 00:00 0 
7f5694000000-7f5694021000 rw-p 00000000 00:00 0 
7f5694021000-7f5698000000 ---p 00000000 00:00 0 
7f5698047000-7f569804e000 r-xp 00000000 103:04 963052                    /home/juanb/Downloads/sts-4.13.0.RELEASE/plugins/org.eclipse.justj.openjdk.hotspot.jre.full.linux.x86_64_17.0.1.v20211116-1657/jre/lib/libzip.so
7f569804e000-7f569824e000 ---p 00007000 103:04 963052                    /home/juanb/Downloads/sts-4.13.0.RELEASE/plugins/org.eclipse.justj.openjdk.hotspot.jre.full.linux.x86_64_17.0.1.v20211116-1657/jre/lib/libzip.so
7f569824e000-7f569824f000 r--p 00007000 103:04 963052                    /home/juanb/Downloads/sts-4.13.0.RELEASE/plugins/org.eclipse.justj.openjdk.hotspot.jre.full.linux.x86_64_17.0.1.v20211116-1657/jre/lib/libzip.so
7f569824f000-7f5698250000 rw-p 00008000 103:04 963052                    /home/juanb/Downloads/sts-4.13.0.RELEASE/plugins/org.eclipse.justj.openjdk.hotspot.jre.full.linux.x86_64_17.0.1.v20211116-1657/jre/lib/libzip.so
7f5698250000-7f56982d1000 rw-p 00000000 00:00 0 
7f56982d1000-7f56982d2000 ---p 00000000 00:00 0 
7f56982d2000-7f56983d3000 rw-p 00000000 00:00 0 
7f56983d3000-7f56983d4000 ---p 00000000 00:00 0 
7f56983d4000-7f5698cdd000 rw-p 00000000 00:00 0 
7f5698cdd000-7f5698cde000 ---p 00000000 00:00 0 
7f5698cde000-7f56991c7000 rw-p 00000000 00:00 0 
7f56991c7000-7f569cc07000 ---p 00000000 00:00 0 
7f569cc07000-7f569cfef000 rw-p 00000000 00:00 0 
7f569cfef000-7f56a0a2f000 ---p 00000000 00:00 0 
7f56a0a2f000-7f56a0aac000 rw-p 00000000 00:00 0 
7f56a0aac000-7f56a11f4000 ---p 00000000 00:00 0 
7f56a11f4000-7f56a1271000 rw-p 00000000 00:00 0 
7f56a1271000-7f56a19b9000 ---p 00000000 00:00 0 
7f56a19b9000-7f56a1d99000 rwxp 00000000 00:00 0 
7f56a1d99000-7f56a49b9000 ---p 00000000 00:00 0 
7f56a49b9000-7f56a8000000 r--s 00000000 103:04 963079                    /home/juanb/Downloads/sts-4.13.0.RELEASE/plugins/org.eclipse.justj.openjdk.hotspot.jre.full.linux.x86_64_17.0.1.v20211116-1657/jre/lib/modules
7f56a8000000-7f56a8ac8000 rw-p 00000000 00:00 0 
7f56a8ac8000-7f56ac000000 ---p 00000000 00:00 0 
7f56ac037000-7f56ac03e000 r--s 00000000 103:04 1705149                   /usr/lib/x86_64-linux-gnu/gconv/gconv-modules.cache
7f56ac03e000-7f56ac0da000 rw-p 00000000 00:00 0 
7f56ac0da000-7f56ac0db000 ---p 00000000 00:00 0 
7f56ac0db000-7f56ac1dc000 rw-p 00000000 00:00 0 
7f56ac1dc000-7f56ac1dd000 ---p 00000000 00:00 0 
7f56ac1dd000-7f56ac3dc000 rw-p 00000000 00:00 0 
7f56ac3dc000-7f56acb24000 ---p 00000000 00:00 0 
7f56acb24000-7f56ad334000 rw-p 00000000 00:00 0 
7f56ad334000-7f56ad38c000 ---p 00000000 00:00 0 
7f56ad38c000-7f56ad396000 r-xp 00000000 103:04 963072                    /home/juanb/Downloads/sts-4.13.0.RELEASE/plugins/org.eclipse.justj.openjdk.hotspot.jre.full.linux.x86_64_17.0.1.v20211116-1657/jre/lib/libinstrument.so
7f56ad396000-7f56ad595000 ---p 0000a000 103:04 963072                    /home/juanb/Downloads/sts-4.13.0.RELEASE/plugins/org.eclipse.justj.openjdk.hotspot.jre.full.linux.x86_64_17.0.1.v20211116-1657/jre/lib/libinstrument.so
7f56ad595000-7f56ad596000 r--p 00009000 103:04 963072                    /home/juanb/Downloads/sts-4.13.0.RELEASE/plugins/org.eclipse.justj.openjdk.hotspot.jre.full.linux.x86_64_17.0.1.v20211116-1657/jre/lib/libinstrument.so
7f56ad596000-7f56ad597000 rw-p 0000a000 103:04 963072                    /home/juanb/Downloads/sts-4.13.0.RELEASE/plugins/org.eclipse.justj.openjdk.hotspot.jre.full.linux.x86_64_17.0.1.v20211116-1657/jre/lib/libinstrument.so
7f56ad597000-7f56ad5bb000 r-xp 00000000 103:04 963074                    /home/juanb/Downloads/sts-4.13.0.RELEASE/plugins/org.eclipse.justj.openjdk.hotspot.jre.full.linux.x86_64_17.0.1.v20211116-1657/jre/lib/libjava.so
7f56ad5bb000-7f56ad7bb000 ---p 00024000 103:04 963074                    /home/juanb/Downloads/sts-4.13.0.RELEASE/plugins/org.eclipse.justj.openjdk.hotspot.jre.full.linux.x86_64_17.0.1.v20211116-1657/jre/lib/libjava.so
7f56ad7bb000-7f56ad7bc000 r--p 00024000 103:04 963074                    /home/juanb/Downloads/sts-4.13.0.RELEASE/plugins/org.eclipse.justj.openjdk.hotspot.jre.full.linux.x86_64_17.0.1.v20211116-1657/jre/lib/libjava.so
7f56ad7bc000-7f56ad7bd000 rw-p 00025000 103:04 963074                    /home/juanb/Downloads/sts-4.13.0.RELEASE/plugins/org.eclipse.justj.openjdk.hotspot.jre.full.linux.x86_64_17.0.1.v20211116-1657/jre/lib/libjava.so
7f56ad7bd000-7f56ad7be000 rw-p 00000000 00:00 0 
7f56ad7be000-7f56ad7fd000 r-xp 00000000 103:04 963073                    /home/juanb/Downloads/sts-4.13.0.RELEASE/plugins/org.eclipse.justj.openjdk.hotspot.jre.full.linux.x86_64_17.0.1.v20211116-1657/jre/lib/libjdwp.so
7f56ad7fd000-7f56ad9fc000 ---p 0003f000 103:04 963073                    /home/juanb/Downloads/sts-4.13.0.RELEASE/plugins/org.eclipse.justj.openjdk.hotspot.jre.full.linux.x86_64_17.0.1.v20211116-1657/jre/lib/libjdwp.so
7f56ad9fc000-7f56ad9fd000 r--p 0003e000 103:04 963073                    /home/juanb/Downloads/sts-4.13.0.RELEASE/plugins/org.eclipse.justj.openjdk.hotspot.jre.full.linux.x86_64_17.0.1.v20211116-1657/jre/lib/libjdwp.so
7f56ad9fd000-7f56ad9fe000 rw-p 0003f000 103:04 963073                    /home/juanb/Downloads/sts-4.13.0.RELEASE/plugins/org.eclipse.justj.openjdk.hotspot.jre.full.linux.x86_64_17.0.1.v20211116-1657/jre/lib/libjdwp.so
7f56ad9fe000-7f56ad9ff000 rw-p 00000000 00:00 0 
7f56ad9ff000-7f56ada1a000 r-xp 00000000 103:04 963061                    /home/juanb/Downloads/sts-4.13.0.RELEASE/plugins/org.eclipse.justj.openjdk.hotspot.jre.full.linux.x86_64_17.0.1.v20211116-1657/jre/lib/libjimage.so
7f56ada1a000-7f56adc19000 ---p 0001b000 103:04 963061                    /home/juanb/Downloads/sts-4.13.0.RELEASE/plugins/org.eclipse.justj.openjdk.hotspot.jre.full.linux.x86_64_17.0.1.v20211116-1657/jre/lib/libjimage.so
7f56adc19000-7f56adc1b000 r--p 0001a000 103:04 963061                    /home/juanb/Downloads/sts-4.13.0.RELEASE/plugins/org.eclipse.justj.openjdk.hotspot.jre.full.linux.x86_64_17.0.1.v20211116-1657/jre/lib/libjimage.so
7f56adc1b000-7f56adc1c000 rw-p 0001c000 103:04 963061                    /home/juanb/Downloads/sts-4.13.0.RELEASE/plugins/org.eclipse.justj.openjdk.hotspot.jre.full.linux.x86_64_17.0.1.v20211116-1657/jre/lib/libjimage.so
7f56adc1c000-7f56adc20000 ---p 00000000 00:00 0 
7f56adc20000-7f56add1d000 rw-p 00000000 00:00 0 
7f56add1d000-7f56add2a000 r--p 00000000 103:04 1350639                   /usr/lib/x86_64-linux-gnu/libm-2.31.so
7f56add2a000-7f56addd1000 r-xp 0000d000 103:04 1350639                   /usr/lib/x86_64-linux-gnu/libm-2.31.so
7f56addd1000-7f56ade6a000 r--p 000b4000 103:04 1350639                   /usr/lib/x86_64-linux-gnu/libm-2.31.so
7f56ade6a000-7f56ade6b000 r--p 0014c000 103:04 1350639                   /usr/lib/x86_64-linux-gnu/libm-2.31.so
7f56ade6b000-7f56ade6c000 rw-p 0014d000 103:04 1350639                   /usr/lib/x86_64-linux-gnu/libm-2.31.so
7f56ade6c000-7f56ade6e000 r--p 00000000 103:04 1350661                   /usr/lib/x86_64-linux-gnu/librt-2.31.so
7f56ade6e000-7f56ade72000 r-xp 00002000 103:04 1350661                   /usr/lib/x86_64-linux-gnu/librt-2.31.so
7f56ade72000-7f56ade74000 r--p 00006000 103:04 1350661                   /usr/lib/x86_64-linux-gnu/librt-2.31.so
7f56ade74000-7f56ade75000 r--p 00007000 103:04 1350661                   /usr/lib/x86_64-linux-gnu/librt-2.31.so
7f56ade75000-7f56ade76000 rw-p 00008000 103:04 1350661                   /usr/lib/x86_64-linux-gnu/librt-2.31.so
7f56ade76000-7f56af155000 r-xp 00000000 103:04 963049                    /home/juanb/Downloads/sts-4.13.0.RELEASE/plugins/org.eclipse.justj.openjdk.hotspot.jre.full.linux.x86_64_17.0.1.v20211116-1657/jre/lib/server/libjvm.so
7f56af155000-7f56af354000 ---p 012df000 103:04 963049                    /home/juanb/Downloads/sts-4.13.0.RELEASE/plugins/org.eclipse.justj.openjdk.hotspot.jre.full.linux.x86_64_17.0.1.v20211116-1657/jre/lib/server/libjvm.so
7f56af354000-7f56af40d000 r--p 012de000 103:04 963049                    /home/juanb/Downloads/sts-4.13.0.RELEASE/plugins/org.eclipse.justj.openjdk.hotspot.jre.full.linux.x86_64_17.0.1.v20211116-1657/jre/lib/server/libjvm.so
7f56af40d000-7f56af441000 rw-p 01397000 103:04 963049                    /home/juanb/Downloads/sts-4.13.0.RELEASE/plugins/org.eclipse.justj.openjdk.hotspot.jre.full.linux.x86_64_17.0.1.v20211116-1657/jre/lib/server/libjvm.so
7f56af441000-7f56af49d000 rw-p 00000000 00:00 0 
7f56af49d000-7f56af4bf000 r--p 00000000 103:04 1350635                   /usr/lib/x86_64-linux-gnu/libc-2.31.so
7f56af4bf000-7f56af637000 r-xp 00022000 103:04 1350635                   /usr/lib/x86_64-linux-gnu/libc-2.31.so
7f56af637000-7f56af685000 r--p 0019a000 103:04 1350635                   /usr/lib/x86_64-linux-gnu/libc-2.31.so
7f56af685000-7f56af689000 r--p 001e7000 103:04 1350635                   /usr/lib/x86_64-linux-gnu/libc-2.31.so
7f56af689000-7f56af68b000 rw-p 001eb000 103:04 1350635                   /usr/lib/x86_64-linux-gnu/libc-2.31.so
7f56af68b000-7f56af68f000 rw-p 00000000 00:00 0 
7f56af68f000-7f56af690000 r--p 00000000 103:04 1350637                   /usr/lib/x86_64-linux-gnu/libdl-2.31.so
7f56af690000-7f56af692000 r-xp 00001000 103:04 1350637                   /usr/lib/x86_64-linux-gnu/libdl-2.31.so
7f56af692000-7f56af693000 r--p 00003000 103:04 1350637                   /usr/lib/x86_64-linux-gnu/libdl-2.31.so
7f56af693000-7f56af694000 r--p 00003000 103:04 1350637                   /usr/lib/x86_64-linux-gnu/libdl-2.31.so
7f56af694000-7f56af695000 rw-p 00004000 103:04 1350637                   /usr/lib/x86_64-linux-gnu/libdl-2.31.so
7f56af695000-7f56af69b000 r--p 00000000 103:04 1350659                   /usr/lib/x86_64-linux-gnu/libpthread-2.31.so
7f56af69b000-7f56af6ac000 r-xp 00006000 103:04 1350659                   /usr/lib/x86_64-linux-gnu/libpthread-2.31.so
7f56af6ac000-7f56af6b2000 r--p 00017000 103:04 1350659                   /usr/lib/x86_64-linux-gnu/libpthread-2.31.so
7f56af6b2000-7f56af6b3000 r--p 0001c000 103:04 1350659                   /usr/lib/x86_64-linux-gnu/libpthread-2.31.so
7f56af6b3000-7f56af6b4000 rw-p 0001d000 103:04 1350659                   /usr/lib/x86_64-linux-gnu/libpthread-2.31.so
7f56af6b4000-7f56af6b8000 rw-p 00000000 00:00 0 
7f56af6b8000-7f56af6c7000 r-xp 00000000 103:04 963078                    /home/juanb/Downloads/sts-4.13.0.RELEASE/plugins/org.eclipse.justj.openjdk.hotspot.jre.full.linux.x86_64_17.0.1.v20211116-1657/jre/lib/libjli.so
7f56af6c7000-7f56af8c7000 ---p 0000f000 103:04 963078                    /home/juanb/Downloads/sts-4.13.0.RELEASE/plugins/org.eclipse.justj.openjdk.hotspot.jre.full.linux.x86_64_17.0.1.v20211116-1657/jre/lib/libjli.so
7f56af8c7000-7f56af8c8000 r--p 0000f000 103:04 963078                    /home/juanb/Downloads/sts-4.13.0.RELEASE/plugins/org.eclipse.justj.openjdk.hotspot.jre.full.linux.x86_64_17.0.1.v20211116-1657/jre/lib/libjli.so
7f56af8c8000-7f56af8c9000 rw-p 00010000 103:04 963078                    /home/juanb/Downloads/sts-4.13.0.RELEASE/plugins/org.eclipse.justj.openjdk.hotspot.jre.full.linux.x86_64_17.0.1.v20211116-1657/jre/lib/libjli.so
7f56af8c9000-7f56af8cb000 r--p 00000000 103:04 1314318                   /usr/lib/x86_64-linux-gnu/libz.so.1.2.11
7f56af8cb000-7f56af8dc000 r-xp 00002000 103:04 1314318                   /usr/lib/x86_64-linux-gnu/libz.so.1.2.11
7f56af8dc000-7f56af8e2000 r--p 00013000 103:04 1314318                   /usr/lib/x86_64-linux-gnu/libz.so.1.2.11
7f56af8e2000-7f56af8e3000 ---p 00019000 103:04 1314318                   /usr/lib/x86_64-linux-gnu/libz.so.1.2.11
7f56af8e3000-7f56af8e4000 r--p 00019000 103:04 1314318                   /usr/lib/x86_64-linux-gnu/libz.so.1.2.11
7f56af8e4000-7f56af8e5000 rw-p 0001a000 103:04 1314318                   /usr/lib/x86_64-linux-gnu/libz.so.1.2.11
7f56af8e7000-7f56af8ef000 rw-s 00000000 103:04 526497                    /tmp/hsperfdata_juanb/196032
7f56af8ef000-7f56af8f2000 r--p 00000000 103:04 1350651                   /usr/lib/x86_64-linux-gnu/libnss_files-2.31.so
7f56af8f2000-7f56af8f9000 r-xp 00003000 103:04 1350651                   /usr/lib/x86_64-linux-gnu/libnss_files-2.31.so
7f56af8f9000-7f56af8fb000 r--p 0000a000 103:04 1350651                   /usr/lib/x86_64-linux-gnu/libnss_files-2.31.so
7f56af8fb000-7f56af8fc000 r--p 0000b000 103:04 1350651                   /usr/lib/x86_64-linux-gnu/libnss_files-2.31.so
7f56af8fc000-7f56af8fd000 rw-p 0000c000 103:04 1350651                   /usr/lib/x86_64-linux-gnu/libnss_files-2.31.so
7f56af8fd000-7f56af903000 rw-p 00000000 00:00 0 
7f56af903000-7f56af904000 ---p 00000000 00:00 0 
7f56af904000-7f56af905000 r--p 00000000 00:00 0 
7f56af905000-7f56af907000 rw-p 00000000 00:00 0 
7f56af907000-7f56af908000 r--p 00000000 103:04 1350627                   /usr/lib/x86_64-linux-gnu/ld-2.31.so
7f56af908000-7f56af92b000 r-xp 00001000 103:04 1350627                   /usr/lib/x86_64-linux-gnu/ld-2.31.so
7f56af92b000-7f56af933000 r--p 00024000 103:04 1350627                   /usr/lib/x86_64-linux-gnu/ld-2.31.so
7f56af933000-7f56af934000 ---p 00000000 00:00 0 
7f56af934000-7f56af935000 r--p 0002c000 103:04 1350627                   /usr/lib/x86_64-linux-gnu/ld-2.31.so
7f56af935000-7f56af936000 rw-p 0002d000 103:04 1350627                   /usr/lib/x86_64-linux-gnu/ld-2.31.so
7f56af936000-7f56af937000 rw-p 00000000 00:00 0 
7ffe5fc13000-7ffe5fc37000 rw-p 00000000 00:00 0                          [stack]
7ffe5fd04000-7ffe5fd07000 r--p 00000000 00:00 0                          [vvar]
7ffe5fd07000-7ffe5fd08000 r-xp 00000000 00:00 0                          [vdso]
ffffffffff600000-ffffffffff601000 --xp 00000000 00:00 0                  [vsyscall]


VM Arguments:
jvm_args: -XX:+ShowCodeDetailsInExceptionMessages -agentlib:jdwp=transport=dt_socket,suspend=y,address=localhost:34805 -Dcom.sun.management.jmxremote -Dcom.sun.management.jmxremote.port=43609 -Dcom.sun.management.jmxremote.authenticate=false -Dcom.sun.management.jmxremote.ssl=false -Djava.rmi.server.hostname=localhost -Dspring.jmx.enabled=true -Dspring.application.admin.enabled=true -Djava.security.egd=file:/dev/./urandom -XX:TieredStopAtLevel=1 -Dspring.boot.project.name=projeto-psr-backend -javaagent:/home/juanb/Downloads/sts-4.13.0.RELEASE/configuration/org.eclipse.osgi/703/0/.cp/lib/javaagent-shaded.jar -Dfile.encoding=UTF-8 
java_command: br.ufs.dcomp.projetopsr.AIproject.ScheduleCSPDemo --spring.output.ansi.enabled=always
java_class_path (initial): /home/juanb/Documents/workspace-spring-tool-suite-4-4.13.0.RELEASE/projeto-psr-backend/target/classes:/home/juanb/Documents/workspace-spring-tool-suite-4-4.13.0.RELEASE/projeto-psr-backend/lib/aima-core.jar:/home/juanb/.m2/repository/com/github/dpaukov/combinatoricslib3/3.3.0/combinatoricslib3-3.3.0.jar:/home/juanb/.m2/repository/de/vandermeer/asciitable/0.3.2/asciitable-0.3.2.jar:/home/juanb/.m2/repository/de/vandermeer/ascii-utf-themes/0.0.1/ascii-utf-themes-0.0.1.jar:/home/juanb/.m2/repository/de/vandermeer/skb-interfaces/0.0.1/skb-interfaces-0.0.1.jar:/home/juanb/.m2/repository/org/apache/commons/commons-lang3/3.12.0/commons-lang3-3.12.0.jar:/home/juanb/.m2/repository/org/antlr/ST4/4.0.8/ST4-4.0.8.jar:/home/juanb/.m2/repository/org/antlr/antlr-runtime/3.5.2/antlr-runtime-3.5.2.jar:/home/juanb/.m2/repository/org/antlr/antlr4/4.5.1/antlr4-4.5.1.jar:/home/juanb/.m2/repository/de/vandermeer/char-translation/0.0.2/char-translation-0.0.2.jar:/home/juanb/.m2/repository/org/springframework/boot/spring-boot-starter-thymeleaf/2.6.7/spring-boot-starter-thymeleaf-2.6.7.jar:/home/juanb/.m2/repository/org/springframework/boot/spring-boot-starter/2.6.7/spring-boot-starter-2.6.7.jar:/home/juanb/.m2/repository/org/springframework/boot/spring-boot-starter-logging/2.6.7/spring-boot-starter-logging-2.6.7.jar:/home/juanb/.m2/repository/ch/qos/logback/logback-classic/1.2.11/logback-classic-1.2.11.jar:/home/juanb/.m2/repository/ch/qos/logback/logback-core/1.2.11/logback-core-1.2.11.jar:/home/juanb/.m2/repository/org/apache/logging/log4j/log4j-to-slf4j/2.17.2/log4j-to-slf4j-2.17.2.jar:/home/juanb/.m2/repository/org/apache/logging/log4j/log4j-api/2.17.2/log4j-api-2.17.2.jar:/home/juanb/.m2/repository/org/slf4j/jul-to-slf4j/1.7.36/jul-to-slf4j-1.7.36.jar:/home/juanb/.m2/repository/jakarta/annotation/jakarta.annotation-api/1.3.5/jakarta.annotation-api-1.3.5.jar:/home/juanb/.m2/repository/org/yaml/snakeyaml/1.29/snakeyaml-1.29.jar:/home/juanb/.m2/repository/org
Launcher Type: SUN_STANDARD

[Global flags]
     intx CICompilerCount                          = 4                                         {product} {ergonomic}
     uint ConcGCThreads                            = 2                                         {product} {ergonomic}
     uint G1ConcRefinementThreads                  = 8                                         {product} {ergonomic}
   size_t G1HeapRegionSize                         = 2097152                                   {product} {ergonomic}
    uintx GCDrainStackTargetSize                   = 64                                        {product} {ergonomic}
   size_t InitialHeapSize                          = 262144000                                 {product} {ergonomic}
     bool ManagementServer                         = true                                      {product} {command line}
   size_t MarkStackSize                            = 4194304                                   {product} {ergonomic}
   size_t MaxHeapSize                              = 4171235328                                {product} {ergonomic}
   size_t MaxNewSize                               = 2501902336                                {product} {ergonomic}
   size_t MinHeapDeltaBytes                        = 2097152                                   {product} {ergonomic}
   size_t MinHeapSize                              = 8388608                                   {product} {ergonomic}
    uintx NonProfiledCodeHeapSize                  = 0                                      {pd product} {ergonomic}
     bool ProfileInterpreter                       = false                                  {pd product} {command line}
    uintx ProfiledCodeHeapSize                     = 0                                      {pd product} {ergonomic}
     bool ShowCodeDetailsInExceptionMessages       = true                                   {manageable} {command line}
   size_t SoftMaxHeapSize                          = 4171235328                             {manageable} {ergonomic}
     intx TieredStopAtLevel                        = 1                                         {product} {command line}
     bool UseCompressedClassPointers               = true                           {product lp64_product} {ergonomic}
     bool UseCompressedOops                        = true                           {product lp64_product} {ergonomic}
     bool UseG1GC                                  = true                                      {product} {ergonomic}

Logging:
Log output configuration:
 #0: stdout all=warning uptime,level,tags
 #1: stderr all=off uptime,level,tags

Environment Variables:
PATH=/home/juanb/.poetry/bin:/home/juanb/.local/bin:/usr/local/sbin:/usr/local/bin:/usr/sbin:/usr/bin:/sbin:/bin:/usr/games:/usr/local/games:/snap/bin
SHELL=/bin/bash
DISPLAY=:0
LANG=en_US.UTF-8

Signal Handlers:
   SIGSEGV: crash_handler in libjvm.so, mask=11100100010111111101111111111110, flags=SA_RESTART|SA_SIGINFO
    SIGBUS: crash_handler in libjvm.so, mask=11100100010111111101111111111110, flags=SA_RESTART|SA_SIGINFO
    SIGFPE: crash_handler in libjvm.so, mask=11100100010111111101111111111110, flags=SA_RESTART|SA_SIGINFO
   SIGPIPE: javaSignalHandler in libjvm.so, mask=11100100010111111101111111111110, flags=SA_RESTART|SA_SIGINFO
   SIGXFSZ: javaSignalHandler in libjvm.so, mask=11100100010111111101111111111110, flags=SA_RESTART|SA_SIGINFO
    SIGILL: crash_handler in libjvm.so, mask=11100100010111111101111111111110, flags=SA_RESTART|SA_SIGINFO
   SIGUSR2: SR_handler in libjvm.so, mask=00100000000000000000000000000000, flags=SA_RESTART|SA_SIGINFO
    SIGHUP: UserHandler in libjvm.so, mask=11100100010111111101111111111110, flags=SA_RESTART|SA_SIGINFO
    SIGINT: UserHandler in libjvm.so, mask=11100100010111111101111111111110, flags=SA_RESTART|SA_SIGINFO
   SIGTERM: UserHandler in libjvm.so, mask=11100100010111111101111111111110, flags=SA_RESTART|SA_SIGINFO
   SIGQUIT: UserHandler in libjvm.so, mask=11100100010111111101111111111110, flags=SA_RESTART|SA_SIGINFO
   SIGTRAP: crash_handler in libjvm.so, mask=11100100010111111101111111111110, flags=SA_RESTART|SA_SIGINFO


---------------  S Y S T E M  ---------------

OS:
DISTRIB_ID=LinuxMint
DISTRIB_RELEASE=20.3
DISTRIB_CODENAME=una
DISTRIB_DESCRIPTION="Linux Mint 20.3 Una"
uname: Linux 5.4.0-122-generic #138-Ubuntu SMP Wed Jun 22 15:00:31 UTC 2022 x86_64
OS uptime: 3 days 16:49 hours
libc: glibc 2.31 NPTL 2.31 
rlimit (soft/hard): STACK 8192k/infinity , CORE 0k/infinity , NPROC 63249/63249 , NOFILE 1048576/1048576 , AS infinity/infinity , CPU infinity/infinity , DATA infinity/infinity , FSIZE infinity/infinity , MEMLOCK 65536k/65536k
load average: 1,90 1,93 2,20

/proc/meminfo:
MemTotal:       16287196 kB
MemFree:         1175156 kB
MemAvailable:    2256692 kB
Buffers:          218964 kB
Cached:          1668348 kB
SwapCached:        20812 kB
Active:         12350604 kB
Inactive:        2028476 kB
Active(anon):   11747884 kB
Inactive(anon):  1373892 kB
Active(file):     602720 kB
Inactive(file):   654584 kB
Unevictable:       99172 kB
Mlocked:             432 kB
SwapTotal:        711380 kB
SwapFree:            224 kB
Dirty:               388 kB
Writeback:             0 kB
AnonPages:      12570328 kB
Mapped:           601520 kB
Shmem:            641512 kB
KReclaimable:     161720 kB
Slab:             415060 kB
SReclaimable:     161720 kB
SUnreclaim:       253340 kB
KernelStack:       35208 kB
PageTables:        93280 kB
NFS_Unstable:          0 kB
Bounce:                0 kB
WritebackTmp:          0 kB
CommitLimit:     8854976 kB
Committed_AS:   26033504 kB
VmallocTotal:   34359738367 kB
VmallocUsed:       55344 kB
VmallocChunk:          0 kB
Percpu:             8896 kB
HardwareCorrupted:     0 kB
AnonHugePages:         0 kB
ShmemHugePages:        0 kB
ShmemPmdMapped:        0 kB
FileHugePages:         0 kB
FilePmdMapped:         0 kB
CmaTotal:              0 kB
CmaFree:               0 kB
HugePages_Total:       0
HugePages_Free:        0
HugePages_Rsvd:        0
HugePages_Surp:        0
Hugepagesize:       2048 kB
Hugetlb:               0 kB
DirectMap4k:      654856 kB
DirectMap2M:    16017408 kB
DirectMap1G:           0 kB

/sys/kernel/mm/transparent_hugepage/enabled: always [madvise] never
/sys/kernel/mm/transparent_hugepage/defrag (defrag/compaction efforts parameter): always defer defer+madvise [madvise] never

Process Memory:
Virtual Size: 7972688K (peak: 7972688K)
Resident Set Size: 94868K (peak: 94868K) (anon: 64832K, file: 30036K, shmem: 0K)
Swapped out: 0K
C-Heap outstanding allocations: 13273K

/proc/sys/kernel/threads-max (system-wide limit on the number of threads): 126499
/proc/sys/vm/max_map_count (maximum number of memory map areas a process may have): 65530
/proc/sys/kernel/pid_max (system-wide limit on number of process identifiers): 4194304

container (cgroup) information:
container_type: cgroupv1
cpu_cpuset_cpus: 0-7
cpu_memory_nodes: 0
active_processor_count: 8
cpu_quota: no quota
cpu_period: 100000
cpu_shares: no shares
memory_limit_in_bytes: unlimited
memory_and_swap_limit_in_bytes: not supported
memory_soft_limit_in_bytes: unlimited
memory_usage_in_bytes: 12631580672
memory_max_usage_in_bytes: 14194376704

Steal ticks since vm start: 0
Steal ticks percentage since vm start:  0,000

CPU: total 8 (initial active 8) (4 cores per cpu, 2 threads per core) family 6 model 142 stepping 10 microcode 0xf0, cx8, cmov, fxsr, ht, mmx, 3dnowpref, sse, sse2, sse3, ssse3, sse4.1, sse4.2, popcnt, lzcnt, tsc, tscinvbit, avx, avx2, aes, erms, clmul, bmi1, bmi2, adx, fma, vzeroupper, clflush, clflushopt
CPU Model and flags from /proc/cpuinfo:
model name	: Intel(R) Core(TM) i5-8250U CPU @ 1.60GHz
flags		: fpu vme de pse tsc msr pae mce cx8 apic sep mtrr pge mca cmov pat pse36 clflush dts acpi mmx fxsr sse sse2 ss ht tm pbe syscall nx pdpe1gb rdtscp lm constant_tsc art arch_perfmon pebs bts rep_good nopl xtopology nonstop_tsc cpuid aperfmperf pni pclmulqdq dtes64 monitor ds_cpl vmx est tm2 ssse3 sdbg fma cx16 xtpr pdcm pcid sse4_1 sse4_2 x2apic movbe popcnt tsc_deadline_timer aes xsave avx f16c rdrand lahf_lm abm 3dnowprefetch cpuid_fault epb invpcid_single pti ssbd ibrs ibpb stibp tpr_shadow vnmi flexpriority ept vpid ept_ad fsgsbase tsc_adjust bmi1 avx2 smep bmi2 erms invpcid mpx rdseed adx smap clflushopt intel_pt xsaveopt xsavec xgetbv1 xsaves dtherm ida arat pln pts hwp hwp_notify hwp_act_window hwp_epp md_clear flush_l1d arch_capabilities

Online cpus: 0-7
Offline cpus: 
BIOS frequency limitation: <Not Available>
Frequency switch latency (ns): 0
Available cpu frequencies: <Not Available>
Current governor: powersave
Core performance/turbo boost: <Not Available>

Memory: 4k page, physical 16287196k(1175156k free), swap 711380k(224k free)
Page Sizes: 4k

vm_info: OpenJDK 64-Bit Server VM (17.0.1+12) for linux-amd64 JRE (17.0.1+12), built on Oct 20 2021 12:00:24 by "" with gcc 7.5.0

END.
