#
# A fatal error has been detected by the Java Runtime Environment:
#
#  SIGSEGV (0xb) at pc=0x00007f7007b22139, pid=196696, tid=196722
#
# JRE version: OpenJDK Runtime Environment Temurin-17.0.1+12 (17.0.1+12) (build 17.0.1+12)
# Java VM: OpenJDK 64-Bit Server VM Temurin-17.0.1+12 (17.0.1+12, mixed mode, emulated-client, tiered, compressed oops, compressed class ptrs, g1 gc, linux-amd64)
# Problematic frame:
# V  [libjvm.so+0xe9c139]  Symbol::as_C_string() const+0x9
#
# Core dump will be written. Default location: Core dumps may be processed with "/lib/systemd/systemd-coredump %P %u %g %s %t 9223372036854775808 %h" (or dumping to /home/juanb/Documents/workspace-spring-tool-suite-4-4.13.0.RELEASE/projeto-psr-backend/core.196696)
#
# If you would like to submit a bug report, please visit:
#   https://github.com/adoptium/adoptium-support/issues
#

---------------  S U M M A R Y ------------

Command Line: -XX:+ShowCodeDetailsInExceptionMessages -agentlib:jdwp=transport=dt_socket,suspend=y,address=localhost:33417 -Dcom.sun.management.jmxremote -Dcom.sun.management.jmxremote.port=37785 -Dcom.sun.management.jmxremote.authenticate=false -Dcom.sun.management.jmxremote.ssl=false -Djava.rmi.server.hostname=localhost -Dspring.jmx.enabled=true -Dspring.application.admin.enabled=true -Djava.security.egd=file:/dev/./urandom -XX:TieredStopAtLevel=1 -Dspring.boot.project.name=projeto-psr-backend -javaagent:/home/juanb/Downloads/sts-4.13.0.RELEASE/configuration/org.eclipse.osgi/703/0/.cp/lib/javaagent-shaded.jar -Dfile.encoding=UTF-8 br.ufs.dcomp.projetopsr.AIproject.ScheduleCSPDemo --spring.output.ansi.enabled=always

Host: Intel(R) Core(TM) i5-8250U CPU @ 1.60GHz, 8 cores, 15G, Linux Mint 20.3 Una
Time: Wed Jul 20 10:33:00 2022 -03 elapsed time: 125.752333 seconds (0d 0h 2m 5s)

---------------  T H R E A D  ---------------

Current thread (0x00007f70002f9f00):  JavaThread "JDWP Transport Listener: dt_socket" daemon [_thread_in_vm, id=196722, stack(0x00007f6fe1283000,0x00007f6fe1384000)]

Stack: [0x00007f6fe1283000,0x00007f6fe1384000],  sp=0x00007f6fe13829a0,  free space=1022k
Native frames: (J=compiled Java code, j=interpreted, Vv=VM code, C=native code)
V  [libjvm.so+0xe9c139]  Symbol::as_C_string() const+0x9
V  [libjvm.so+0xa1c9a4]  JvmtiEnv::GetClassSignature(oopDesc*, char**, char**)+0x114
V  [libjvm.so+0x9d2189]  jvmti_GetClassSignature+0x1d9
C  [libjdwp.so+0x2c2df]  classSignature+0x3f
C  [libjdwp.so+0x7938]  signatureWithGeneric+0x68
C  [libjdwp.so+0x12ec5]  debugLoop_run+0x1f5
C  [libjdwp.so+0x26123]  attachThread+0x33
V  [libjvm.so+0xa38ec5]  JvmtiAgentThread::start_function_wrapper(JavaThread*, JavaThread*)+0x85
V  [libjvm.so+0xefe6f0]  JavaThread::thread_main_inner()+0x180
V  [libjvm.so+0xf01b62]  Thread::call_run()+0xe2
V  [libjvm.so+0xc3ccd1]  thread_native_entry(Thread*)+0xe1


siginfo: si_signo: 11 (SIGSEGV), si_code: 1 (SEGV_MAPERR), si_addr: 0x0000000001bb01bc

Register to memory mapping:

RAX=0x00000000000001ba is an unknown value
RBX=0x00007f6fac000d30 points into unknown readable memory: 0x0000000000000000 | 00 00 00 00 00 00 00 00
RCX=0x00007f6fa396ebb0 is pointing into metadata
RDX=0x0000000000000013 is an unknown value
RSP=0x00007f6fe13829a0 is pointing into the stack for thread: 0x00007f70002f9f00
RBP=0x00007f6fe13829b0 is pointing into the stack for thread: 0x00007f70002f9f00
RSI=0x0 is NULL
RDI=0x0000000001bb01b8 is an unknown value
R8 =0x00007f6fa8002180 points into unknown readable memory: 0x2f7366752f72624c | 4c 62 72 2f 75 66 73 2f
R9 =0x0000000000000033 is an unknown value
R10=0x0000000000000031 is an unknown value
R11=0x00007f6fac000d40 points into unknown readable memory: 0x642f7366752f7262 | 62 72 2f 75 66 73 2f 64
R12=0x0000000800110f58 is a pointer to class: 
br.ufs.dcomp.projetopsr.AIproject.csp.ScheduleCSP {0x0000000800110f58}
 - instance size:     5
 - klass size:        78
 - access:            public synchronized 
 - state:             being_initialized
 - name:              'br/ufs/dcomp/projetopsr/AIproject/csp/ScheduleCSP'
 - super:             'aima/core/search/csp/CSP'
 - sub:               
 - arrays:            NULL
 - methods:           Array<T>(0x00007f6fa397bdc0)
 - method ordering:   Array<T>(0x00007f6fa397c280)
 - default_methods:   Array<T>(0x0000000000000000)
 - local interfaces:  Array<T>(0x00007f6ff0800058)
 - trans. interfaces: Array<T>(0x00007f6fa393e720)
 - constants:         constant pool [482]/operands[21] {0x00007f6fa396ebb0} for 'br/ufs/dcomp/projetopsr/AIproject/csp/ScheduleCSP' cache=0x00007f6fa3976bc8
 - class loader data:  loader data: 0x00007f70002b83a0 for instance a 'jdk/internal/loader/ClassLoaders$AppClassLoader'{0x0000000715800010}
 - source file:       'ScheduleCSP.java'
 - source debug extension:       SMAP
ScheduleCSP.java
Java
*S jdt
*F
1 ScheduleCSP.java
2 file:/home/juanb/Documents/workspace-spring-tool-suite-4-4.13.0.RELEASE/projeto-psr-backend/target/classes/
*L
*E

 - class annotations:       Array<T>(0x0000000000000000)
 - class type annotations:  Array<T>(0x0000000000000000)
 - field annotations:       Array<T>(0x0000000000000000)
 - field type annotations:  Array<T>(0x0000000000000000)
 - previous version:  constant pool [482]/operands[21] {0x00007f6fa3940000} for 'br/ufs/dcomp/projetopsr/AIproject/csp/ScheduleCSP' (extra) cache=0x00007f6fa395c3a0
 - generic signature: '
[error occurred during error reporting (printing register info), id 0xb, SIGSEGV (0xb) at pc=0x00007f7007b23888]

Registers:
RAX=0x00000000000001ba, RBX=0x00007f6fac000d30, RCX=0x00007f6fa396ebb0, RDX=0x0000000000000013
RSP=0x00007f6fe13829a0, RBP=0x00007f6fe13829b0, RSI=0x0000000000000000, RDI=0x0000000001bb01b8
R8 =0x00007f6fa8002180, R9 =0x0000000000000033, R10=0x0000000000000031, R11=0x00007f6fac000d40
R12=0x0000000800110f58, R13=0x00007f6fe1382ae8, R14=0x0000000800110f58, R15=0x00007f70002f9d40
RIP=0x00007f7007b22139, EFLAGS=0x0000000000010246, CSGSFS=0x002b000000000033, ERR=0x0000000000000004
  TRAPNO=0x000000000000000e

Top of Stack: (sp=0x00007f6fe13829a0)
0x00007f6fe13829a0:   00007f6fac000d30 0000000800110f58
0x00007f6fe13829b0:   00007f6fe1382a20 00007f70076a29a4
0x00007f6fe13829c0:   00007f6fac000d80 00000000000003d8
0x00007f6fe13829d0:   00007f700001a0a0 00007f6fac001118 

Instructions: (pc=0x00007f7007b22139)
0x00007f7007b22039:   41 0f 11 04 09 48 83 c1 10 41 39 fb 77 e9 89 d9
0x00007f7007b22049:   83 e1 f0 01 ca 39 cb 48 63 d2 74 13 0f 1f 00 41
0x00007f7007b22059:   0f b6 0c 10 88 0c 10 48 83 c2 01 39 d6 7f f0 48
0x00007f7007b22069:   63 f6 5b c6 04 30 00 5d c3 66 0f 1f 44 00 00 ba
0x00007f7007b22079:   02 00 00 00 eb 91 90 ba 05 00 00 00 eb 89 ba 0d
0x00007f7007b22089:   00 00 00 eb 82 66 90 31 d2 48 63 d2 0f 1f 00 41
0x00007f7007b22099:   0f b6 0c 10 88 0c 10 48 83 c2 01 39 d6 7f f0 e9
0x00007f7007b220a9:   44 ff ff ff 0f 1f 00 ba 03 00 00 00 e9 56 ff ff
0x00007f7007b220b9:   ff 66 0f 1f 44 00 00 ba 04 00 00 00 e9 46 ff ff
0x00007f7007b220c9:   ff 66 0f 1f 44 00 00 ba 06 00 00 00 e9 36 ff ff
0x00007f7007b220d9:   ff 31 d2 e9 2f ff ff ff ba 07 00 00 00 e9 25 ff
0x00007f7007b220e9:   ff ff ba 08 00 00 00 e9 1b ff ff ff ba 09 00 00
0x00007f7007b220f9:   00 e9 11 ff ff ff ba 0a 00 00 00 e9 07 ff ff ff
0x00007f7007b22109:   ba 0b 00 00 00 e9 fd fe ff ff ba 0c 00 00 00 e9
0x00007f7007b22119:   f3 fe ff ff ba 0e 00 00 00 e9 e9 fe ff ff 90 0f
0x00007f7007b22129:   1f 84 00 00 00 00 00 55 31 f6 48 89 e5 41 54 53
0x00007f7007b22139:   44 0f b7 67 04 48 89 fb 41 8d 7c 24 01 48 63 ff
0x00007f7007b22149:   e8 a2 8d e4 ff 0f b7 73 04 44 39 e6 49 0f 4f f4
0x00007f7007b22159:   85 f6 0f 84 8f 01 00 00 48 8d 50 10 4c 8d 43 06
0x00007f7007b22169:   49 39 d0 48 8d 53 16 0f 93 c1 48 39 d0 0f 93 c2
0x00007f7007b22179:   08 d1 0f 84 8f 01 00 00 83 fe 14 0f 86 86 01 00
0x00007f7007b22189:   00 4c 89 c1 8d 7e ff 48 f7 d9 83 e1 0f 8d 51 0f
0x00007f7007b22199:   39 d7 0f 82 af 01 00 00 85 c9 0f 84 eb 01 00 00
0x00007f7007b221a9:   0f b6 53 06 83 f9 01 88 10 0f 84 48 01 00 00 0f
0x00007f7007b221b9:   b6 53 07 83 f9 02 88 50 01 0f 84 78 01 00 00 0f
0x00007f7007b221c9:   b6 53 08 83 f9 03 88 50 02 0f 84 80 01 00 00 0f
0x00007f7007b221d9:   b6 53 09 83 f9 04 88 50 03 0f 84 80 01 00 00 0f
0x00007f7007b221e9:   b6 53 0a 83 f9 05 88 50 04 0f 84 88 01 00 00 0f
0x00007f7007b221f9:   b6 53 0b 83 f9 06 88 50 05 0f 84 82 01 00 00 0f
0x00007f7007b22209:   b6 53 0c 83 f9 07 88 50 06 0f 84 5a 01 00 00 0f
0x00007f7007b22219:   b6 53 0d 83 f9 08 88 50 07 0f 84 73 01 00 00 0f
0x00007f7007b22229:   b6 53 0e 83 f9 09 88 50 08 0f 84 6d 01 00 00 0f 


Stack slot to memory mapping:
stack at sp + 0 slots: 0x00007f6fac000d30 points into unknown readable memory: 0x0000000000000000 | 00 00 00 00 00 00 00 00
stack at sp + 1 slots: 0x0000000800110f58 is a pointer to class: 
br.ufs.dcomp.projetopsr.AIproject.csp.ScheduleCSP {0x0000000800110f58}
 - instance size:     5
 - klass size:        78
 - access:            public synchronized 
 - state:             being_initialized
 - name:              'br/ufs/dcomp/projetopsr/AIproject/csp/ScheduleCSP'
 - super:             'aima/core/search/csp/CSP'
 - sub:               
 - arrays:            NULL
 - methods:           Array<T>(0x00007f6fa397bdc0)
 - method ordering:   Array<T>(0x00007f6fa397c280)
 - default_methods:   Array<T>(0x0000000000000000)
 - local interfaces:  Array<T>(0x00007f6ff0800058)
 - trans. interfaces: Array<T>(0x00007f6fa393e720)
 - constants:         constant pool [482]/operands[21] {0x00007f6fa396ebb0} for 'br/ufs/dcomp/projetopsr/AIproject/csp/ScheduleCSP' cache=0x00007f6fa3976bc8
 - class loader data:  loader data: 0x00007f70002b83a0 for instance a 'jdk/internal/loader/ClassLoaders$AppClassLoader'{0x0000000715800010}
 - source file:       'ScheduleCSP.java'
 - source debug extension:       SMAP
ScheduleCSP.java
Java
*S jdt
*F
1 ScheduleCSP.java
2 file:/home/juanb/Documents/workspace-spring-tool-suite-4-4.13.0.RELEASE/projeto-psr-backend/target/classes/
*L
*E

 - class annotations:       Array<T>(0x0000000000000000)
 - class type annotations:  Array<T>(0x0000000000000000)
 - field annotations:       Array<T>(0x0000000000000000)
 - field type annotations:  Array<T>(0x0000000000000000)
 - previous version:  constant pool [482]/operands[21] {0x00007f6fa3940000} for 'br/ufs/dcomp/projetopsr/AIproject/csp/ScheduleCSP' (extra) cache=0x00007f6fa395c3a0
 - generic signature: '
[error occurred during error reporting (inspecting top of stack), id 0xb, SIGSEGV (0xb) at pc=0x00007f7007b23888]


---------------  P R O C E S S  ---------------

Threads class SMR info:
_java_thread_list=0x00007f6f60007000, length=20, elements={
0x00007f700002a060, 0x00007f70001d66b0, 0x00007f70001d7d00, 0x00007f70001fdd70,
0x00007f70001ff120, 0x00007f7000200530, 0x00007f7000201aa0, 0x00007f7000202eb0,
0x00007f70002ad070, 0x00007f70002f9f00, 0x00007f700030d570, 0x00007f6fb0000fb0,
0x00007f700092e810, 0x00007f70009f9e60, 0x00007f7000a02f50, 0x00007f7000a0fb70,
0x00007f6f90002700, 0x00007f6f6000f800, 0x00007f6f9c0b8610, 0x00007f6fc4000d30
}

Java Threads: ( => current thread )
  0x00007f700002a060 JavaThread "main" [_thread_blocked, id=196702, stack(0x00007f7006a2c000,0x00007f7006b2d000)]
  0x00007f70001d66b0 JavaThread "Reference Handler" daemon [_thread_blocked, id=196712, stack(0x00007f6ff03f4000,0x00007f6ff04f5000)]
  0x00007f70001d7d00 JavaThread "Finalizer" daemon [_thread_blocked, id=196713, stack(0x00007f6ff02f3000,0x00007f6ff03f4000)]
  0x00007f70001fdd70 JavaThread "Signal Dispatcher" daemon [_thread_blocked, id=196714, stack(0x00007f6ff01f2000,0x00007f6ff02f3000)]
  0x00007f70001ff120 JavaThread "Service Thread" daemon [_thread_blocked, id=196715, stack(0x00007f6ff00f1000,0x00007f6ff01f2000)]
  0x00007f7000200530 JavaThread "Monitor Deflation Thread" daemon [_thread_blocked, id=196716, stack(0x00007f6fe198e000,0x00007f6fe1a8f000)]
  0x00007f7000201aa0 JavaThread "C1 CompilerThread0" daemon [_thread_blocked, id=196717, stack(0x00007f6fe188d000,0x00007f6fe198e000)]
  0x00007f7000202eb0 JavaThread "Sweeper thread" daemon [_thread_blocked, id=196718, stack(0x00007f6fe178c000,0x00007f6fe188d000)]
  0x00007f70002ad070 JavaThread "Common-Cleaner" daemon [_thread_blocked, id=196719, stack(0x00007f6fe168b000,0x00007f6fe178c000)]
=>0x00007f70002f9f00 JavaThread "JDWP Transport Listener: dt_socket" daemon [_thread_in_vm, id=196722, stack(0x00007f6fe1283000,0x00007f6fe1384000)]
  0x00007f700030d570 JavaThread "JDWP Event Helper Thread" daemon [_thread_blocked, id=196724, stack(0x00007f6fe1182000,0x00007f6fe1283000)]
  0x00007f6fb0000fb0 JavaThread "JDWP Command Reader" daemon [_thread_in_native, id=196726, stack(0x00007f6fe1081000,0x00007f6fe1182000)]
  0x00007f700092e810 JavaThread "Notification Thread" daemon [_thread_blocked, id=196732, stack(0x00007f6fe0a56000,0x00007f6fe0b57000)]
  0x00007f70009f9e60 JavaThread "RMI TCP Accept-0" daemon [_thread_in_native, id=196733, stack(0x00007f6fe0346000,0x00007f6fe0447000)]
  0x00007f7000a02f50 JavaThread "RMI TCP Accept-37785" daemon [_thread_in_native, id=196734, stack(0x00007f6fe0245000,0x00007f6fe0346000)]
  0x00007f7000a0fb70 JavaThread "RMI TCP Accept-0" daemon [_thread_in_native, id=196735, stack(0x00007f6fe0144000,0x00007f6fe0245000)]
  0x00007f6f90002700 JavaThread "RMI TCP Connection(2)-127.0.0.1" daemon [_thread_in_native, id=196754, stack(0x00007f6fe0b57000,0x00007f6fe0c58000)]
  0x00007f6f6000f800 JavaThread "RMI Scheduler(0)" daemon [_thread_blocked, id=196755, stack(0x00007f6fa2af0000,0x00007f6fa2bf1000)]
  0x00007f6f9c0b8610 JavaThread "JMX server connection timeout 24" daemon [_thread_blocked, id=196756, stack(0x00007f6fa29ef000,0x00007f6fa2af0000)]
  0x00007f6fc4000d30 JavaThread "Attach Listener" daemon [_thread_blocked, id=196804, stack(0x00007f6fe158a000,0x00007f6fe168b000)]

Other Threads:
  0x00007f70001871a0 VMThread "VM Thread" [stack: 0x00007f6ff04f7000,0x00007f6ff05f7000] [id=196711]
  0x00007f70009a9070 WatcherThread [stack: 0x00007f6fe0044000,0x00007f6fe0144000] [id=196736]
  0x00007f7000078bd0 GCTaskThread "GC Thread#0" [stack: 0x00007f7004064000,0x00007f7004164000] [id=196705]
  0x00007f6fd8005f70 GCTaskThread "GC Thread#1" [stack: 0x00007f6fa3cf1000,0x00007f6fa3df1000] [id=196738]
  0x00007f6fd80069a0 GCTaskThread "GC Thread#2" [stack: 0x00007f6fa3300000,0x00007f6fa3400000] [id=196739]
  0x00007f6fd80073d0 GCTaskThread "GC Thread#3" [stack: 0x00007f6fa31fe000,0x00007f6fa32fe000] [id=196740]
  0x00007f6fd8007e00 GCTaskThread "GC Thread#4" [stack: 0x00007f6fa30fc000,0x00007f6fa31fc000] [id=196741]
  0x00007f6fd8008c20 GCTaskThread "GC Thread#5" [stack: 0x00007f6fa2ffa000,0x00007f6fa30fa000] [id=196742]
  0x00007f6fd800f210 GCTaskThread "GC Thread#6" [stack: 0x00007f6fa2ef8000,0x00007f6fa2ff8000] [id=196743]
  0x00007f6fd8010030 GCTaskThread "GC Thread#7" [stack: 0x00007f6fa2df6000,0x00007f6fa2ef6000] [id=196744]
  0x00007f7000089a60 ConcurrentGCThread "G1 Main Marker" [stack: 0x00007f6ff1c69000,0x00007f6ff1d69000] [id=196706]
  0x00007f700008a9c0 ConcurrentGCThread "G1 Conc#0" [stack: 0x00007f6ff1b67000,0x00007f6ff1c67000] [id=196707]
  0x00007f700013f5f0 ConcurrentGCThread "G1 Refine#0" [stack: 0x00007f6ff125d000,0x00007f6ff135d000] [id=196708]
  0x00007f6fdc000d30 ConcurrentGCThread "G1 Refine#1" [stack: 0x00007f6fa2cf4000,0x00007f6fa2df4000] [id=196745]
  0x00007f70001404e0 ConcurrentGCThread "G1 Service" [stack: 0x00007f6ff115b000,0x00007f6ff125b000] [id=196709]

Threads with active compile tasks:

VM state: not at safepoint (normal execution)

VM Mutex/Monitor currently owned by a thread: None

Heap address: 0x0000000707600000, size: 3978 MB, Compressed Oops mode: Zero based, Oop shift amount: 3

CDS archive(s) not mapped
Compressed class space mapped at: 0x0000000800000000-0x0000000840000000, reserved size: 1073741824
Narrow klass base: 0x0000000800000000, Narrow klass shift: 0, Narrow klass range: 0x40000000

GC Precious Log:
 CPUs: 8 total, 8 available
 Memory: 15905M
 Large Page Support: Disabled
 NUMA Support: Disabled
 Compressed Oops: Enabled (Zero based)
 Heap Region Size: 2M
 Heap Min Capacity: 8M
 Heap Initial Capacity: 250M
 Heap Max Capacity: 3978M
 Pre-touch: Disabled
 Parallel Workers: 8
 Concurrent Workers: 2
 Concurrent Refinement Workers: 8
 Periodic GC: Disabled

Heap:
 garbage-first heap   total 256000K, used 15594K [0x0000000707600000, 0x0000000800000000)
  region size 2048K, 8 young (16384K), 2 survivors (4096K)
 Metaspace       used 15801K, committed 16000K, reserved 1064960K
  class space    used 1635K, committed 1728K, reserved 1048576K

Heap Regions: E=young(eden), S=young(survivor), O=old, HS=humongous(starts), HC=humongous(continues), CS=collection set, F=free, OA=open archive, CA=closed archive, TAMS=top-at-mark-start (previous, next)
|   0|0x0000000707600000, 0x0000000707800000, 0x0000000707800000|100%| O|  |TAMS 0x0000000707600000, 0x0000000707600000| Untracked 
|   1|0x0000000707800000, 0x000000070793a800, 0x0000000707a00000| 61%| O|  |TAMS 0x0000000707800000, 0x0000000707800000| Untracked 
|   2|0x0000000707a00000, 0x0000000707a00000, 0x0000000707c00000|  0%| F|  |TAMS 0x0000000707a00000, 0x0000000707a00000| Untracked 
|   3|0x0000000707c00000, 0x0000000707c00000, 0x0000000707e00000|  0%| F|  |TAMS 0x0000000707c00000, 0x0000000707c00000| Untracked 
|   4|0x0000000707e00000, 0x0000000707e00000, 0x0000000708000000|  0%| F|  |TAMS 0x0000000707e00000, 0x0000000707e00000| Untracked 
|   5|0x0000000708000000, 0x0000000708000000, 0x0000000708200000|  0%| F|  |TAMS 0x0000000708000000, 0x0000000708000000| Untracked 
|   6|0x0000000708200000, 0x0000000708200000, 0x0000000708400000|  0%| F|  |TAMS 0x0000000708200000, 0x0000000708200000| Untracked 
|   7|0x0000000708400000, 0x0000000708400000, 0x0000000708600000|  0%| F|  |TAMS 0x0000000708400000, 0x0000000708400000| Untracked 
|   8|0x0000000708600000, 0x0000000708600000, 0x0000000708800000|  0%| F|  |TAMS 0x0000000708600000, 0x0000000708600000| Untracked 
|   9|0x0000000708800000, 0x0000000708800000, 0x0000000708a00000|  0%| F|  |TAMS 0x0000000708800000, 0x0000000708800000| Untracked 
|  10|0x0000000708a00000, 0x0000000708a00000, 0x0000000708c00000|  0%| F|  |TAMS 0x0000000708a00000, 0x0000000708a00000| Untracked 
|  11|0x0000000708c00000, 0x0000000708c00000, 0x0000000708e00000|  0%| F|  |TAMS 0x0000000708c00000, 0x0000000708c00000| Untracked 
|  12|0x0000000708e00000, 0x0000000708e00000, 0x0000000709000000|  0%| F|  |TAMS 0x0000000708e00000, 0x0000000708e00000| Untracked 
|  13|0x0000000709000000, 0x0000000709000000, 0x0000000709200000|  0%| F|  |TAMS 0x0000000709000000, 0x0000000709000000| Untracked 
|  14|0x0000000709200000, 0x0000000709200000, 0x0000000709400000|  0%| F|  |TAMS 0x0000000709200000, 0x0000000709200000| Untracked 
|  15|0x0000000709400000, 0x0000000709400000, 0x0000000709600000|  0%| F|  |TAMS 0x0000000709400000, 0x0000000709400000| Untracked 
|  16|0x0000000709600000, 0x0000000709600000, 0x0000000709800000|  0%| F|  |TAMS 0x0000000709600000, 0x0000000709600000| Untracked 
|  17|0x0000000709800000, 0x0000000709800000, 0x0000000709a00000|  0%| F|  |TAMS 0x0000000709800000, 0x0000000709800000| Untracked 
|  18|0x0000000709a00000, 0x0000000709a00000, 0x0000000709c00000|  0%| F|  |TAMS 0x0000000709a00000, 0x0000000709a00000| Untracked 
|  19|0x0000000709c00000, 0x0000000709c00000, 0x0000000709e00000|  0%| F|  |TAMS 0x0000000709c00000, 0x0000000709c00000| Untracked 
|  20|0x0000000709e00000, 0x0000000709e00000, 0x000000070a000000|  0%| F|  |TAMS 0x0000000709e00000, 0x0000000709e00000| Untracked 
|  21|0x000000070a000000, 0x000000070a000000, 0x000000070a200000|  0%| F|  |TAMS 0x000000070a000000, 0x000000070a000000| Untracked 
|  22|0x000000070a200000, 0x000000070a200000, 0x000000070a400000|  0%| F|  |TAMS 0x000000070a200000, 0x000000070a200000| Untracked 
|  23|0x000000070a400000, 0x000000070a400000, 0x000000070a600000|  0%| F|  |TAMS 0x000000070a400000, 0x000000070a400000| Untracked 
|  24|0x000000070a600000, 0x000000070a600000, 0x000000070a800000|  0%| F|  |TAMS 0x000000070a600000, 0x000000070a600000| Untracked 
|  25|0x000000070a800000, 0x000000070a800000, 0x000000070aa00000|  0%| F|  |TAMS 0x000000070a800000, 0x000000070a800000| Untracked 
|  26|0x000000070aa00000, 0x000000070aa00000, 0x000000070ac00000|  0%| F|  |TAMS 0x000000070aa00000, 0x000000070aa00000| Untracked 
|  27|0x000000070ac00000, 0x000000070ac00000, 0x000000070ae00000|  0%| F|  |TAMS 0x000000070ac00000, 0x000000070ac00000| Untracked 
|  28|0x000000070ae00000, 0x000000070ae00000, 0x000000070b000000|  0%| F|  |TAMS 0x000000070ae00000, 0x000000070ae00000| Untracked 
|  29|0x000000070b000000, 0x000000070b000000, 0x000000070b200000|  0%| F|  |TAMS 0x000000070b000000, 0x000000070b000000| Untracked 
|  30|0x000000070b200000, 0x000000070b200000, 0x000000070b400000|  0%| F|  |TAMS 0x000000070b200000, 0x000000070b200000| Untracked 
|  31|0x000000070b400000, 0x000000070b400000, 0x000000070b600000|  0%| F|  |TAMS 0x000000070b400000, 0x000000070b400000| Untracked 
|  32|0x000000070b600000, 0x000000070b600000, 0x000000070b800000|  0%| F|  |TAMS 0x000000070b600000, 0x000000070b600000| Untracked 
|  33|0x000000070b800000, 0x000000070b800000, 0x000000070ba00000|  0%| F|  |TAMS 0x000000070b800000, 0x000000070b800000| Untracked 
|  34|0x000000070ba00000, 0x000000070ba00000, 0x000000070bc00000|  0%| F|  |TAMS 0x000000070ba00000, 0x000000070ba00000| Untracked 
|  35|0x000000070bc00000, 0x000000070bc00000, 0x000000070be00000|  0%| F|  |TAMS 0x000000070bc00000, 0x000000070bc00000| Untracked 
|  36|0x000000070be00000, 0x000000070be00000, 0x000000070c000000|  0%| F|  |TAMS 0x000000070be00000, 0x000000070be00000| Untracked 
|  37|0x000000070c000000, 0x000000070c000000, 0x000000070c200000|  0%| F|  |TAMS 0x000000070c000000, 0x000000070c000000| Untracked 
|  38|0x000000070c200000, 0x000000070c200000, 0x000000070c400000|  0%| F|  |TAMS 0x000000070c200000, 0x000000070c200000| Untracked 
|  39|0x000000070c400000, 0x000000070c400000, 0x000000070c600000|  0%| F|  |TAMS 0x000000070c400000, 0x000000070c400000| Untracked 
|  40|0x000000070c600000, 0x000000070c600000, 0x000000070c800000|  0%| F|  |TAMS 0x000000070c600000, 0x000000070c600000| Untracked 
|  41|0x000000070c800000, 0x000000070c800000, 0x000000070ca00000|  0%| F|  |TAMS 0x000000070c800000, 0x000000070c800000| Untracked 
|  42|0x000000070ca00000, 0x000000070ca00000, 0x000000070cc00000|  0%| F|  |TAMS 0x000000070ca00000, 0x000000070ca00000| Untracked 
|  43|0x000000070cc00000, 0x000000070cc00000, 0x000000070ce00000|  0%| F|  |TAMS 0x000000070cc00000, 0x000000070cc00000| Untracked 
|  44|0x000000070ce00000, 0x000000070ce00000, 0x000000070d000000|  0%| F|  |TAMS 0x000000070ce00000, 0x000000070ce00000| Untracked 
|  45|0x000000070d000000, 0x000000070d000000, 0x000000070d200000|  0%| F|  |TAMS 0x000000070d000000, 0x000000070d000000| Untracked 
|  46|0x000000070d200000, 0x000000070d200000, 0x000000070d400000|  0%| F|  |TAMS 0x000000070d200000, 0x000000070d200000| Untracked 
|  47|0x000000070d400000, 0x000000070d400000, 0x000000070d600000|  0%| F|  |TAMS 0x000000070d400000, 0x000000070d400000| Untracked 
|  48|0x000000070d600000, 0x000000070d600000, 0x000000070d800000|  0%| F|  |TAMS 0x000000070d600000, 0x000000070d600000| Untracked 
|  49|0x000000070d800000, 0x000000070d800000, 0x000000070da00000|  0%| F|  |TAMS 0x000000070d800000, 0x000000070d800000| Untracked 
|  50|0x000000070da00000, 0x000000070da00000, 0x000000070dc00000|  0%| F|  |TAMS 0x000000070da00000, 0x000000070da00000| Untracked 
|  51|0x000000070dc00000, 0x000000070dc00000, 0x000000070de00000|  0%| F|  |TAMS 0x000000070dc00000, 0x000000070dc00000| Untracked 
|  52|0x000000070de00000, 0x000000070de00000, 0x000000070e000000|  0%| F|  |TAMS 0x000000070de00000, 0x000000070de00000| Untracked 
|  53|0x000000070e000000, 0x000000070e000000, 0x000000070e200000|  0%| F|  |TAMS 0x000000070e000000, 0x000000070e000000| Untracked 
|  54|0x000000070e200000, 0x000000070e200000, 0x000000070e400000|  0%| F|  |TAMS 0x000000070e200000, 0x000000070e200000| Untracked 
|  55|0x000000070e400000, 0x000000070e400000, 0x000000070e600000|  0%| F|  |TAMS 0x000000070e400000, 0x000000070e400000| Untracked 
|  56|0x000000070e600000, 0x000000070e600000, 0x000000070e800000|  0%| F|  |TAMS 0x000000070e600000, 0x000000070e600000| Untracked 
|  57|0x000000070e800000, 0x000000070e800000, 0x000000070ea00000|  0%| F|  |TAMS 0x000000070e800000, 0x000000070e800000| Untracked 
|  58|0x000000070ea00000, 0x000000070ea00000, 0x000000070ec00000|  0%| F|  |TAMS 0x000000070ea00000, 0x000000070ea00000| Untracked 
|  59|0x000000070ec00000, 0x000000070ec00000, 0x000000070ee00000|  0%| F|  |TAMS 0x000000070ec00000, 0x000000070ec00000| Untracked 
|  60|0x000000070ee00000, 0x000000070ee00000, 0x000000070f000000|  0%| F|  |TAMS 0x000000070ee00000, 0x000000070ee00000| Untracked 
|  61|0x000000070f000000, 0x000000070f000000, 0x000000070f200000|  0%| F|  |TAMS 0x000000070f000000, 0x000000070f000000| Untracked 
|  62|0x000000070f200000, 0x000000070f200000, 0x000000070f400000|  0%| F|  |TAMS 0x000000070f200000, 0x000000070f200000| Untracked 
|  63|0x000000070f400000, 0x000000070f400000, 0x000000070f600000|  0%| F|  |TAMS 0x000000070f400000, 0x000000070f400000| Untracked 
|  64|0x000000070f600000, 0x000000070f600000, 0x000000070f800000|  0%| F|  |TAMS 0x000000070f600000, 0x000000070f600000| Untracked 
|  65|0x000000070f800000, 0x000000070f800000, 0x000000070fa00000|  0%| F|  |TAMS 0x000000070f800000, 0x000000070f800000| Untracked 
|  66|0x000000070fa00000, 0x000000070fa00000, 0x000000070fc00000|  0%| F|  |TAMS 0x000000070fa00000, 0x000000070fa00000| Untracked 
|  67|0x000000070fc00000, 0x000000070fc00000, 0x000000070fe00000|  0%| F|  |TAMS 0x000000070fc00000, 0x000000070fc00000| Untracked 
|  68|0x000000070fe00000, 0x000000070fe00000, 0x0000000710000000|  0%| F|  |TAMS 0x000000070fe00000, 0x000000070fe00000| Untracked 
|  69|0x0000000710000000, 0x0000000710000000, 0x0000000710200000|  0%| F|  |TAMS 0x0000000710000000, 0x0000000710000000| Untracked 
|  70|0x0000000710200000, 0x0000000710200000, 0x0000000710400000|  0%| F|  |TAMS 0x0000000710200000, 0x0000000710200000| Untracked 
|  71|0x0000000710400000, 0x0000000710400000, 0x0000000710600000|  0%| F|  |TAMS 0x0000000710400000, 0x0000000710400000| Untracked 
|  72|0x0000000710600000, 0x0000000710600000, 0x0000000710800000|  0%| F|  |TAMS 0x0000000710600000, 0x0000000710600000| Untracked 
|  73|0x0000000710800000, 0x0000000710800000, 0x0000000710a00000|  0%| F|  |TAMS 0x0000000710800000, 0x0000000710800000| Untracked 
|  74|0x0000000710a00000, 0x0000000710a00000, 0x0000000710c00000|  0%| F|  |TAMS 0x0000000710a00000, 0x0000000710a00000| Untracked 
|  75|0x0000000710c00000, 0x0000000710c00000, 0x0000000710e00000|  0%| F|  |TAMS 0x0000000710c00000, 0x0000000710c00000| Untracked 
|  76|0x0000000710e00000, 0x0000000710e00000, 0x0000000711000000|  0%| F|  |TAMS 0x0000000710e00000, 0x0000000710e00000| Untracked 
|  77|0x0000000711000000, 0x0000000711000000, 0x0000000711200000|  0%| F|  |TAMS 0x0000000711000000, 0x0000000711000000| Untracked 
|  78|0x0000000711200000, 0x0000000711200000, 0x0000000711400000|  0%| F|  |TAMS 0x0000000711200000, 0x0000000711200000| Untracked 
|  79|0x0000000711400000, 0x0000000711400000, 0x0000000711600000|  0%| F|  |TAMS 0x0000000711400000, 0x0000000711400000| Untracked 
|  80|0x0000000711600000, 0x0000000711600000, 0x0000000711800000|  0%| F|  |TAMS 0x0000000711600000, 0x0000000711600000| Untracked 
|  81|0x0000000711800000, 0x0000000711800000, 0x0000000711a00000|  0%| F|  |TAMS 0x0000000711800000, 0x0000000711800000| Untracked 
|  82|0x0000000711a00000, 0x0000000711a00000, 0x0000000711c00000|  0%| F|  |TAMS 0x0000000711a00000, 0x0000000711a00000| Untracked 
|  83|0x0000000711c00000, 0x0000000711c00000, 0x0000000711e00000|  0%| F|  |TAMS 0x0000000711c00000, 0x0000000711c00000| Untracked 
|  84|0x0000000711e00000, 0x0000000711e00000, 0x0000000712000000|  0%| F|  |TAMS 0x0000000711e00000, 0x0000000711e00000| Untracked 
|  85|0x0000000712000000, 0x0000000712000000, 0x0000000712200000|  0%| F|  |TAMS 0x0000000712000000, 0x0000000712000000| Untracked 
|  86|0x0000000712200000, 0x0000000712200000, 0x0000000712400000|  0%| F|  |TAMS 0x0000000712200000, 0x0000000712200000| Untracked 
|  87|0x0000000712400000, 0x0000000712400000, 0x0000000712600000|  0%| F|  |TAMS 0x0000000712400000, 0x0000000712400000| Untracked 
|  88|0x0000000712600000, 0x0000000712600000, 0x0000000712800000|  0%| F|  |TAMS 0x0000000712600000, 0x0000000712600000| Untracked 
|  89|0x0000000712800000, 0x0000000712800000, 0x0000000712a00000|  0%| F|  |TAMS 0x0000000712800000, 0x0000000712800000| Untracked 
|  90|0x0000000712a00000, 0x0000000712a00000, 0x0000000712c00000|  0%| F|  |TAMS 0x0000000712a00000, 0x0000000712a00000| Untracked 
|  91|0x0000000712c00000, 0x0000000712c00000, 0x0000000712e00000|  0%| F|  |TAMS 0x0000000712c00000, 0x0000000712c00000| Untracked 
|  92|0x0000000712e00000, 0x0000000712e00000, 0x0000000713000000|  0%| F|  |TAMS 0x0000000712e00000, 0x0000000712e00000| Untracked 
|  93|0x0000000713000000, 0x0000000713000000, 0x0000000713200000|  0%| F|  |TAMS 0x0000000713000000, 0x0000000713000000| Untracked 
|  94|0x0000000713200000, 0x0000000713200000, 0x0000000713400000|  0%| F|  |TAMS 0x0000000713200000, 0x0000000713200000| Untracked 
|  95|0x0000000713400000, 0x0000000713400000, 0x0000000713600000|  0%| F|  |TAMS 0x0000000713400000, 0x0000000713400000| Untracked 
|  96|0x0000000713600000, 0x0000000713600000, 0x0000000713800000|  0%| F|  |TAMS 0x0000000713600000, 0x0000000713600000| Untracked 
|  97|0x0000000713800000, 0x0000000713800000, 0x0000000713a00000|  0%| F|  |TAMS 0x0000000713800000, 0x0000000713800000| Untracked 
|  98|0x0000000713a00000, 0x0000000713a00000, 0x0000000713c00000|  0%| F|  |TAMS 0x0000000713a00000, 0x0000000713a00000| Untracked 
|  99|0x0000000713c00000, 0x0000000713c00000, 0x0000000713e00000|  0%| F|  |TAMS 0x0000000713c00000, 0x0000000713c00000| Untracked 
| 100|0x0000000713e00000, 0x0000000713e00000, 0x0000000714000000|  0%| F|  |TAMS 0x0000000713e00000, 0x0000000713e00000| Untracked 
| 101|0x0000000714000000, 0x0000000714000000, 0x0000000714200000|  0%| F|  |TAMS 0x0000000714000000, 0x0000000714000000| Untracked 
| 102|0x0000000714200000, 0x0000000714200000, 0x0000000714400000|  0%| F|  |TAMS 0x0000000714200000, 0x0000000714200000| Untracked 
| 103|0x0000000714400000, 0x0000000714400000, 0x0000000714600000|  0%| F|  |TAMS 0x0000000714400000, 0x0000000714400000| Untracked 
| 104|0x0000000714600000, 0x0000000714600000, 0x0000000714800000|  0%| F|  |TAMS 0x0000000714600000, 0x0000000714600000| Untracked 
| 105|0x0000000714800000, 0x0000000714800000, 0x0000000714a00000|  0%| F|  |TAMS 0x0000000714800000, 0x0000000714800000| Untracked 
| 106|0x0000000714a00000, 0x0000000714a00000, 0x0000000714c00000|  0%| F|  |TAMS 0x0000000714a00000, 0x0000000714a00000| Untracked 
| 107|0x0000000714c00000, 0x0000000714c00000, 0x0000000714e00000|  0%| F|  |TAMS 0x0000000714c00000, 0x0000000714c00000| Untracked 
| 108|0x0000000714e00000, 0x0000000714e00000, 0x0000000715000000|  0%| F|  |TAMS 0x0000000714e00000, 0x0000000714e00000| Untracked 
| 109|0x0000000715000000, 0x0000000715000000, 0x0000000715200000|  0%| F|  |TAMS 0x0000000715000000, 0x0000000715000000| Untracked 
| 110|0x0000000715200000, 0x0000000715200000, 0x0000000715400000|  0%| F|  |TAMS 0x0000000715200000, 0x0000000715200000| Untracked 
| 111|0x0000000715400000, 0x0000000715400000, 0x0000000715600000|  0%| F|  |TAMS 0x0000000715400000, 0x0000000715400000| Untracked 
| 112|0x0000000715600000, 0x0000000715800000, 0x0000000715800000|100%| S|CS|TAMS 0x0000000715600000, 0x0000000715600000| Complete 
| 113|0x0000000715800000, 0x0000000715a00000, 0x0000000715a00000|100%| S|CS|TAMS 0x0000000715800000, 0x0000000715800000| Complete 
| 114|0x0000000715a00000, 0x0000000715a00000, 0x0000000715c00000|  0%| F|  |TAMS 0x0000000715a00000, 0x0000000715a00000| Untracked 
| 115|0x0000000715c00000, 0x0000000715c00000, 0x0000000715e00000|  0%| F|  |TAMS 0x0000000715c00000, 0x0000000715c00000| Untracked 
| 116|0x0000000715e00000, 0x0000000715e00000, 0x0000000716000000|  0%| F|  |TAMS 0x0000000715e00000, 0x0000000715e00000| Untracked 
| 117|0x0000000716000000, 0x0000000716000000, 0x0000000716200000|  0%| F|  |TAMS 0x0000000716000000, 0x0000000716000000| Untracked 
| 118|0x0000000716200000, 0x0000000716200000, 0x0000000716400000|  0%| F|  |TAMS 0x0000000716200000, 0x0000000716200000| Untracked 
| 119|0x0000000716400000, 0x0000000716438d50, 0x0000000716600000| 11%| E|  |TAMS 0x0000000716400000, 0x0000000716400000| Complete 
| 120|0x0000000716600000, 0x0000000716800000, 0x0000000716800000|100%| E|CS|TAMS 0x0000000716600000, 0x0000000716600000| Complete 
| 121|0x0000000716800000, 0x0000000716a00000, 0x0000000716a00000|100%| E|CS|TAMS 0x0000000716800000, 0x0000000716800000| Complete 
| 122|0x0000000716a00000, 0x0000000716c00000, 0x0000000716c00000|100%| E|CS|TAMS 0x0000000716a00000, 0x0000000716a00000| Complete 
| 123|0x0000000716c00000, 0x0000000716e00000, 0x0000000716e00000|100%| E|CS|TAMS 0x0000000716c00000, 0x0000000716c00000| Complete 
| 124|0x0000000716e00000, 0x0000000717000000, 0x0000000717000000|100%| E|  |TAMS 0x0000000716e00000, 0x0000000716e00000| Complete 

Card table byte_map: [0x00007f70049aa000,0x00007f700516f000] _byte_map_base: 0x00007f700116f000

Marking Bits (Prev, Next): (CMBitMap*) 0x00007f7000079650, (CMBitMap*) 0x00007f7000079690
 Prev Bits: [0x00007f6ff5b91000, 0x00007f6ff99b9000)
 Next Bits: [0x00007f6ff1d69000, 0x00007f6ff5b91000)

Polling page: 0x00007f7008713000

Metaspace:

Usage:
  Non-class:     13,83 MB used.
      Class:      1,60 MB used.
       Both:     15,43 MB used.

Virtual space:
  Non-class space:       16,00 MB reserved,      13,94 MB ( 87%) committed,  2 nodes.
      Class space:        1,00 GB reserved,       1,69 MB ( <1%) committed,  1 nodes.
             Both:        1,02 GB reserved,      15,62 MB (  2%) committed. 

Chunk freelists:
   Non-Class:  2,00 MB
       Class:  2,20 MB
        Both:  4,20 MB

MaxMetaspaceSize: unlimited
CompressedClassSpaceSize: 1,00 GB
Initial GC threshold: 21,00 MB
Current GC threshold: 21,00 MB
CDS: off
MetaspaceReclaimPolicy: balanced
 - commit_granule_bytes: 65536.
 - commit_granule_words: 8192.
 - virtual_space_node_default_size: 1048576.
 - enlarge_chunks_in_place: 1.
 - new_chunks_are_fully_committed: 0.
 - uncommit_free_chunks: 1.
 - use_allocation_guard: 0.
 - handle_deallocations: 1.


Internal statistics:

num_allocs_failed_limit: 0.
num_arena_births: 168.
num_arena_deaths: 0.
num_vsnodes_births: 3.
num_vsnodes_deaths: 0.
num_space_committed: 250.
num_space_uncommitted: 0.
num_chunks_returned_to_freelist: 0.
num_chunks_taken_from_freelist: 272.
num_chunk_merges: 0.
num_chunk_splits: 148.
num_chunks_enlarged: 73.
num_purges: 0.
num_inconsistent_stats: 0.

CodeCache: size=49152Kb used=3252Kb max_used=4159Kb free=45899Kb
 bounds [0x00007f6ff99b9000, 0x00007f6ff9df9000, 0x00007f6ffc9b9000]
 total_blobs=1873 nmethods=1425 adapters=377
 compilation: enabled
              stopped_count=0, restarted_count=0
 full_count=0

Compilation events (20 events):
Event: 123,464 Thread 0x00007f7000201aa0 1417       1       java.io.ObjectInputStream$PeekInputStream::getBytesRead (5 bytes)
Event: 123,464 Thread 0x00007f7000201aa0 nmethod 1417 0x00007f6ff9b71c10 code [0x00007f6ff9b71da0, 0x00007f6ff9b71e70]
Event: 123,464 Thread 0x00007f7000201aa0 1418       1       jdk.internal.event.DeserializationEvent::<init> (5 bytes)
Event: 123,464 Thread 0x00007f7000201aa0 nmethod 1418 0x00007f6ff9b71910 code [0x00007f6ff9b71aa0, 0x00007f6ff9b71b50]
Event: 123,464 Thread 0x00007f7000201aa0 1419       1       jdk.internal.event.DeserializationEvent::shouldCommit (2 bytes)
Event: 123,464 Thread 0x00007f7000201aa0 nmethod 1419 0x00007f6ff9b71610 code [0x00007f6ff9b717a0, 0x00007f6ff9b71870]
Event: 124,497 Thread 0x00007f7000201aa0 1420       1       java.io.ObjectStreamClass::getVariantFor (51 bytes)
Event: 124,497 Thread 0x00007f7000201aa0 nmethod 1420 0x00007f6ff9b71190 code [0x00007f6ff9b71340, 0x00007f6ff9b71550]
Event: 124,498 Thread 0x00007f7000201aa0 1421       1       java.io.ObjectStreamClass$ClassDataSlot::<init> (15 bytes)
Event: 124,498 Thread 0x00007f7000201aa0 nmethod 1421 0x00007f6ff9b70e90 code [0x00007f6ff9b71020, 0x00007f6ff9b71130]
Event: 125,000 Thread 0x00007f7000201aa0 1422       1       javax.management.ObjectName::getDomain (13 bytes)
Event: 125,000 Thread 0x00007f7000201aa0 nmethod 1422 0x00007f6ff9b70b10 code [0x00007f6ff9b70cc0, 0x00007f6ff9b70dc0]
Event: 125,001 Thread 0x00007f7000201aa0 1424       1       jdk.internal.misc.Unsafe::checkSize (32 bytes)
Event: 125,001 Thread 0x00007f7000201aa0 nmethod 1424 0x00007f6ff9b70710 code [0x00007f6ff9b708c0, 0x00007f6ff9b70a40]
Event: 125,001 Thread 0x00007f7000201aa0 1423       1       javax.management.ObjectName::isPropertyListPattern (17 bytes)
Event: 125,001 Thread 0x00007f7000201aa0 nmethod 1423 0x00007f6ff9b70410 code [0x00007f6ff9b705a0, 0x00007f6ff9b70670]
Event: 125,502 Thread 0x00007f7000201aa0 1425       1       java.io.ObjectInputStream$BlockDataInputStream::read (138 bytes)
Event: 125,503 Thread 0x00007f7000201aa0 nmethod 1425 0x00007f6ff9b6fc10 code [0x00007f6ff9b6fe00, 0x00007f6ff9b70240]
Event: 125,662 Thread 0x00007f7000201aa0 1426       1       org.eclipse.jdt.launching.internal.org.objectweb.asm.AnnotationWriter::putAnnotations (67 bytes)
Event: 125,662 Thread 0x00007f7000201aa0 nmethod 1426 0x00007f6ff9b6f490 code [0x00007f6ff9b6f6a0, 0x00007f6ff9b6f930]

GC Heap History (2 events):
Event: 0,587 GC heap before
{Heap before GC invocations=0 (full 0):
 garbage-first heap   total 256000K, used 20480K [0x0000000707600000, 0x0000000800000000)
  region size 2048K, 11 young (22528K), 0 survivors (0K)
 Metaspace       used 14072K, committed 14272K, reserved 1064960K
  class space    used 1426K, committed 1536K, reserved 1048576K
}
Event: 0,590 GC heap after
{Heap after GC invocations=1 (full 0):
 garbage-first heap   total 256000K, used 7402K [0x0000000707600000, 0x0000000800000000)
  region size 2048K, 2 young (4096K), 2 survivors (4096K)
 Metaspace       used 14072K, committed 14272K, reserved 1064960K
  class space    used 1426K, committed 1536K, reserved 1048576K
}

Deoptimization events (20 events):
Event: 123,463 Thread 0x00007f6f90002700 DEOPT PACKING pc=0x00007f6ff9bcffa4 sp=0x00007f6fe0c56120
Event: 123,463 Thread 0x00007f6f90002700 DEOPT UNPACKING pc=0x00007f6ff9a0b82f sp=0x00007f6fe0c555e0 mode 1
Event: 123,463 Thread 0x00007f6f90002700 DEOPT PACKING pc=0x00007f6ff9bcfb84 sp=0x00007f6fe0c56170
Event: 123,463 Thread 0x00007f6f90002700 DEOPT UNPACKING pc=0x00007f6ff9a0b82f sp=0x00007f6fe0c55680 mode 1
Event: 123,966 Thread 0x00007f6f90002700 DEOPT PACKING pc=0x00007f6ff9bcffa4 sp=0x00007f6fe0c56120
Event: 123,966 Thread 0x00007f6f90002700 DEOPT UNPACKING pc=0x00007f6ff9a0b82f sp=0x00007f6fe0c555e0 mode 1
Event: 123,966 Thread 0x00007f6f90002700 DEOPT PACKING pc=0x00007f6ff9bcfb84 sp=0x00007f6fe0c56170
Event: 123,966 Thread 0x00007f6f90002700 DEOPT UNPACKING pc=0x00007f6ff9a0b82f sp=0x00007f6fe0c55680 mode 1
Event: 124,497 Thread 0x00007f6f90002700 DEOPT PACKING pc=0x00007f6ff9bcffa4 sp=0x00007f6fe0c56120
Event: 124,497 Thread 0x00007f6f90002700 DEOPT UNPACKING pc=0x00007f6ff9a0b82f sp=0x00007f6fe0c555e0 mode 1
Event: 124,497 Thread 0x00007f6f90002700 DEOPT PACKING pc=0x00007f6ff9bcfb84 sp=0x00007f6fe0c56170
Event: 124,497 Thread 0x00007f6f90002700 DEOPT UNPACKING pc=0x00007f6ff9a0b82f sp=0x00007f6fe0c55680 mode 1
Event: 125,000 Thread 0x00007f6f90002700 DEOPT PACKING pc=0x00007f6ff9bcffa4 sp=0x00007f6fe0c56120
Event: 125,000 Thread 0x00007f6f90002700 DEOPT UNPACKING pc=0x00007f6ff9a0b82f sp=0x00007f6fe0c555e0 mode 1
Event: 125,000 Thread 0x00007f6f90002700 DEOPT PACKING pc=0x00007f6ff9bcfb84 sp=0x00007f6fe0c56170
Event: 125,000 Thread 0x00007f6f90002700 DEOPT UNPACKING pc=0x00007f6ff9a0b82f sp=0x00007f6fe0c55680 mode 1
Event: 125,503 Thread 0x00007f6f90002700 DEOPT PACKING pc=0x00007f6ff9bcffa4 sp=0x00007f6fe0c56120
Event: 125,503 Thread 0x00007f6f90002700 DEOPT UNPACKING pc=0x00007f6ff9a0b82f sp=0x00007f6fe0c555e0 mode 1
Event: 125,503 Thread 0x00007f6f90002700 DEOPT PACKING pc=0x00007f6ff9bcfb84 sp=0x00007f6fe0c56170
Event: 125,503 Thread 0x00007f6f90002700 DEOPT UNPACKING pc=0x00007f6ff9a0b82f sp=0x00007f6fe0c55680 mode 1

Classes unloaded (0 events):
No events

Classes redefined (5 events):
Event: 94,435 Thread 0x00007f70001871a0 redefined class name=br.ufs.dcomp.projetopsr.AIproject.csp.ScheduleCSP, count=1
Event: 100,471 Thread 0x00007f70001871a0 redefined class name=br.ufs.dcomp.projetopsr.AIproject.csp.ScheduleCSP, count=2
Event: 109,043 Thread 0x00007f70001871a0 redefined class name=br.ufs.dcomp.projetopsr.AIproject.csp.ScheduleCSP, count=3
Event: 120,515 Thread 0x00007f70001871a0 redefined class name=br.ufs.dcomp.projetopsr.AIproject.csp.ScheduleCSP, count=4
Event: 125,664 Thread 0x00007f70001871a0 redefined class name=br.ufs.dcomp.projetopsr.AIproject.csp.ScheduleCSP, count=5

Internal exceptions (20 events):
Event: 1,109 Thread 0x00007f6f9c0b8610 Exception <a 'java/lang/NoSuchMethodError'{0x0000000716c20b50}: 'java.lang.Object java.lang.invoke.Invokers$Holder.linkToTargetMethod(java.lang.Object, long, java.lang.Object)'> (0x0000000716c20b50) 
thrown [src/hotspot/share/interpreter/linkResolver.cpp, line 766]
Event: 1,109 Thread 0x00007f6f90002700 Exception <a 'java/lang/ClassNotFoundException'{0x0000000716c074b8}: javax/management/remote/rmi/RMIConnectionImpl_Skel> (0x0000000716c074b8) 
thrown [src/hotspot/share/classfile/systemDictionary.cpp, line 256]
Event: 1,116 Thread 0x00007f6f90002700 Exception <a 'java/lang/reflect/InvocationTargetException'{0x0000000716c8c758}> (0x0000000716c8c758) 
thrown [src/hotspot/share/runtime/reflection.cpp, line 1121]
Event: 1,119 Thread 0x00007f6f90002700 Exception <a 'java/lang/NoSuchMethodError'{0x0000000716cb4340}: static [Ljava/lang/StackTraceElement;.<clinit>()V> (0x0000000716cb4340) 
thrown [src/hotspot/share/prims/jni.cpp, line 1107]
Event: 1,623 Thread 0x00007f6f90002700 Exception <a 'java/lang/reflect/InvocationTargetException'{0x0000000716cc9b50}> (0x0000000716cc9b50) 
thrown [src/hotspot/share/runtime/reflection.cpp, line 1121]
Event: 2,128 Thread 0x00007f6f90002700 Exception <a 'java/lang/reflect/InvocationTargetException'{0x0000000716ccdbf0}> (0x0000000716ccdbf0) 
thrown [src/hotspot/share/runtime/reflection.cpp, line 1121]
Event: 2,267 Thread 0x00007f700002a060 Exception <a 'java/lang/NoSuchMethodError'{0x0000000716d9b518}: 'java.lang.Object java.lang.invoke.DirectMethodHandle$Holder.invokeStaticInit(java.lang.Object, java.lang.Object, java.lang.Object)'> (0x0000000716d9b518) 
thrown [src/hotspot/share/interpreter/linkResolver.cpp, line 766]
Event: 2,682 Thread 0x00007f6f90002700 Exception <a 'java/lang/reflect/InvocationTargetException'{0x0000000716cd1cb8}> (0x0000000716cd1cb8) 
thrown [src/hotspot/share/runtime/reflection.cpp, line 1121]
Event: 3,241 Thread 0x00007f6f90002700 Exception <a 'java/lang/reflect/InvocationTargetException'{0x0000000716cd5d58}> (0x0000000716cd5d58) 
thrown [src/hotspot/share/runtime/reflection.cpp, line 1121]
Event: 3,818 Thread 0x00007f6f90002700 Exception <a 'java/lang/reflect/InvocationTargetException'{0x0000000716cd9df8}> (0x0000000716cd9df8) 
thrown [src/hotspot/share/runtime/reflection.cpp, line 1121]
Event: 4,383 Thread 0x00007f6f90002700 Exception <a 'java/lang/reflect/InvocationTargetException'{0x0000000716cdde98}> (0x0000000716cdde98) 
thrown [src/hotspot/share/runtime/reflection.cpp, line 1121]
Event: 4,891 Thread 0x00007f6f90002700 Exception <a 'java/lang/reflect/InvocationTargetException'{0x0000000716ce1f38}> (0x0000000716ce1f38) 
thrown [src/hotspot/share/runtime/reflection.cpp, line 1121]
Event: 5,457 Thread 0x00007f6f90002700 Exception <a 'java/lang/reflect/InvocationTargetException'{0x0000000716b75198}> (0x0000000716b75198) 
thrown [src/hotspot/share/runtime/reflection.cpp, line 1121]
Event: 5,963 Thread 0x00007f6f90002700 Exception <a 'java/lang/reflect/InvocationTargetException'{0x0000000716b79238}> (0x0000000716b79238) 
thrown [src/hotspot/share/runtime/reflection.cpp, line 1121]
Event: 6,469 Thread 0x00007f6f90002700 Exception <a 'java/lang/reflect/InvocationTargetException'{0x0000000716b7d2d8}> (0x0000000716b7d2d8) 
thrown [src/hotspot/share/runtime/reflection.cpp, line 1121]
Event: 6,978 Thread 0x00007f6f90002700 Exception <a 'java/lang/reflect/InvocationTargetException'{0x0000000716b81378}> (0x0000000716b81378) 
thrown [src/hotspot/share/runtime/reflection.cpp, line 1121]
Event: 7,489 Thread 0x00007f6f90002700 Exception <a 'java/lang/reflect/InvocationTargetException'{0x0000000716b85548}> (0x0000000716b85548) 
thrown [src/hotspot/share/runtime/reflection.cpp, line 1121]
Event: 8,045 Thread 0x00007f6f90002700 Exception <a 'java/lang/reflect/InvocationTargetException'{0x0000000716b895e8}> (0x0000000716b895e8) 
thrown [src/hotspot/share/runtime/reflection.cpp, line 1121]
Event: 8,603 Thread 0x00007f6f90002700 Exception <a 'java/lang/reflect/InvocationTargetException'{0x0000000716b8d688}> (0x0000000716b8d688) 
thrown [src/hotspot/share/runtime/reflection.cpp, line 1121]
Event: 9,136 Thread 0x00007f6f90002700 Exception <a 'java/lang/reflect/InvocationTargetException'{0x0000000716b97410}> (0x0000000716b97410) 
thrown [src/hotspot/share/runtime/reflection.cpp, line 1121]

VM Operations (20 events):
Event: 120,742 Executing VM operation: get/set locals
Event: 120,742 Executing VM operation: get/set locals done
Event: 120,742 Executing VM operation: get/set locals
Event: 120,742 Executing VM operation: get/set locals done
Event: 120,755 Executing VM operation: get/set locals
Event: 120,755 Executing VM operation: get/set locals done
Event: 120,755 Executing VM operation: get/set locals
Event: 120,756 Executing VM operation: get/set locals done
Event: 120,758 Executing VM operation: get/set locals
Event: 120,758 Executing VM operation: get/set locals done
Event: 120,758 Executing VM operation: get/set locals
Event: 120,758 Executing VM operation: get/set locals done
Event: 125,663 Executing VM operation: RedefineClasses
Event: 125,666 Executing VM operation: RedefineClasses done
Event: 125,672 Executing VM operation: ChangeBreakpoints
Event: 125,672 Executing VM operation: ChangeBreakpoints done
Event: 125,678 Executing VM operation: ChangeBreakpoints
Event: 125,679 Executing VM operation: ChangeBreakpoints done
Event: 125,679 Executing VM operation: ChangeBreakpoints
Event: 125,679 Executing VM operation: ChangeBreakpoints done

Events (20 events):
Event: 100,861 Protecting memory [0x00007f6fa2bf1000,0x00007f6fa2bf5000] with protection modes 0
Event: 100,862 Thread 0x00007f6fc0127ec0 Thread added: 0x00007f6fc0127ec0
Event: 100,862 Protecting memory [0x00007f6fa28ee000,0x00007f6fa28f2000] with protection modes 0
Event: 101,413 Thread 0x00007f6fc0127ec0 Thread exited: 0x00007f6fc0127ec0
Event: 102,452 Thread 0x00007f6f60010700 Thread added: 0x00007f6f60010700
Event: 102,452 Protecting memory [0x00007f6fa28ee000,0x00007f6fa28f2000] with protection modes 0
Event: 103,004 Thread 0x00007f6f60010700 Thread exited: 0x00007f6f60010700
Event: 103,004 Thread 0x00007f6fc01273f0 Thread exited: 0x00007f6fc01273f0
Event: 103,555 Thread 0x00007f6fc0127340 Thread added: 0x00007f6fc0127340
Event: 103,556 Protecting memory [0x00007f6fa2bf1000,0x00007f6fa2bf5000] with protection modes 0
Event: 104,610 Thread 0x00007f6f60004000 Thread added: 0x00007f6f60004000
Event: 104,610 Protecting memory [0x00007f6fa28ee000,0x00007f6fa28f2000] with protection modes 0
Event: 106,160 Thread 0x00007f6f60004000 Thread exited: 0x00007f6f60004000
Event: 106,664 Thread 0x00007f6fc0127340 Thread exited: 0x00007f6fc0127340
Event: 113,522 Thread 0x00007f6fc00eb050 Thread added: 0x00007f6fc00eb050
Event: 113,522 Protecting memory [0x00007f6fa2bf1000,0x00007f6fa2bf5000] with protection modes 0
Event: 114,525 Thread 0x00007f6fc00eb050 Thread exited: 0x00007f6fc00eb050
Event: 115,028 Thread 0x00007f6fc00eb050 Thread added: 0x00007f6fc00eb050
Event: 115,028 Protecting memory [0x00007f6fa2bf1000,0x00007f6fa2bf5000] with protection modes 0
Event: 116,036 Thread 0x00007f6fc00eb050 Thread exited: 0x00007f6fc00eb050


Dynamic libraries:
707600000-717000000 rw-p 00000000 00:00 0 
717000000-800000000 ---p 00000000 00:00 0 
800000000-800020000 rw-p 00000000 00:00 0 
800020000-800040000 rw-p 00000000 00:00 0 
800040000-800100000 rw-p 00000000 00:00 0 
800100000-800120000 rw-p 00000000 00:00 0 
800120000-800140000 rw-p 00000000 00:00 0 
800140000-800190000 rw-p 00000000 00:00 0 
800190000-8001c0000 ---p 00000000 00:00 0 
8001c0000-8001e0000 rw-p 00000000 00:00 0 
8001e0000-840000000 ---p 00000000 00:00 0 
5594c08c1000-5594c08c2000 r-xp 00000000 103:04 963003                    /home/juanb/Downloads/sts-4.13.0.RELEASE/plugins/org.eclipse.justj.openjdk.hotspot.jre.full.linux.x86_64_17.0.1.v20211116-1657/jre/bin/java
5594c0ac2000-5594c0ac3000 r--p 00001000 103:04 963003                    /home/juanb/Downloads/sts-4.13.0.RELEASE/plugins/org.eclipse.justj.openjdk.hotspot.jre.full.linux.x86_64_17.0.1.v20211116-1657/jre/bin/java
5594c0ac3000-5594c0ac4000 rw-p 00002000 103:04 963003                    /home/juanb/Downloads/sts-4.13.0.RELEASE/plugins/org.eclipse.justj.openjdk.hotspot.jre.full.linux.x86_64_17.0.1.v20211116-1657/jre/bin/java
5594c1035000-5594c1056000 rw-p 00000000 00:00 0                          [heap]
7f6f58000000-7f6f58021000 rw-p 00000000 00:00 0 
7f6f58021000-7f6f5c000000 ---p 00000000 00:00 0 
7f6f5c000000-7f6f5c035000 rw-p 00000000 00:00 0 
7f6f5c035000-7f6f60000000 ---p 00000000 00:00 0 
7f6f60000000-7f6f6009d000 rw-p 00000000 00:00 0 
7f6f6009d000-7f6f64000000 ---p 00000000 00:00 0 
7f6f64000000-7f6f64021000 rw-p 00000000 00:00 0 
7f6f64021000-7f6f68000000 ---p 00000000 00:00 0 
7f6f68000000-7f6f68021000 rw-p 00000000 00:00 0 
7f6f68021000-7f6f6c000000 ---p 00000000 00:00 0 
7f6f6c000000-7f6f6c021000 rw-p 00000000 00:00 0 
7f6f6c021000-7f6f70000000 ---p 00000000 00:00 0 
7f6f70000000-7f6f70021000 rw-p 00000000 00:00 0 
7f6f70021000-7f6f74000000 ---p 00000000 00:00 0 
7f6f74000000-7f6f74021000 rw-p 00000000 00:00 0 
7f6f74021000-7f6f78000000 ---p 00000000 00:00 0 
7f6f78000000-7f6f78021000 rw-p 00000000 00:00 0 
7f6f78021000-7f6f7c000000 ---p 00000000 00:00 0 
7f6f7c000000-7f6f7c021000 rw-p 00000000 00:00 0 
7f6f7c021000-7f6f80000000 ---p 00000000 00:00 0 
7f6f80000000-7f6f80021000 rw-p 00000000 00:00 0 
7f6f80021000-7f6f84000000 ---p 00000000 00:00 0 
7f6f84000000-7f6f84021000 rw-p 00000000 00:00 0 
7f6f84021000-7f6f88000000 ---p 00000000 00:00 0 
7f6f88000000-7f6f88021000 rw-p 00000000 00:00 0 
7f6f88021000-7f6f8c000000 ---p 00000000 00:00 0 
7f6f8c000000-7f6f8c021000 rw-p 00000000 00:00 0 
7f6f8c021000-7f6f90000000 ---p 00000000 00:00 0 
7f6f90000000-7f6f90021000 rw-p 00000000 00:00 0 
7f6f90021000-7f6f94000000 ---p 00000000 00:00 0 
7f6f94000000-7f6f94021000 rw-p 00000000 00:00 0 
7f6f94021000-7f6f98000000 ---p 00000000 00:00 0 
7f6f98000000-7f6f98021000 rw-p 00000000 00:00 0 
7f6f98021000-7f6f9c000000 ---p 00000000 00:00 0 
7f6f9c000000-7f6f9c0cf000 rw-p 00000000 00:00 0 
7f6f9c0cf000-7f6fa0000000 ---p 00000000 00:00 0 
7f6fa2504000-7f6fa28ee000 rw-p 00000000 00:00 0 
7f6fa28ee000-7f6fa28f2000 ---p 00000000 00:00 0 
7f6fa28f2000-7f6fa29ef000 rw-p 00000000 00:00 0 
7f6fa29ef000-7f6fa29f3000 ---p 00000000 00:00 0 
7f6fa29f3000-7f6fa2af0000 rw-p 00000000 00:00 0 
7f6fa2af0000-7f6fa2af4000 ---p 00000000 00:00 0 
7f6fa2af4000-7f6fa2bf1000 rw-p 00000000 00:00 0 
7f6fa2bf1000-7f6fa2bf5000 ---p 00000000 00:00 0 
7f6fa2bf5000-7f6fa2cf2000 rw-p 00000000 00:00 0 
7f6fa2cf2000-7f6fa2cf3000 ---p 00000000 00:00 0 
7f6fa2cf3000-7f6fa2df4000 rw-p 00000000 00:00 0 
7f6fa2df4000-7f6fa2df5000 ---p 00000000 00:00 0 
7f6fa2df5000-7f6fa2ef6000 rw-p 00000000 00:00 0 
7f6fa2ef6000-7f6fa2ef7000 ---p 00000000 00:00 0 
7f6fa2ef7000-7f6fa2ff8000 rw-p 00000000 00:00 0 
7f6fa2ff8000-7f6fa2ff9000 ---p 00000000 00:00 0 
7f6fa2ff9000-7f6fa30fa000 rw-p 00000000 00:00 0 
7f6fa30fa000-7f6fa30fb000 ---p 00000000 00:00 0 
7f6fa30fb000-7f6fa31fc000 rw-p 00000000 00:00 0 
7f6fa31fc000-7f6fa31fd000 ---p 00000000 00:00 0 
7f6fa31fd000-7f6fa32fe000 rw-p 00000000 00:00 0 
7f6fa32fe000-7f6fa32ff000 ---p 00000000 00:00 0 
7f6fa32ff000-7f6fa3440000 rw-p 00000000 00:00 0 
7f6fa3440000-7f6fa3480000 rw-p 00000000 00:00 0 
7f6fa3480000-7f6fa3500000 rw-p 00000000 00:00 0 
7f6fa3500000-7f6fa3700000 rw-p 00000000 00:00 0 
7f6fa3700000-7f6fa3720000 rw-p 00000000 00:00 0 
7f6fa3720000-7f6fa3740000 rw-p 00000000 00:00 0 
7f6fa3740000-7f6fa3780000 rw-p 00000000 00:00 0 
7f6fa3780000-7f6fa3900000 rw-p 00000000 00:00 0 
7f6fa3900000-7f6fa39f0000 rw-p 00000000 00:00 0 
7f6fa39f0000-7f6fa3c00000 ---p 00000000 00:00 0 
7f6fa3cef000-7f6fa3cf0000 ---p 00000000 00:00 0 
7f6fa3cf0000-7f6fa3df1000 rw-p 00000000 00:00 0 
7f6fa3df1000-7f6fa3dfe000 r-xp 00000000 103:04 963033                    /home/juanb/Downloads/sts-4.13.0.RELEASE/plugins/org.eclipse.justj.openjdk.hotspot.jre.full.linux.x86_64_17.0.1.v20211116-1657/jre/lib/libverify.so
7f6fa3dfe000-7f6fa3ffd000 ---p 0000d000 103:04 963033                    /home/juanb/Downloads/sts-4.13.0.RELEASE/plugins/org.eclipse.justj.openjdk.hotspot.jre.full.linux.x86_64_17.0.1.v20211116-1657/jre/lib/libverify.so
7f6fa3ffd000-7f6fa3fff000 r--p 0000c000 103:04 963033                    /home/juanb/Downloads/sts-4.13.0.RELEASE/plugins/org.eclipse.justj.openjdk.hotspot.jre.full.linux.x86_64_17.0.1.v20211116-1657/jre/lib/libverify.so
7f6fa3fff000-7f6fa4000000 rw-p 0000e000 103:04 963033                    /home/juanb/Downloads/sts-4.13.0.RELEASE/plugins/org.eclipse.justj.openjdk.hotspot.jre.full.linux.x86_64_17.0.1.v20211116-1657/jre/lib/libverify.so
7f6fa4000000-7f6fa4021000 rw-p 00000000 00:00 0 
7f6fa4021000-7f6fa8000000 ---p 00000000 00:00 0 
7f6fa8000000-7f6fa8021000 rw-p 00000000 00:00 0 
7f6fa8021000-7f6fac000000 ---p 00000000 00:00 0 
7f6fac000000-7f6fac0fa000 rw-p 00000000 00:00 0 
7f6fac0fa000-7f6fb0000000 ---p 00000000 00:00 0 
7f6fb0000000-7f6fb0026000 rw-p 00000000 00:00 0 
7f6fb0026000-7f6fb4000000 ---p 00000000 00:00 0 
7f6fb4000000-7f6fb4021000 rw-p 00000000 00:00 0 
7f6fb4021000-7f6fb8000000 ---p 00000000 00:00 0 
7f6fb8000000-7f6fb8021000 rw-p 00000000 00:00 0 
7f6fb8021000-7f6fbc000000 ---p 00000000 00:00 0 
7f6fbc000000-7f6fbc021000 rw-p 00000000 00:00 0 
7f6fbc021000-7f6fc0000000 ---p 00000000 00:00 0 
7f6fc0000000-7f6fc028a000 rw-p 00000000 00:00 0 
7f6fc028a000-7f6fc4000000 ---p 00000000 00:00 0 
7f6fc4000000-7f6fc4021000 rw-p 00000000 00:00 0 
7f6fc4021000-7f6fc8000000 ---p 00000000 00:00 0 
7f6fc8000000-7f6fc8021000 rw-p 00000000 00:00 0 
7f6fc8021000-7f6fcc000000 ---p 00000000 00:00 0 
7f6fcc000000-7f6fcc021000 rw-p 00000000 00:00 0 
7f6fcc021000-7f6fd0000000 ---p 00000000 00:00 0 
7f6fd0000000-7f6fd0021000 rw-p 00000000 00:00 0 
7f6fd0021000-7f6fd4000000 ---p 00000000 00:00 0 
7f6fd4000000-7f6fd4021000 rw-p 00000000 00:00 0 
7f6fd4021000-7f6fd8000000 ---p 00000000 00:00 0 
7f6fd8000000-7f6fd8021000 rw-p 00000000 00:00 0 
7f6fd8021000-7f6fdc000000 ---p 00000000 00:00 0 
7f6fdc000000-7f6fdc021000 rw-p 00000000 00:00 0 
7f6fdc021000-7f6fe0000000 ---p 00000000 00:00 0 
7f6fe0042000-7f6fe0043000 ---p 00000000 00:00 0 
7f6fe0043000-7f6fe0144000 rw-p 00000000 00:00 0 
7f6fe0144000-7f6fe0148000 ---p 00000000 00:00 0 
7f6fe0148000-7f6fe0245000 rw-p 00000000 00:00 0 
7f6fe0245000-7f6fe0249000 ---p 00000000 00:00 0 
7f6fe0249000-7f6fe0346000 rw-p 00000000 00:00 0 
7f6fe0346000-7f6fe034a000 ---p 00000000 00:00 0 
7f6fe034a000-7f6fe0447000 rw-p 00000000 00:00 0 
7f6fe0447000-7f6fe0449000 r-xp 00000000 103:04 963064                    /home/juanb/Downloads/sts-4.13.0.RELEASE/plugins/org.eclipse.justj.openjdk.hotspot.jre.full.linux.x86_64_17.0.1.v20211116-1657/jre/lib/libextnet.so
7f6fe0449000-7f6fe0648000 ---p 00002000 103:04 963064                    /home/juanb/Downloads/sts-4.13.0.RELEASE/plugins/org.eclipse.justj.openjdk.hotspot.jre.full.linux.x86_64_17.0.1.v20211116-1657/jre/lib/libextnet.so
7f6fe0648000-7f6fe0649000 r--p 00001000 103:04 963064                    /home/juanb/Downloads/sts-4.13.0.RELEASE/plugins/org.eclipse.justj.openjdk.hotspot.jre.full.linux.x86_64_17.0.1.v20211116-1657/jre/lib/libextnet.so
7f6fe0649000-7f6fe064a000 rw-p 00002000 103:04 963064                    /home/juanb/Downloads/sts-4.13.0.RELEASE/plugins/org.eclipse.justj.openjdk.hotspot.jre.full.linux.x86_64_17.0.1.v20211116-1657/jre/lib/libextnet.so
7f6fe064a000-7f6fe064f000 r-xp 00000000 103:04 963046                    /home/juanb/Downloads/sts-4.13.0.RELEASE/plugins/org.eclipse.justj.openjdk.hotspot.jre.full.linux.x86_64_17.0.1.v20211116-1657/jre/lib/libmanagement_ext.so
7f6fe064f000-7f6fe084f000 ---p 00005000 103:04 963046                    /home/juanb/Downloads/sts-4.13.0.RELEASE/plugins/org.eclipse.justj.openjdk.hotspot.jre.full.linux.x86_64_17.0.1.v20211116-1657/jre/lib/libmanagement_ext.so
7f6fe084f000-7f6fe0850000 r--p 00005000 103:04 963046                    /home/juanb/Downloads/sts-4.13.0.RELEASE/plugins/org.eclipse.justj.openjdk.hotspot.jre.full.linux.x86_64_17.0.1.v20211116-1657/jre/lib/libmanagement_ext.so
7f6fe0850000-7f6fe0851000 rw-p 00006000 103:04 963046                    /home/juanb/Downloads/sts-4.13.0.RELEASE/plugins/org.eclipse.justj.openjdk.hotspot.jre.full.linux.x86_64_17.0.1.v20211116-1657/jre/lib/libmanagement_ext.so
7f6fe0851000-7f6fe0855000 r-xp 00000000 103:04 963080                    /home/juanb/Downloads/sts-4.13.0.RELEASE/plugins/org.eclipse.justj.openjdk.hotspot.jre.full.linux.x86_64_17.0.1.v20211116-1657/jre/lib/libmanagement.so
7f6fe0855000-7f6fe0a54000 ---p 00004000 103:04 963080                    /home/juanb/Downloads/sts-4.13.0.RELEASE/plugins/org.eclipse.justj.openjdk.hotspot.jre.full.linux.x86_64_17.0.1.v20211116-1657/jre/lib/libmanagement.so
7f6fe0a54000-7f6fe0a55000 r--p 00003000 103:04 963080                    /home/juanb/Downloads/sts-4.13.0.RELEASE/plugins/org.eclipse.justj.openjdk.hotspot.jre.full.linux.x86_64_17.0.1.v20211116-1657/jre/lib/libmanagement.so
7f6fe0a55000-7f6fe0a56000 rw-p 00004000 103:04 963080                    /home/juanb/Downloads/sts-4.13.0.RELEASE/plugins/org.eclipse.justj.openjdk.hotspot.jre.full.linux.x86_64_17.0.1.v20211116-1657/jre/lib/libmanagement.so
7f6fe0a56000-7f6fe0a5a000 ---p 00000000 00:00 0 
7f6fe0a5a000-7f6fe0b57000 rw-p 00000000 00:00 0 
7f6fe0b57000-7f6fe0b5b000 ---p 00000000 00:00 0 
7f6fe0b5b000-7f6fe0c58000 rw-p 00000000 00:00 0 
7f6fe0c58000-7f6fe0c6d000 r-xp 00000000 103:04 963062                    /home/juanb/Downloads/sts-4.13.0.RELEASE/plugins/org.eclipse.justj.openjdk.hotspot.jre.full.linux.x86_64_17.0.1.v20211116-1657/jre/lib/libnet.so
7f6fe0c6d000-7f6fe0e6c000 ---p 00015000 103:04 963062                    /home/juanb/Downloads/sts-4.13.0.RELEASE/plugins/org.eclipse.justj.openjdk.hotspot.jre.full.linux.x86_64_17.0.1.v20211116-1657/jre/lib/libnet.so
7f6fe0e6c000-7f6fe0e6d000 r--p 00014000 103:04 963062                    /home/juanb/Downloads/sts-4.13.0.RELEASE/plugins/org.eclipse.justj.openjdk.hotspot.jre.full.linux.x86_64_17.0.1.v20211116-1657/jre/lib/libnet.so
7f6fe0e6d000-7f6fe0e6e000 rw-p 00015000 103:04 963062                    /home/juanb/Downloads/sts-4.13.0.RELEASE/plugins/org.eclipse.justj.openjdk.hotspot.jre.full.linux.x86_64_17.0.1.v20211116-1657/jre/lib/libnet.so
7f6fe0e6e000-7f6fe0e80000 r-xp 00000000 103:04 963071                    /home/juanb/Downloads/sts-4.13.0.RELEASE/plugins/org.eclipse.justj.openjdk.hotspot.jre.full.linux.x86_64_17.0.1.v20211116-1657/jre/lib/libnio.so
7f6fe0e80000-7f6fe107f000 ---p 00012000 103:04 963071                    /home/juanb/Downloads/sts-4.13.0.RELEASE/plugins/org.eclipse.justj.openjdk.hotspot.jre.full.linux.x86_64_17.0.1.v20211116-1657/jre/lib/libnio.so
7f6fe107f000-7f6fe1080000 r--p 00011000 103:04 963071                    /home/juanb/Downloads/sts-4.13.0.RELEASE/plugins/org.eclipse.justj.openjdk.hotspot.jre.full.linux.x86_64_17.0.1.v20211116-1657/jre/lib/libnio.so
7f6fe1080000-7f6fe1081000 rw-p 00012000 103:04 963071                    /home/juanb/Downloads/sts-4.13.0.RELEASE/plugins/org.eclipse.justj.openjdk.hotspot.jre.full.linux.x86_64_17.0.1.v20211116-1657/jre/lib/libnio.so
7f6fe1081000-7f6fe1085000 ---p 00000000 00:00 0 
7f6fe1085000-7f6fe1182000 rw-p 00000000 00:00 0 
7f6fe1182000-7f6fe1186000 ---p 00000000 00:00 0 
7f6fe1186000-7f6fe1283000 rw-p 00000000 00:00 0 
7f6fe1283000-7f6fe1287000 ---p 00000000 00:00 0 
7f6fe1287000-7f6fe1384000 rw-p 00000000 00:00 0 
7f6fe1384000-7f6fe1389000 r-xp 00000000 103:04 963047                    /home/juanb/Downloads/sts-4.13.0.RELEASE/plugins/org.eclipse.justj.openjdk.hotspot.jre.full.linux.x86_64_17.0.1.v20211116-1657/jre/lib/libdt_socket.so
7f6fe1389000-7f6fe1588000 ---p 00005000 103:04 963047                    /home/juanb/Downloads/sts-4.13.0.RELEASE/plugins/org.eclipse.justj.openjdk.hotspot.jre.full.linux.x86_64_17.0.1.v20211116-1657/jre/lib/libdt_socket.so
7f6fe1588000-7f6fe1589000 r--p 00004000 103:04 963047                    /home/juanb/Downloads/sts-4.13.0.RELEASE/plugins/org.eclipse.justj.openjdk.hotspot.jre.full.linux.x86_64_17.0.1.v20211116-1657/jre/lib/libdt_socket.so
7f6fe1589000-7f6fe158a000 rw-p 00005000 103:04 963047                    /home/juanb/Downloads/sts-4.13.0.RELEASE/plugins/org.eclipse.justj.openjdk.hotspot.jre.full.linux.x86_64_17.0.1.v20211116-1657/jre/lib/libdt_socket.so
7f6fe158a000-7f6fe158e000 ---p 00000000 00:00 0 
7f6fe158e000-7f6fe168b000 rw-p 00000000 00:00 0 
7f6fe168b000-7f6fe168f000 ---p 00000000 00:00 0 
7f6fe168f000-7f6fe178c000 rw-p 00000000 00:00 0 
7f6fe178c000-7f6fe1790000 ---p 00000000 00:00 0 
7f6fe1790000-7f6fe188d000 rw-p 00000000 00:00 0 
7f6fe188d000-7f6fe1891000 ---p 00000000 00:00 0 
7f6fe1891000-7f6fe198e000 rw-p 00000000 00:00 0 
7f6fe198e000-7f6fe1992000 ---p 00000000 00:00 0 
7f6fe1992000-7f6fe1a8f000 rw-p 00000000 00:00 0 
7f6fe1a8f000-7f6fe2000000 r--p 00000000 103:04 1835010                   /usr/lib/locale/locale-archive
7f6fe2000000-7f6fe4000000 rw-p 00000000 00:00 0 
7f6fe4000000-7f6fe4021000 rw-p 00000000 00:00 0 
7f6fe4021000-7f6fe8000000 ---p 00000000 00:00 0 
7f6fe8000000-7f6fe8021000 rw-p 00000000 00:00 0 
7f6fe8021000-7f6fec000000 ---p 00000000 00:00 0 
7f6fec000000-7f6fec021000 rw-p 00000000 00:00 0 
7f6fec021000-7f6ff0000000 ---p 00000000 00:00 0 
7f6ff00f1000-7f6ff00f5000 ---p 00000000 00:00 0 
7f6ff00f5000-7f6ff01f2000 rw-p 00000000 00:00 0 
7f6ff01f2000-7f6ff01f6000 ---p 00000000 00:00 0 
7f6ff01f6000-7f6ff02f3000 rw-p 00000000 00:00 0 
7f6ff02f3000-7f6ff02f7000 ---p 00000000 00:00 0 
7f6ff02f7000-7f6ff03f4000 rw-p 00000000 00:00 0 
7f6ff03f4000-7f6ff03f8000 ---p 00000000 00:00 0 
7f6ff03f8000-7f6ff04f5000 rw-p 00000000 00:00 0 
7f6ff04f5000-7f6ff04f6000 ---p 00000000 00:00 0 
7f6ff04f6000-7f6ff05f7000 rw-p 00000000 00:00 0 
7f6ff05f7000-7f6ff05fe000 r-xp 00000000 103:04 963052                    /home/juanb/Downloads/sts-4.13.0.RELEASE/plugins/org.eclipse.justj.openjdk.hotspot.jre.full.linux.x86_64_17.0.1.v20211116-1657/jre/lib/libzip.so
7f6ff05fe000-7f6ff07fe000 ---p 00007000 103:04 963052                    /home/juanb/Downloads/sts-4.13.0.RELEASE/plugins/org.eclipse.justj.openjdk.hotspot.jre.full.linux.x86_64_17.0.1.v20211116-1657/jre/lib/libzip.so
7f6ff07fe000-7f6ff07ff000 r--p 00007000 103:04 963052                    /home/juanb/Downloads/sts-4.13.0.RELEASE/plugins/org.eclipse.justj.openjdk.hotspot.jre.full.linux.x86_64_17.0.1.v20211116-1657/jre/lib/libzip.so
7f6ff07ff000-7f6ff0800000 rw-p 00008000 103:04 963052                    /home/juanb/Downloads/sts-4.13.0.RELEASE/plugins/org.eclipse.justj.openjdk.hotspot.jre.full.linux.x86_64_17.0.1.v20211116-1657/jre/lib/libzip.so
7f6ff0800000-7f6ff0d00000 rw-p 00000000 00:00 0 
7f6ff0d00000-7f6ff0d20000 rw-p 00000000 00:00 0 
7f6ff0d20000-7f6ff0d40000 rw-p 00000000 00:00 0 
7f6ff0d40000-7f6ff0d80000 rw-p 00000000 00:00 0 
7f6ff0d80000-7f6ff1000000 rw-p 00000000 00:00 0 
7f6ff107d000-7f6ff1159000 rw-p 00000000 00:00 0 
7f6ff1159000-7f6ff115a000 ---p 00000000 00:00 0 
7f6ff115a000-7f6ff125b000 rw-p 00000000 00:00 0 
7f6ff125b000-7f6ff125c000 ---p 00000000 00:00 0 
7f6ff125c000-7f6ff1b65000 rw-p 00000000 00:00 0 
7f6ff1b65000-7f6ff1b66000 ---p 00000000 00:00 0 
7f6ff1b66000-7f6ff1c67000 rw-p 00000000 00:00 0 
7f6ff1c67000-7f6ff1c68000 ---p 00000000 00:00 0 
7f6ff1c68000-7f6ff2151000 rw-p 00000000 00:00 0 
7f6ff2151000-7f6ff5b91000 ---p 00000000 00:00 0 
7f6ff5b91000-7f6ff5f79000 rw-p 00000000 00:00 0 
7f6ff5f79000-7f6ff99b9000 ---p 00000000 00:00 0 
7f6ff99b9000-7f6ff9df9000 rwxp 00000000 00:00 0 
7f6ff9df9000-7f6ffc9b9000 ---p 00000000 00:00 0 
7f6ffc9b9000-7f7000000000 r--s 00000000 103:04 963079                    /home/juanb/Downloads/sts-4.13.0.RELEASE/plugins/org.eclipse.justj.openjdk.hotspot.jre.full.linux.x86_64_17.0.1.v20211116-1657/jre/lib/modules
7f7000000000-7f7000ac0000 rw-p 00000000 00:00 0 
7f7000ac0000-7f7004000000 ---p 00000000 00:00 0 
7f700401a000-7f7004021000 r--s 00000000 103:04 1705149                   /usr/lib/x86_64-linux-gnu/gconv/gconv-modules.cache
7f7004021000-7f7004062000 rw-p 00000000 00:00 0 
7f7004062000-7f7004063000 ---p 00000000 00:00 0 
7f7004063000-7f7004262000 rw-p 00000000 00:00 0 
7f7004262000-7f70049aa000 ---p 00000000 00:00 0 
7f70049aa000-7f7004a27000 rw-p 00000000 00:00 0 
7f7004a27000-7f700516f000 ---p 00000000 00:00 0 
7f700516f000-7f70051ec000 rw-p 00000000 00:00 0 
7f70051ec000-7f7005934000 ---p 00000000 00:00 0 
7f7005934000-7f7006145000 rw-p 00000000 00:00 0 
7f7006145000-7f700619c000 ---p 00000000 00:00 0 
7f700619c000-7f70061a6000 r-xp 00000000 103:04 963072                    /home/juanb/Downloads/sts-4.13.0.RELEASE/plugins/org.eclipse.justj.openjdk.hotspot.jre.full.linux.x86_64_17.0.1.v20211116-1657/jre/lib/libinstrument.so
7f70061a6000-7f70063a5000 ---p 0000a000 103:04 963072                    /home/juanb/Downloads/sts-4.13.0.RELEASE/plugins/org.eclipse.justj.openjdk.hotspot.jre.full.linux.x86_64_17.0.1.v20211116-1657/jre/lib/libinstrument.so
7f70063a5000-7f70063a6000 r--p 00009000 103:04 963072                    /home/juanb/Downloads/sts-4.13.0.RELEASE/plugins/org.eclipse.justj.openjdk.hotspot.jre.full.linux.x86_64_17.0.1.v20211116-1657/jre/lib/libinstrument.so
7f70063a6000-7f70063a7000 rw-p 0000a000 103:04 963072                    /home/juanb/Downloads/sts-4.13.0.RELEASE/plugins/org.eclipse.justj.openjdk.hotspot.jre.full.linux.x86_64_17.0.1.v20211116-1657/jre/lib/libinstrument.so
7f70063a7000-7f70063cb000 r-xp 00000000 103:04 963074                    /home/juanb/Downloads/sts-4.13.0.RELEASE/plugins/org.eclipse.justj.openjdk.hotspot.jre.full.linux.x86_64_17.0.1.v20211116-1657/jre/lib/libjava.so
7f70063cb000-7f70065cb000 ---p 00024000 103:04 963074                    /home/juanb/Downloads/sts-4.13.0.RELEASE/plugins/org.eclipse.justj.openjdk.hotspot.jre.full.linux.x86_64_17.0.1.v20211116-1657/jre/lib/libjava.so
7f70065cb000-7f70065cc000 r--p 00024000 103:04 963074                    /home/juanb/Downloads/sts-4.13.0.RELEASE/plugins/org.eclipse.justj.openjdk.hotspot.jre.full.linux.x86_64_17.0.1.v20211116-1657/jre/lib/libjava.so
7f70065cc000-7f70065cd000 rw-p 00025000 103:04 963074                    /home/juanb/Downloads/sts-4.13.0.RELEASE/plugins/org.eclipse.justj.openjdk.hotspot.jre.full.linux.x86_64_17.0.1.v20211116-1657/jre/lib/libjava.so
7f70065cd000-7f70065ce000 rw-p 00000000 00:00 0 
7f70065ce000-7f700660d000 r-xp 00000000 103:04 963073                    /home/juanb/Downloads/sts-4.13.0.RELEASE/plugins/org.eclipse.justj.openjdk.hotspot.jre.full.linux.x86_64_17.0.1.v20211116-1657/jre/lib/libjdwp.so
7f700660d000-7f700680c000 ---p 0003f000 103:04 963073                    /home/juanb/Downloads/sts-4.13.0.RELEASE/plugins/org.eclipse.justj.openjdk.hotspot.jre.full.linux.x86_64_17.0.1.v20211116-1657/jre/lib/libjdwp.so
7f700680c000-7f700680d000 r--p 0003e000 103:04 963073                    /home/juanb/Downloads/sts-4.13.0.RELEASE/plugins/org.eclipse.justj.openjdk.hotspot.jre.full.linux.x86_64_17.0.1.v20211116-1657/jre/lib/libjdwp.so
7f700680d000-7f700680e000 rw-p 0003f000 103:04 963073                    /home/juanb/Downloads/sts-4.13.0.RELEASE/plugins/org.eclipse.justj.openjdk.hotspot.jre.full.linux.x86_64_17.0.1.v20211116-1657/jre/lib/libjdwp.so
7f700680e000-7f700680f000 rw-p 00000000 00:00 0 
7f700680f000-7f700682a000 r-xp 00000000 103:04 963061                    /home/juanb/Downloads/sts-4.13.0.RELEASE/plugins/org.eclipse.justj.openjdk.hotspot.jre.full.linux.x86_64_17.0.1.v20211116-1657/jre/lib/libjimage.so
7f700682a000-7f7006a29000 ---p 0001b000 103:04 963061                    /home/juanb/Downloads/sts-4.13.0.RELEASE/plugins/org.eclipse.justj.openjdk.hotspot.jre.full.linux.x86_64_17.0.1.v20211116-1657/jre/lib/libjimage.so
7f7006a29000-7f7006a2b000 r--p 0001a000 103:04 963061                    /home/juanb/Downloads/sts-4.13.0.RELEASE/plugins/org.eclipse.justj.openjdk.hotspot.jre.full.linux.x86_64_17.0.1.v20211116-1657/jre/lib/libjimage.so
7f7006a2b000-7f7006a2c000 rw-p 0001c000 103:04 963061                    /home/juanb/Downloads/sts-4.13.0.RELEASE/plugins/org.eclipse.justj.openjdk.hotspot.jre.full.linux.x86_64_17.0.1.v20211116-1657/jre/lib/libjimage.so
7f7006a2c000-7f7006a30000 ---p 00000000 00:00 0 
7f7006a30000-7f7006b2d000 rw-p 00000000 00:00 0 
7f7006b2d000-7f7006b3a000 r--p 00000000 103:04 1350639                   /usr/lib/x86_64-linux-gnu/libm-2.31.so
7f7006b3a000-7f7006be1000 r-xp 0000d000 103:04 1350639                   /usr/lib/x86_64-linux-gnu/libm-2.31.so
7f7006be1000-7f7006c7a000 r--p 000b4000 103:04 1350639                   /usr/lib/x86_64-linux-gnu/libm-2.31.so
7f7006c7a000-7f7006c7b000 r--p 0014c000 103:04 1350639                   /usr/lib/x86_64-linux-gnu/libm-2.31.so
7f7006c7b000-7f7006c7c000 rw-p 0014d000 103:04 1350639                   /usr/lib/x86_64-linux-gnu/libm-2.31.so
7f7006c7c000-7f7006c7e000 r--p 00000000 103:04 1350661                   /usr/lib/x86_64-linux-gnu/librt-2.31.so
7f7006c7e000-7f7006c82000 r-xp 00002000 103:04 1350661                   /usr/lib/x86_64-linux-gnu/librt-2.31.so
7f7006c82000-7f7006c84000 r--p 00006000 103:04 1350661                   /usr/lib/x86_64-linux-gnu/librt-2.31.so
7f7006c84000-7f7006c85000 r--p 00007000 103:04 1350661                   /usr/lib/x86_64-linux-gnu/librt-2.31.so
7f7006c85000-7f7006c86000 rw-p 00008000 103:04 1350661                   /usr/lib/x86_64-linux-gnu/librt-2.31.so
7f7006c86000-7f7007f65000 r-xp 00000000 103:04 963049                    /home/juanb/Downloads/sts-4.13.0.RELEASE/plugins/org.eclipse.justj.openjdk.hotspot.jre.full.linux.x86_64_17.0.1.v20211116-1657/jre/lib/server/libjvm.so
7f7007f65000-7f7008164000 ---p 012df000 103:04 963049                    /home/juanb/Downloads/sts-4.13.0.RELEASE/plugins/org.eclipse.justj.openjdk.hotspot.jre.full.linux.x86_64_17.0.1.v20211116-1657/jre/lib/server/libjvm.so
7f7008164000-7f700821d000 r--p 012de000 103:04 963049                    /home/juanb/Downloads/sts-4.13.0.RELEASE/plugins/org.eclipse.justj.openjdk.hotspot.jre.full.linux.x86_64_17.0.1.v20211116-1657/jre/lib/server/libjvm.so
7f700821d000-7f7008251000 rw-p 01397000 103:04 963049                    /home/juanb/Downloads/sts-4.13.0.RELEASE/plugins/org.eclipse.justj.openjdk.hotspot.jre.full.linux.x86_64_17.0.1.v20211116-1657/jre/lib/server/libjvm.so
7f7008251000-7f70082ad000 rw-p 00000000 00:00 0 
7f70082ad000-7f70082cf000 r--p 00000000 103:04 1350635                   /usr/lib/x86_64-linux-gnu/libc-2.31.so
7f70082cf000-7f7008447000 r-xp 00022000 103:04 1350635                   /usr/lib/x86_64-linux-gnu/libc-2.31.so
7f7008447000-7f7008495000 r--p 0019a000 103:04 1350635                   /usr/lib/x86_64-linux-gnu/libc-2.31.so
7f7008495000-7f7008499000 r--p 001e7000 103:04 1350635                   /usr/lib/x86_64-linux-gnu/libc-2.31.so
7f7008499000-7f700849b000 rw-p 001eb000 103:04 1350635                   /usr/lib/x86_64-linux-gnu/libc-2.31.so
7f700849b000-7f700849f000 rw-p 00000000 00:00 0 
7f700849f000-7f70084a0000 r--p 00000000 103:04 1350637                   /usr/lib/x86_64-linux-gnu/libdl-2.31.so
7f70084a0000-7f70084a2000 r-xp 00001000 103:04 1350637                   /usr/lib/x86_64-linux-gnu/libdl-2.31.so
7f70084a2000-7f70084a3000 r--p 00003000 103:04 1350637                   /usr/lib/x86_64-linux-gnu/libdl-2.31.so
7f70084a3000-7f70084a4000 r--p 00003000 103:04 1350637                   /usr/lib/x86_64-linux-gnu/libdl-2.31.so
7f70084a4000-7f70084a5000 rw-p 00004000 103:04 1350637                   /usr/lib/x86_64-linux-gnu/libdl-2.31.so
7f70084a5000-7f70084ab000 r--p 00000000 103:04 1350659                   /usr/lib/x86_64-linux-gnu/libpthread-2.31.so
7f70084ab000-7f70084bc000 r-xp 00006000 103:04 1350659                   /usr/lib/x86_64-linux-gnu/libpthread-2.31.so
7f70084bc000-7f70084c2000 r--p 00017000 103:04 1350659                   /usr/lib/x86_64-linux-gnu/libpthread-2.31.so
7f70084c2000-7f70084c3000 r--p 0001c000 103:04 1350659                   /usr/lib/x86_64-linux-gnu/libpthread-2.31.so
7f70084c3000-7f70084c4000 rw-p 0001d000 103:04 1350659                   /usr/lib/x86_64-linux-gnu/libpthread-2.31.so
7f70084c4000-7f70084c8000 rw-p 00000000 00:00 0 
7f70084c8000-7f70084d7000 r-xp 00000000 103:04 963078                    /home/juanb/Downloads/sts-4.13.0.RELEASE/plugins/org.eclipse.justj.openjdk.hotspot.jre.full.linux.x86_64_17.0.1.v20211116-1657/jre/lib/libjli.so
7f70084d7000-7f70086d7000 ---p 0000f000 103:04 963078                    /home/juanb/Downloads/sts-4.13.0.RELEASE/plugins/org.eclipse.justj.openjdk.hotspot.jre.full.linux.x86_64_17.0.1.v20211116-1657/jre/lib/libjli.so
7f70086d7000-7f70086d8000 r--p 0000f000 103:04 963078                    /home/juanb/Downloads/sts-4.13.0.RELEASE/plugins/org.eclipse.justj.openjdk.hotspot.jre.full.linux.x86_64_17.0.1.v20211116-1657/jre/lib/libjli.so
7f70086d8000-7f70086d9000 rw-p 00010000 103:04 963078                    /home/juanb/Downloads/sts-4.13.0.RELEASE/plugins/org.eclipse.justj.openjdk.hotspot.jre.full.linux.x86_64_17.0.1.v20211116-1657/jre/lib/libjli.so
7f70086d9000-7f70086db000 r--p 00000000 103:04 1314318                   /usr/lib/x86_64-linux-gnu/libz.so.1.2.11
7f70086db000-7f70086ec000 r-xp 00002000 103:04 1314318                   /usr/lib/x86_64-linux-gnu/libz.so.1.2.11
7f70086ec000-7f70086f2000 r--p 00013000 103:04 1314318                   /usr/lib/x86_64-linux-gnu/libz.so.1.2.11
7f70086f2000-7f70086f3000 ---p 00019000 103:04 1314318                   /usr/lib/x86_64-linux-gnu/libz.so.1.2.11
7f70086f3000-7f70086f4000 r--p 00019000 103:04 1314318                   /usr/lib/x86_64-linux-gnu/libz.so.1.2.11
7f70086f4000-7f70086f5000 rw-p 0001a000 103:04 1314318                   /usr/lib/x86_64-linux-gnu/libz.so.1.2.11
7f70086f7000-7f70086ff000 rw-s 00000000 103:04 529015                    /tmp/hsperfdata_juanb/196696
7f70086ff000-7f7008702000 r--p 00000000 103:04 1350651                   /usr/lib/x86_64-linux-gnu/libnss_files-2.31.so
7f7008702000-7f7008709000 r-xp 00003000 103:04 1350651                   /usr/lib/x86_64-linux-gnu/libnss_files-2.31.so
7f7008709000-7f700870b000 r--p 0000a000 103:04 1350651                   /usr/lib/x86_64-linux-gnu/libnss_files-2.31.so
7f700870b000-7f700870c000 r--p 0000b000 103:04 1350651                   /usr/lib/x86_64-linux-gnu/libnss_files-2.31.so
7f700870c000-7f700870d000 rw-p 0000c000 103:04 1350651                   /usr/lib/x86_64-linux-gnu/libnss_files-2.31.so
7f700870d000-7f7008713000 rw-p 00000000 00:00 0 
7f7008713000-7f7008714000 ---p 00000000 00:00 0 
7f7008714000-7f7008715000 r--p 00000000 00:00 0 
7f7008715000-7f7008717000 rw-p 00000000 00:00 0 
7f7008717000-7f7008718000 r--p 00000000 103:04 1350627                   /usr/lib/x86_64-linux-gnu/ld-2.31.so
7f7008718000-7f700873b000 r-xp 00001000 103:04 1350627                   /usr/lib/x86_64-linux-gnu/ld-2.31.so
7f700873b000-7f7008743000 r--p 00024000 103:04 1350627                   /usr/lib/x86_64-linux-gnu/ld-2.31.so
7f7008743000-7f7008744000 ---p 00000000 00:00 0 
7f7008744000-7f7008745000 r--p 0002c000 103:04 1350627                   /usr/lib/x86_64-linux-gnu/ld-2.31.so
7f7008745000-7f7008746000 rw-p 0002d000 103:04 1350627                   /usr/lib/x86_64-linux-gnu/ld-2.31.so
7f7008746000-7f7008747000 rw-p 00000000 00:00 0 
7ffc22cf7000-7ffc22d1b000 rw-p 00000000 00:00 0                          [stack]
7ffc22d66000-7ffc22d69000 r--p 00000000 00:00 0                          [vvar]
7ffc22d69000-7ffc22d6a000 r-xp 00000000 00:00 0                          [vdso]
ffffffffff600000-ffffffffff601000 --xp 00000000 00:00 0                  [vsyscall]


VM Arguments:
jvm_args: -XX:+ShowCodeDetailsInExceptionMessages -agentlib:jdwp=transport=dt_socket,suspend=y,address=localhost:33417 -Dcom.sun.management.jmxremote -Dcom.sun.management.jmxremote.port=37785 -Dcom.sun.management.jmxremote.authenticate=false -Dcom.sun.management.jmxremote.ssl=false -Djava.rmi.server.hostname=localhost -Dspring.jmx.enabled=true -Dspring.application.admin.enabled=true -Djava.security.egd=file:/dev/./urandom -XX:TieredStopAtLevel=1 -Dspring.boot.project.name=projeto-psr-backend -javaagent:/home/juanb/Downloads/sts-4.13.0.RELEASE/configuration/org.eclipse.osgi/703/0/.cp/lib/javaagent-shaded.jar -Dfile.encoding=UTF-8 
java_command: br.ufs.dcomp.projetopsr.AIproject.ScheduleCSPDemo --spring.output.ansi.enabled=always
java_class_path (initial): /home/juanb/Documents/workspace-spring-tool-suite-4-4.13.0.RELEASE/projeto-psr-backend/target/classes:/home/juanb/Documents/workspace-spring-tool-suite-4-4.13.0.RELEASE/projeto-psr-backend/lib/aima-core.jar:/home/juanb/.m2/repository/com/github/dpaukov/combinatoricslib3/3.3.0/combinatoricslib3-3.3.0.jar:/home/juanb/.m2/repository/de/vandermeer/asciitable/0.3.2/asciitable-0.3.2.jar:/home/juanb/.m2/repository/de/vandermeer/ascii-utf-themes/0.0.1/ascii-utf-themes-0.0.1.jar:/home/juanb/.m2/repository/de/vandermeer/skb-interfaces/0.0.1/skb-interfaces-0.0.1.jar:/home/juanb/.m2/repository/org/apache/commons/commons-lang3/3.12.0/commons-lang3-3.12.0.jar:/home/juanb/.m2/repository/org/antlr/ST4/4.0.8/ST4-4.0.8.jar:/home/juanb/.m2/repository/org/antlr/antlr-runtime/3.5.2/antlr-runtime-3.5.2.jar:/home/juanb/.m2/repository/org/antlr/antlr4/4.5.1/antlr4-4.5.1.jar:/home/juanb/.m2/repository/de/vandermeer/char-translation/0.0.2/char-translation-0.0.2.jar:/home/juanb/.m2/repository/org/springframework/boot/spring-boot-starter-thymeleaf/2.6.7/spring-boot-starter-thymeleaf-2.6.7.jar:/home/juanb/.m2/repository/org/springframework/boot/spring-boot-starter/2.6.7/spring-boot-starter-2.6.7.jar:/home/juanb/.m2/repository/org/springframework/boot/spring-boot-starter-logging/2.6.7/spring-boot-starter-logging-2.6.7.jar:/home/juanb/.m2/repository/ch/qos/logback/logback-classic/1.2.11/logback-classic-1.2.11.jar:/home/juanb/.m2/repository/ch/qos/logback/logback-core/1.2.11/logback-core-1.2.11.jar:/home/juanb/.m2/repository/org/apache/logging/log4j/log4j-to-slf4j/2.17.2/log4j-to-slf4j-2.17.2.jar:/home/juanb/.m2/repository/org/apache/logging/log4j/log4j-api/2.17.2/log4j-api-2.17.2.jar:/home/juanb/.m2/repository/org/slf4j/jul-to-slf4j/1.7.36/jul-to-slf4j-1.7.36.jar:/home/juanb/.m2/repository/jakarta/annotation/jakarta.annotation-api/1.3.5/jakarta.annotation-api-1.3.5.jar:/home/juanb/.m2/repository/org/yaml/snakeyaml/1.29/snakeyaml-1.29.jar:/home/juanb/.m2/repository/org
Launcher Type: SUN_STANDARD

[Global flags]
     intx CICompilerCount                          = 4                                         {product} {ergonomic}
     uint ConcGCThreads                            = 2                                         {product} {ergonomic}
     uint G1ConcRefinementThreads                  = 8                                         {product} {ergonomic}
   size_t G1HeapRegionSize                         = 2097152                                   {product} {ergonomic}
    uintx GCDrainStackTargetSize                   = 64                                        {product} {ergonomic}
   size_t InitialHeapSize                          = 262144000                                 {product} {ergonomic}
     bool ManagementServer                         = true                                      {product} {command line}
   size_t MarkStackSize                            = 4194304                                   {product} {ergonomic}
   size_t MaxHeapSize                              = 4171235328                                {product} {ergonomic}
   size_t MaxNewSize                               = 2501902336                                {product} {ergonomic}
   size_t MinHeapDeltaBytes                        = 2097152                                   {product} {ergonomic}
   size_t MinHeapSize                              = 8388608                                   {product} {ergonomic}
    uintx NonProfiledCodeHeapSize                  = 0                                      {pd product} {ergonomic}
     bool ProfileInterpreter                       = false                                  {pd product} {command line}
    uintx ProfiledCodeHeapSize                     = 0                                      {pd product} {ergonomic}
     bool ShowCodeDetailsInExceptionMessages       = true                                   {manageable} {command line}
   size_t SoftMaxHeapSize                          = 4171235328                             {manageable} {ergonomic}
     intx TieredStopAtLevel                        = 1                                         {product} {command line}
     bool UseCompressedClassPointers               = true                           {product lp64_product} {ergonomic}
     bool UseCompressedOops                        = true                           {product lp64_product} {ergonomic}
     bool UseG1GC                                  = true                                      {product} {ergonomic}

Logging:
Log output configuration:
 #0: stdout all=warning uptime,level,tags
 #1: stderr all=off uptime,level,tags

Environment Variables:
PATH=/home/juanb/.poetry/bin:/home/juanb/.local/bin:/usr/local/sbin:/usr/local/bin:/usr/sbin:/usr/bin:/sbin:/bin:/usr/games:/usr/local/games:/snap/bin
SHELL=/bin/bash
DISPLAY=:0
LANG=en_US.UTF-8

Signal Handlers:
   SIGSEGV: crash_handler in libjvm.so, mask=11100100010111111101111111111110, flags=SA_RESTART|SA_SIGINFO
    SIGBUS: crash_handler in libjvm.so, mask=11100100010111111101111111111110, flags=SA_RESTART|SA_SIGINFO
    SIGFPE: crash_handler in libjvm.so, mask=11100100010111111101111111111110, flags=SA_RESTART|SA_SIGINFO
   SIGPIPE: javaSignalHandler in libjvm.so, mask=11100100010111111101111111111110, flags=SA_RESTART|SA_SIGINFO
   SIGXFSZ: javaSignalHandler in libjvm.so, mask=11100100010111111101111111111110, flags=SA_RESTART|SA_SIGINFO
    SIGILL: crash_handler in libjvm.so, mask=11100100010111111101111111111110, flags=SA_RESTART|SA_SIGINFO
   SIGUSR2: SR_handler in libjvm.so, mask=00100000000000000000000000000000, flags=SA_RESTART|SA_SIGINFO
    SIGHUP: UserHandler in libjvm.so, mask=11100100010111111101111111111110, flags=SA_RESTART|SA_SIGINFO
    SIGINT: UserHandler in libjvm.so, mask=11100100010111111101111111111110, flags=SA_RESTART|SA_SIGINFO
   SIGTERM: UserHandler in libjvm.so, mask=11100100010111111101111111111110, flags=SA_RESTART|SA_SIGINFO
   SIGQUIT: UserHandler in libjvm.so, mask=11100100010111111101111111111110, flags=SA_RESTART|SA_SIGINFO
   SIGTRAP: crash_handler in libjvm.so, mask=11100100010111111101111111111110, flags=SA_RESTART|SA_SIGINFO


---------------  S Y S T E M  ---------------

OS:
DISTRIB_ID=LinuxMint
DISTRIB_RELEASE=20.3
DISTRIB_CODENAME=una
DISTRIB_DESCRIPTION="Linux Mint 20.3 Una"
uname: Linux 5.4.0-122-generic #138-Ubuntu SMP Wed Jun 22 15:00:31 UTC 2022 x86_64
OS uptime: 3 days 16:52 hours
libc: glibc 2.31 NPTL 2.31 
rlimit (soft/hard): STACK 8192k/infinity , CORE 0k/infinity , NPROC 63249/63249 , NOFILE 1048576/1048576 , AS infinity/infinity , CPU infinity/infinity , DATA infinity/infinity , FSIZE infinity/infinity , MEMLOCK 65536k/65536k
load average: 1,70 1,85 2,13

/proc/meminfo:
MemTotal:       16287196 kB
MemFree:         1143884 kB
MemAvailable:    2333652 kB
Buffers:          220412 kB
Cached:          1778132 kB
SwapCached:        20812 kB
Active:         12321428 kB
Inactive:        2083860 kB
Active(anon):   11667628 kB
Inactive(anon):  1373572 kB
Active(file):     653800 kB
Inactive(file):   710288 kB
Unevictable:      104648 kB
Mlocked:             416 kB
SwapTotal:        711380 kB
SwapFree:            224 kB
Dirty:               704 kB
Writeback:             0 kB
AnonPages:      12490744 kB
Mapped:           607520 kB
Shmem:            645960 kB
KReclaimable:     164612 kB
Slab:             417780 kB
SReclaimable:     164612 kB
SUnreclaim:       253168 kB
KernelStack:       34768 kB
PageTables:        92648 kB
NFS_Unstable:          0 kB
Bounce:                0 kB
WritebackTmp:          0 kB
CommitLimit:     8854976 kB
Committed_AS:   25845176 kB
VmallocTotal:   34359738367 kB
VmallocUsed:       54960 kB
VmallocChunk:          0 kB
Percpu:             8896 kB
HardwareCorrupted:     0 kB
AnonHugePages:         0 kB
ShmemHugePages:        0 kB
ShmemPmdMapped:        0 kB
FileHugePages:         0 kB
FilePmdMapped:         0 kB
CmaTotal:              0 kB
CmaFree:               0 kB
HugePages_Total:       0
HugePages_Free:        0
HugePages_Rsvd:        0
HugePages_Surp:        0
Hugepagesize:       2048 kB
Hugetlb:               0 kB
DirectMap4k:      654856 kB
DirectMap2M:    16017408 kB
DirectMap1G:           0 kB

/sys/kernel/mm/transparent_hugepage/enabled: always [madvise] never
/sys/kernel/mm/transparent_hugepage/defrag (defrag/compaction efforts parameter): always defer defer+madvise [madvise] never

Process Memory:
Virtual Size: 7972688K (peak: 7972688K)
Resident Set Size: 95920K (peak: 95920K) (anon: 65808K, file: 30112K, shmem: 0K)
Swapped out: 0K
C-Heap outstanding allocations: 13573K

/proc/sys/kernel/threads-max (system-wide limit on the number of threads): 126499
/proc/sys/vm/max_map_count (maximum number of memory map areas a process may have): 65530
/proc/sys/kernel/pid_max (system-wide limit on number of process identifiers): 4194304

container (cgroup) information:
container_type: cgroupv1
cpu_cpuset_cpus: 0-7
cpu_memory_nodes: 0
active_processor_count: 8
cpu_quota: no quota
cpu_period: 100000
cpu_shares: no shares
memory_limit_in_bytes: unlimited
memory_and_swap_limit_in_bytes: not supported
memory_soft_limit_in_bytes: unlimited
memory_usage_in_bytes: 12554305536
memory_max_usage_in_bytes: 14194376704

Steal ticks since vm start: 0
Steal ticks percentage since vm start:  0,000

CPU: total 8 (initial active 8) (4 cores per cpu, 2 threads per core) family 6 model 142 stepping 10 microcode 0xf0, cx8, cmov, fxsr, ht, mmx, 3dnowpref, sse, sse2, sse3, ssse3, sse4.1, sse4.2, popcnt, lzcnt, tsc, tscinvbit, avx, avx2, aes, erms, clmul, bmi1, bmi2, adx, fma, vzeroupper, clflush, clflushopt
CPU Model and flags from /proc/cpuinfo:
model name	: Intel(R) Core(TM) i5-8250U CPU @ 1.60GHz
flags		: fpu vme de pse tsc msr pae mce cx8 apic sep mtrr pge mca cmov pat pse36 clflush dts acpi mmx fxsr sse sse2 ss ht tm pbe syscall nx pdpe1gb rdtscp lm constant_tsc art arch_perfmon pebs bts rep_good nopl xtopology nonstop_tsc cpuid aperfmperf pni pclmulqdq dtes64 monitor ds_cpl vmx est tm2 ssse3 sdbg fma cx16 xtpr pdcm pcid sse4_1 sse4_2 x2apic movbe popcnt tsc_deadline_timer aes xsave avx f16c rdrand lahf_lm abm 3dnowprefetch cpuid_fault epb invpcid_single pti ssbd ibrs ibpb stibp tpr_shadow vnmi flexpriority ept vpid ept_ad fsgsbase tsc_adjust bmi1 avx2 smep bmi2 erms invpcid mpx rdseed adx smap clflushopt intel_pt xsaveopt xsavec xgetbv1 xsaves dtherm ida arat pln pts hwp hwp_notify hwp_act_window hwp_epp md_clear flush_l1d arch_capabilities

Online cpus: 0-7
Offline cpus: 
BIOS frequency limitation: <Not Available>
Frequency switch latency (ns): 0
Available cpu frequencies: <Not Available>
Current governor: powersave
Core performance/turbo boost: <Not Available>

Memory: 4k page, physical 16287196k(1143884k free), swap 711380k(224k free)
Page Sizes: 4k

vm_info: OpenJDK 64-Bit Server VM (17.0.1+12) for linux-amd64 JRE (17.0.1+12), built on Oct 20 2021 12:00:24 by "" with gcc 7.5.0

END.
